[2022-06-21 17:33:56.129] [main] [INFO ] com.sunova.psinfo.PsInfoApplication - Starting PsInfoApplication on XN-DT-05-10 with PID 16312 (D:\IdeaProject\com-sunova-pssyn\target\classes started by 050217 in D:\IdeaProject\com-sunova-pssyn)
[2022-06-21 17:33:56.133] [main] [INFO ] com.sunova.psinfo.PsInfoApplication - No active profile set, falling back to default profiles: default
[2022-06-21 17:33:56.870] [main] [INFO ] o.s.d.r.config.RepositoryConfigurationDelegate - Bootstrapping Spring Data repositories in DEFAULT mode.
[2022-06-21 17:33:56.881] [main] [INFO ] o.s.d.r.config.RepositoryConfigurationDelegate - Finished Spring Data repository scanning in 8ms. Found 0 repository interfaces.
[2022-06-21 17:33:57.159] [main] [INFO ] o.s.c.s.PostProcessorRegistrationDelegate$BeanPostProcessorChecker - Bean 'org.springframework.transaction.annotation.ProxyTransactionManagementConfiguration' of type [org.springframework.transaction.annotation.ProxyTransactionManagementConfiguration$$EnhancerBySpringCGLIB$$1a0462b1] is not eligible for getting processed by all BeanPostProcessors (for example: not eligible for auto-proxying)
[2022-06-21 17:33:57.370] [main] [INFO ] o.s.boot.web.embedded.tomcat.TomcatWebServer - Tomcat initialized with port(s): 8888 (http)
[2022-06-21 17:33:57.388] [main] [INFO ] org.apache.catalina.core.StandardService - Starting service [Tomcat]
[2022-06-21 17:33:57.388] [main] [INFO ] org.apache.catalina.core.StandardEngine - Starting Servlet engine: [Apache Tomcat/9.0.17]
[2022-06-21 17:33:57.457] [main] [INFO ] o.a.c.core.ContainerBase.[Tomcat].[localhost].[/] - Initializing Spring embedded WebApplicationContext
[2022-06-21 17:33:57.457] [main] [DEBUG] org.springframework.web.context.ContextLoader - Published root WebApplicationContext as ServletContext attribute with name [org.springframework.web.context.WebApplicationContext.ROOT]
[2022-06-21 17:33:57.457] [main] [INFO ] org.springframework.web.context.ContextLoader - Root WebApplicationContext: initialization completed in 1276 ms
[2022-06-21 17:33:57.761] [main] [DEBUG] o.s.b.web.servlet.ServletContextInitializerBeans - Mapping filters: filterRegistrationBean urls=[/*], filterRegistrationBean urls=[/*], characterEncodingFilter urls=[/*], hiddenHttpMethodFilter urls=[/*], formContentFilter urls=[/*], requestContextFilter urls=[/*], httpTraceFilter urls=[/*]
[2022-06-21 17:33:57.761] [main] [DEBUG] o.s.b.web.servlet.ServletContextInitializerBeans - Mapping servlets: statViewServlet urls=[/druid/*], dispatcherServlet urls=[/]
[2022-06-21 17:33:57.937] [main] [INFO ] com.sunova.psinfo.conponment.SpringTaskJob - ******更新微信通讯录密钥定时任务开始执行******
[2022-06-21 17:33:58.544] [main] [INFO ] com.alibaba.druid.pool.DruidDataSource - {dataSource-1} inited
[2022-06-21 17:33:58.673] [main] [DEBUG] c.s.psinfo.mapper.AuthorityMapper.updateAuthority - ==>  Preparing: update appAuthority set accesskey=? where application=?
[2022-06-21 17:33:58.683] [main] [DEBUG] c.s.psinfo.mapper.AuthorityMapper.updateAuthority - ==> Parameters: 8BZvJkQ58lq90YVxxLbdNz9TPKgB8w9kPAeETnjHAzIiPaNm4oBkCUxM_RY4enF93rbmTexaCbC2sbLNAUONvFGyFZWxQ71p2xQWYK2oa-lwTV0mP-8AYRkSHAa0nTyv_gbkxfPvEgab3Qe1EBtYVkp9-VCvBdlHFxxZdB25eqcAwIXhn0V1_6BVra9vrZ9vauaigzuTb8G4sludS2glww(String), Contacts_wc(String)
[2022-06-21 17:33:58.710] [main] [DEBUG] c.s.psinfo.mapper.AuthorityMapper.updateAuthority - <==    Updates: 1
[2022-06-21 17:33:58.711] [main] [INFO ] com.sunova.psinfo.conponment.SpringTaskJob - ******更新微信通讯录密钥成功******
[2022-06-21 17:33:58.711] [main] [INFO ] com.sunova.psinfo.conponment.SpringTaskJob - ******更新钉钉通讯录密钥定时任务开始执行******
[2022-06-21 17:33:58.978] [main] [DEBUG] c.s.psinfo.mapper.AuthorityMapper.updateAuthority - ==>  Preparing: update appAuthority set accesskey=? where application=?
[2022-06-21 17:33:58.978] [main] [DEBUG] c.s.psinfo.mapper.AuthorityMapper.updateAuthority - ==> Parameters: 80c21f62dc0039c48c5a7e988d50391c(String), Contacts_dd(String)
[2022-06-21 17:33:58.981] [main] [DEBUG] c.s.psinfo.mapper.AuthorityMapper.updateAuthority - <==    Updates: 1
[2022-06-21 17:33:58.981] [main] [INFO ] com.sunova.psinfo.conponment.SpringTaskJob - ******更新钉钉通讯录密钥成功******
[2022-06-21 17:33:59.172] [main] [DEBUG] c.s.psinfo.mapper.AuthorityMapper.updateAuthority - ==>  Preparing: update appAuthority set accesskey=? where application=?
[2022-06-21 17:33:59.172] [main] [DEBUG] c.s.psinfo.mapper.AuthorityMapper.updateAuthority - ==> Parameters: c5092433db353c679c00afdcef8e6f4b(String), Contacts_dd(String)
[2022-06-21 17:33:59.175] [main] [DEBUG] c.s.psinfo.mapper.AuthorityMapper.updateAuthority - <==    Updates: 1
[2022-06-21 17:33:59.175] [main] [INFO ] com.sunova.psinfo.conponment.SpringTaskJob - ******更新钉钉域控密钥成功******
[2022-06-21 17:33:59.233] [main] [DEBUG] o.s.web.servlet.handler.SimpleUrlHandlerMapping - Patterns [/**/favicon.ico] in 'faviconHandlerMapping'
[2022-06-21 17:33:59.337] [main] [INFO ] o.s.scheduling.concurrent.ThreadPoolTaskExecutor - Initializing ExecutorService 'applicationTaskExecutor'
[2022-06-21 17:33:59.343] [main] [DEBUG] o.s.w.s.m.m.a.RequestMappingHandlerAdapter - ControllerAdvice beans: 0 @ModelAttribute, 0 @InitBinder, 1 RequestBodyAdvice, 1 ResponseBodyAdvice
[2022-06-21 17:33:59.373] [main] [DEBUG] o.s.w.s.m.m.a.RequestMappingHandlerMapping - 8 mappings in 'requestMappingHandlerMapping'
[2022-06-21 17:33:59.380] [main] [DEBUG] o.s.web.servlet.handler.SimpleUrlHandlerMapping - Patterns [/webjars/**, /**] in 'resourceHandlerMapping'
[2022-06-21 17:33:59.385] [main] [DEBUG] o.s.w.s.m.m.a.ExceptionHandlerExceptionResolver - ControllerAdvice beans: 0 @ExceptionHandler, 1 ResponseBodyAdvice
[2022-06-21 17:33:59.570] [main] [INFO ] o.s.scheduling.concurrent.ThreadPoolTaskScheduler - Initializing ExecutorService 'taskScheduler'
[2022-06-21 17:33:59.589] [main] [INFO ] o.s.b.actuate.endpoint.web.EndpointLinksResolver - Exposing 1 endpoint(s) beneath base path '/actuator'
[2022-06-21 17:33:59.644] [main] [INFO ] o.s.boot.web.embedded.tomcat.TomcatWebServer - Tomcat started on port(s): 8888 (http) with context path ''
[2022-06-21 17:33:59.646] [main] [INFO ] com.sunova.psinfo.PsInfoApplication - Started PsInfoApplication in 4.052 seconds (JVM running for 6.233)
[2022-06-21 17:33:59.892] [RMI TCP Connection(2)-172.21.3.34] [INFO ] o.a.c.core.ContainerBase.[Tomcat].[localhost].[/] - Initializing Spring DispatcherServlet 'dispatcherServlet'
[2022-06-21 17:33:59.893] [RMI TCP Connection(2)-172.21.3.34] [INFO ] org.springframework.web.servlet.DispatcherServlet - Initializing Servlet 'dispatcherServlet'
[2022-06-21 17:33:59.893] [RMI TCP Connection(2)-172.21.3.34] [DEBUG] org.springframework.web.servlet.DispatcherServlet - Detected StandardServletMultipartResolver
[2022-06-21 17:33:59.900] [RMI TCP Connection(2)-172.21.3.34] [DEBUG] org.springframework.web.servlet.DispatcherServlet - enableLoggingRequestDetails='false': request parameters and headers will be masked to prevent unsafe logging of potentially sensitive data
[2022-06-21 17:33:59.900] [RMI TCP Connection(2)-172.21.3.34] [INFO ] org.springframework.web.servlet.DispatcherServlet - Completed initialization in 7 ms
[2022-06-21 17:34:10.778] [http-nio-8888-exec-1] [DEBUG] org.springframework.web.servlet.DispatcherServlet - POST "/dingTalkCallBack?signature=2d5aeea9a47e490e0db12ec7d7be01838355a6de&msg_signature=2d5aeea9a47e490e0db12ec7d7be01838355a6de&timestamp=1655804052042&nonce=G99GXmhp", parameters={masked}
[2022-06-21 17:34:10.781] [http-nio-8888-exec-1] [DEBUG] o.s.w.s.m.m.a.RequestMappingHandlerMapping - Mapped to public java.util.Map<java.lang.String, java.lang.String> com.sunova.psinfo.controller.MessageNotifController.dingTalkCallBack(java.lang.String,java.lang.String,java.lang.String,com.alibaba.fastjson.JSONObject)
[2022-06-21 17:34:10.805] [http-nio-8888-exec-1] [DEBUG] o.s.w.s.m.m.a.RequestResponseBodyMethodProcessor - Read "application/json;charset=UTF-8" to [{"encrypt":"3ihi2IfSFYbBR+5rSGO1DGFPeINcPvYoJ4SV9AsDOxOtA3WxD4uPZmq+0wuZMrT86DysAB0jgvxG2WhEY073OPYL (truncated)...]
[2022-06-21 17:34:10.829] [http-nio-8888-exec-1] [DEBUG] c.s.p.mapper.AttendenceMapper.insertAttendenceInfo - ==>  Preparing: insert into attendance value(?,?,?,?,?,?,?,?,?,?,?)
[2022-06-21 17:34:10.830] [http-nio-8888-exec-1] [DEBUG] c.s.p.mapper.AttendenceMapper.insertAttendenceInfo - ==> Parameters: 16487194255046964(String), 江苏星诺医药科技有限公司_质检楼门厅(String), null, null, 1655804050000(String), dinga48ca462f414da8ef2c783f7214b6d69(String), 6874DF7CFF3BF6C1D540CA54491E1A4C(String), 8D518705D1369DF3F4CCE87132559108(String), ATM(String), 0601EFW214801N015621(String), Normal(String)
[2022-06-21 17:34:10.857] [http-nio-8888-exec-1] [DEBUG] c.s.p.mapper.AttendenceMapper.insertAttendenceInfo - <==    Updates: 1
[2022-06-21 17:34:10.862] [http-nio-8888-exec-1] [DEBUG] o.s.w.s.m.m.a.RequestResponseBodyMethodProcessor - Using 'application/json', given [*/*] and supported [application/json, application/*+json, application/json, application/*+json]
[2022-06-21 17:34:10.862] [http-nio-8888-exec-1] [DEBUG] o.s.w.s.m.m.a.RequestResponseBodyMethodProcessor - Writing [{timeStamp=1655804050858, msg_signature=cb4575a9d5b629539db3c9244304ec1fd6ece4cb, encrypt=hiO14ESh75 (truncated)...]
[2022-06-21 17:34:10.867] [http-nio-8888-exec-1] [DEBUG] org.springframework.web.servlet.DispatcherServlet - Completed 200 OK
[2022-06-21 17:34:10.872] [http-nio-8888-exec-2] [DEBUG] org.springframework.web.servlet.DispatcherServlet - POST "/dingTalkCallBack?signature=ffad7d905ed29ed902a2d7d8d3bab6837a5c8d35&msg_signature=ffad7d905ed29ed902a2d7d8d3bab6837a5c8d35&timestamp=1655804052186&nonce=YBOgIQZx", parameters={masked}
[2022-06-21 17:34:10.873] [http-nio-8888-exec-2] [DEBUG] o.s.w.s.m.m.a.RequestMappingHandlerMapping - Mapped to public java.util.Map<java.lang.String, java.lang.String> com.sunova.psinfo.controller.MessageNotifController.dingTalkCallBack(java.lang.String,java.lang.String,java.lang.String,com.alibaba.fastjson.JSONObject)
[2022-06-21 17:34:10.873] [http-nio-8888-exec-2] [DEBUG] o.s.w.s.m.m.a.RequestResponseBodyMethodProcessor - Read "application/json;charset=UTF-8" to [{"encrypt":"vLUFAfgyaocx9qZiihg3IK5JnS8uMfgeQkheE84sjZ8rX8eBAlXaAZwwPd/rBsvD7J4Que1MkkoK+ZDt2fKxwq2q (truncated)...]
[2022-06-21 17:34:10.875] [http-nio-8888-exec-2] [DEBUG] c.s.p.mapper.AttendenceMapper.insertAttendenceInfo - ==>  Preparing: insert into attendance value(?,?,?,?,?,?,?,?,?,?,?)
[2022-06-21 17:34:10.876] [http-nio-8888-exec-2] [DEBUG] c.s.p.mapper.AttendenceMapper.insertAttendenceInfo - ==> Parameters: 011024083405897854(String), 江苏星诺医药科技有限公司_质检楼门厅(String), null, null, 1655804051000(String), dinga48ca462f414da8ef2c783f7214b6d69(String), 6874DF7CFF3BF6C1D540CA54491E1A4C(String), 445C51BE35D63414FC4AD1D346591ED2(String), ATM(String), 0601EFW214801N015621(String), Normal(String)
[2022-06-21 17:34:10.878] [http-nio-8888-exec-2] [DEBUG] c.s.p.mapper.AttendenceMapper.insertAttendenceInfo - <==    Updates: 1
[2022-06-21 17:34:10.879] [http-nio-8888-exec-2] [DEBUG] o.s.w.s.m.m.a.RequestResponseBodyMethodProcessor - Using 'application/json', given [*/*] and supported [application/json, application/*+json, application/json, application/*+json]
[2022-06-21 17:34:10.884] [http-nio-8888-exec-2] [DEBUG] o.s.w.s.m.m.a.RequestResponseBodyMethodProcessor - Writing [{timeStamp=1655804050878, msg_signature=8dffd00a7859c75e8f87e8da538b3f3d888da9ab, encrypt=DkWAWu2VHR (truncated)...]
[2022-06-21 17:34:10.885] [http-nio-8888-exec-2] [DEBUG] org.springframework.web.servlet.DispatcherServlet - Completed 200 OK
[2022-06-21 17:34:12.916] [http-nio-8888-exec-3] [DEBUG] org.springframework.web.servlet.DispatcherServlet - POST "/dingTalkCallBack?signature=bc9cc628958553114a7cbb77f02928e6b310fc4e&msg_signature=bc9cc628958553114a7cbb77f02928e6b310fc4e&timestamp=1655804054222&nonce=8LtF0glT", parameters={masked}
[2022-06-21 17:34:12.916] [http-nio-8888-exec-3] [DEBUG] o.s.w.s.m.m.a.RequestMappingHandlerMapping - Mapped to public java.util.Map<java.lang.String, java.lang.String> com.sunova.psinfo.controller.MessageNotifController.dingTalkCallBack(java.lang.String,java.lang.String,java.lang.String,com.alibaba.fastjson.JSONObject)
[2022-06-21 17:34:12.917] [http-nio-8888-exec-3] [DEBUG] o.s.w.s.m.m.a.RequestResponseBodyMethodProcessor - Read "application/json;charset=UTF-8" to [{"encrypt":"Z4o3b/1u2u2rHBj7jUaj4xwq4/+kqFMzcxn1PyCVKz+ZgR0oEkDsdCqi2XYQPJEvfX9NDbkWvkUEZh7H8TlemOTL (truncated)...]
[2022-06-21 17:34:12.919] [http-nio-8888-exec-3] [DEBUG] c.s.p.mapper.AttendenceMapper.insertAttendenceInfo - ==>  Preparing: insert into attendance value(?,?,?,?,?,?,?,?,?,?,?)
[2022-06-21 17:34:12.920] [http-nio-8888-exec-3] [DEBUG] c.s.p.mapper.AttendenceMapper.insertAttendenceInfo - ==> Parameters: 16487191758158549(String), 江苏星诺医药科技有限公司_质检楼门厅(String), null, null, 1655804053000(String), dinga48ca462f414da8ef2c783f7214b6d69(String), 6874DF7CFF3BF6C1D540CA54491E1A4C(String), 20450E9802D0C1DFA676F41B62553D8A(String), ATM(String), 0601EFW214801N015621(String), Normal(String)
[2022-06-21 17:34:12.922] [http-nio-8888-exec-3] [DEBUG] c.s.p.mapper.AttendenceMapper.insertAttendenceInfo - <==    Updates: 1
[2022-06-21 17:34:12.923] [http-nio-8888-exec-3] [DEBUG] o.s.w.s.m.m.a.RequestResponseBodyMethodProcessor - Using 'application/json', given [*/*] and supported [application/json, application/*+json, application/json, application/*+json]
[2022-06-21 17:34:12.923] [http-nio-8888-exec-3] [DEBUG] o.s.w.s.m.m.a.RequestResponseBodyMethodProcessor - Writing [{timeStamp=1655804052922, msg_signature=77d2dbc06a620b5a9d6542ec2b3f2ad03a9555a9, encrypt=XAxYmOY+cI (truncated)...]
[2022-06-21 17:34:12.923] [http-nio-8888-exec-3] [DEBUG] org.springframework.web.servlet.DispatcherServlet - Completed 200 OK
[2022-06-21 17:34:18.582] [http-nio-8888-exec-4] [DEBUG] org.springframework.web.servlet.DispatcherServlet - POST "/dingTalkCallBack?signature=e822f100ce46ab9f20ef28db41b8a0367415fee1&msg_signature=e822f100ce46ab9f20ef28db41b8a0367415fee1&timestamp=1655804059895&nonce=96TjAjNG", parameters={masked}
[2022-06-21 17:34:18.583] [http-nio-8888-exec-4] [DEBUG] o.s.w.s.m.m.a.RequestMappingHandlerMapping - Mapped to public java.util.Map<java.lang.String, java.lang.String> com.sunova.psinfo.controller.MessageNotifController.dingTalkCallBack(java.lang.String,java.lang.String,java.lang.String,com.alibaba.fastjson.JSONObject)
[2022-06-21 17:34:18.583] [http-nio-8888-exec-4] [DEBUG] o.s.w.s.m.m.a.RequestResponseBodyMethodProcessor - Read "application/json;charset=UTF-8" to [{"encrypt":"uKrSkN1TJZte7MekwzVzHpV+dB4xZSeg3JyqfAAKtCb8tTMPTnWhMMC0tEJHO6SlIMGn9bCV6MiJ3b7EsG8VYgd6 (truncated)...]
[2022-06-21 17:34:18.584] [http-nio-8888-exec-4] [DEBUG] c.s.p.mapper.AttendenceMapper.insertAttendenceInfo - ==>  Preparing: insert into attendance value(?,?,?,?,?,?,?,?,?,?,?)
[2022-06-21 17:34:18.585] [http-nio-8888-exec-4] [DEBUG] c.s.p.mapper.AttendenceMapper.insertAttendenceInfo - ==> Parameters: manager9299(String), 江苏星诺医药科技有限公司_行政楼前台(String), null, null, 1655804057000(String), dinga48ca462f414da8ef2c783f7214b6d69(String), 6874DF7CFF3BF6C1D540CA54491E1A4C(String), B5142085F8B24D47921B55B2F240E97A(String), ATM(String), 0601EFW214801N017863(String), Normal(String)
[2022-06-21 17:34:18.588] [http-nio-8888-exec-4] [DEBUG] c.s.p.mapper.AttendenceMapper.insertAttendenceInfo - <==    Updates: 1
[2022-06-21 17:34:18.588] [http-nio-8888-exec-4] [DEBUG] o.s.w.s.m.m.a.RequestResponseBodyMethodProcessor - Using 'application/json', given [*/*] and supported [application/json, application/*+json, application/json, application/*+json]
[2022-06-21 17:34:18.588] [http-nio-8888-exec-4] [DEBUG] o.s.w.s.m.m.a.RequestResponseBodyMethodProcessor - Writing [{timeStamp=1655804058588, msg_signature=597d73a4f5632e0583660e026cb40f549f4c7bf6, encrypt=YS8TdU1Usd (truncated)...]
[2022-06-21 17:34:18.589] [http-nio-8888-exec-4] [DEBUG] org.springframework.web.servlet.DispatcherServlet - Completed 200 OK
[2022-06-21 17:34:20.451] [http-nio-8888-exec-5] [DEBUG] org.springframework.web.servlet.DispatcherServlet - POST "/dingTalkCallBack?signature=6d442deb66c5c2ae2971c61be810fcb3b8cb097d&msg_signature=6d442deb66c5c2ae2971c61be810fcb3b8cb097d&timestamp=1655804061802&nonce=PLQYHw66", parameters={masked}
[2022-06-21 17:34:20.452] [http-nio-8888-exec-5] [DEBUG] o.s.w.s.m.m.a.RequestMappingHandlerMapping - Mapped to public java.util.Map<java.lang.String, java.lang.String> com.sunova.psinfo.controller.MessageNotifController.dingTalkCallBack(java.lang.String,java.lang.String,java.lang.String,com.alibaba.fastjson.JSONObject)
[2022-06-21 17:34:20.452] [http-nio-8888-exec-5] [DEBUG] o.s.w.s.m.m.a.RequestResponseBodyMethodProcessor - Read "application/json;charset=UTF-8" to [{"encrypt":"cSoPHc1g/1CBD8ZYUFJefg8th3Dqgba07vGnYuvUGnwBMdKNHqai8izFFZdtVCosJI1f5ogUYjBI8/yMH4HEG6ZJ (truncated)...]
[2022-06-21 17:34:20.454] [http-nio-8888-exec-5] [DEBUG] c.s.p.mapper.AttendenceMapper.insertAttendenceInfo - ==>  Preparing: insert into attendance value(?,?,?,?,?,?,?,?,?,?,?)
[2022-06-21 17:34:20.454] [http-nio-8888-exec-5] [DEBUG] c.s.p.mapper.AttendenceMapper.insertAttendenceInfo - ==> Parameters: 01083030211095925(String), 江苏星诺医药科技有限公司_行政楼前台(String), null, null, 1655804060000(String), dinga48ca462f414da8ef2c783f7214b6d69(String), 6874DF7CFF3BF6C1D540CA54491E1A4C(String), F51BCC5E7957CF3E8233BF16CF967AE9(String), ATM(String), 0601EFW214801N017863(String), Normal(String)
[2022-06-21 17:34:20.464] [http-nio-8888-exec-5] [DEBUG] c.s.p.mapper.AttendenceMapper.insertAttendenceInfo - <==    Updates: 1
[2022-06-21 17:34:20.464] [http-nio-8888-exec-5] [DEBUG] o.s.w.s.m.m.a.RequestResponseBodyMethodProcessor - Using 'application/json', given [*/*] and supported [application/json, application/*+json, application/json, application/*+json]
[2022-06-21 17:34:20.465] [http-nio-8888-exec-5] [DEBUG] o.s.w.s.m.m.a.RequestResponseBodyMethodProcessor - Writing [{timeStamp=1655804060464, msg_signature=ba70913fae8d3c1f24bf16270e008fb7af8f175a, encrypt=BxeegjRa7S (truncated)...]
[2022-06-21 17:34:20.465] [http-nio-8888-exec-5] [DEBUG] org.springframework.web.servlet.DispatcherServlet - Completed 200 OK
[2022-06-21 17:34:25.760] [http-nio-8888-exec-6] [DEBUG] org.springframework.web.servlet.DispatcherServlet - POST "/dingTalkCallBack?signature=d7b76882f1933a980871553abe2b64d5951ad91d&msg_signature=d7b76882f1933a980871553abe2b64d5951ad91d&timestamp=1655804067071&nonce=OuNmExPq", parameters={masked}
[2022-06-21 17:34:25.761] [http-nio-8888-exec-6] [DEBUG] o.s.w.s.m.m.a.RequestMappingHandlerMapping - Mapped to public java.util.Map<java.lang.String, java.lang.String> com.sunova.psinfo.controller.MessageNotifController.dingTalkCallBack(java.lang.String,java.lang.String,java.lang.String,com.alibaba.fastjson.JSONObject)
[2022-06-21 17:34:25.763] [http-nio-8888-exec-6] [DEBUG] o.s.w.s.m.m.a.RequestResponseBodyMethodProcessor - Read "application/json;charset=UTF-8" to [{"encrypt":"ZDKpioa2yUtolpIzi+Drakkq21KRdaoD1RvC955uRvCir0aoGlYWsFfUaiL/SBSoGfi5jOXDVcGYIVw5ZaDU4m26 (truncated)...]
[2022-06-21 17:34:25.764] [http-nio-8888-exec-6] [DEBUG] c.s.p.mapper.AttendenceMapper.insertAttendenceInfo - ==>  Preparing: insert into attendance value(?,?,?,?,?,?,?,?,?,?,?)
[2022-06-21 17:34:25.764] [http-nio-8888-exec-6] [DEBUG] c.s.p.mapper.AttendenceMapper.insertAttendenceInfo - ==> Parameters: 16443054799398169(String), 江苏星诺医药科技有限公司_行政楼前台(String), null, null, 1655804065000(String), dinga48ca462f414da8ef2c783f7214b6d69(String), 6874DF7CFF3BF6C1D540CA54491E1A4C(String), 296439F928B6F5BE35138FFCA4509504(String), ATM(String), 0601EFW214801N017863(String), Normal(String)
[2022-06-21 17:34:25.774] [http-nio-8888-exec-6] [DEBUG] c.s.p.mapper.AttendenceMapper.insertAttendenceInfo - <==    Updates: 1
[2022-06-21 17:34:25.775] [http-nio-8888-exec-6] [DEBUG] o.s.w.s.m.m.a.RequestResponseBodyMethodProcessor - Using 'application/json', given [*/*] and supported [application/json, application/*+json, application/json, application/*+json]
[2022-06-21 17:34:25.775] [http-nio-8888-exec-6] [DEBUG] o.s.w.s.m.m.a.RequestResponseBodyMethodProcessor - Writing [{timeStamp=1655804065774, msg_signature=bed4c4055672dbaab5fc1f4f01091443b9590644, encrypt=qwlFfxC83A (truncated)...]
[2022-06-21 17:34:25.779] [http-nio-8888-exec-6] [DEBUG] org.springframework.web.servlet.DispatcherServlet - Completed 200 OK
[2022-06-21 17:34:29.155] [http-nio-8888-exec-7] [DEBUG] org.springframework.web.servlet.DispatcherServlet - POST "/dingTalkCallBack?signature=e6736a7d747ccd5b2ffeecf80adc1b1bcab28c98&msg_signature=e6736a7d747ccd5b2ffeecf80adc1b1bcab28c98&timestamp=1655804070463&nonce=kLL4HVDt", parameters={masked}
[2022-06-21 17:34:29.155] [http-nio-8888-exec-7] [DEBUG] o.s.w.s.m.m.a.RequestMappingHandlerMapping - Mapped to public java.util.Map<java.lang.String, java.lang.String> com.sunova.psinfo.controller.MessageNotifController.dingTalkCallBack(java.lang.String,java.lang.String,java.lang.String,com.alibaba.fastjson.JSONObject)
[2022-06-21 17:34:29.155] [http-nio-8888-exec-7] [DEBUG] o.s.w.s.m.m.a.RequestResponseBodyMethodProcessor - Read "application/json;charset=UTF-8" to [{"encrypt":"+JEurcaOVxrgNbUf+GBey2FBOuk30ZT59FbIypTobK2gFYH03nfWaP5RJrYizQmhDV6yZ+BmJ5vLGb27xj1PtV+m (truncated)...]
[2022-06-21 17:34:29.156] [http-nio-8888-exec-7] [DEBUG] c.s.p.mapper.AttendenceMapper.insertAttendenceInfo - ==>  Preparing: insert into attendance value(?,?,?,?,?,?,?,?,?,?,?)
[2022-06-21 17:34:29.157] [http-nio-8888-exec-7] [DEBUG] c.s.p.mapper.AttendenceMapper.insertAttendenceInfo - ==> Parameters: 16250230081045006(String), 江苏星诺医药科技有限公司_行政楼前台(String), null, null, 1655804068000(String), dinga48ca462f414da8ef2c783f7214b6d69(String), 6874DF7CFF3BF6C1D540CA54491E1A4C(String), DCFBCE56B14DD50B2B7D4B8FDFD6AB49(String), ATM(String), 0601EFW214801N017863(String), Normal(String)
[2022-06-21 17:34:29.159] [http-nio-8888-exec-7] [DEBUG] c.s.p.mapper.AttendenceMapper.insertAttendenceInfo - <==    Updates: 1
[2022-06-21 17:34:29.160] [http-nio-8888-exec-7] [DEBUG] o.s.w.s.m.m.a.RequestResponseBodyMethodProcessor - Using 'application/json', given [*/*] and supported [application/json, application/*+json, application/json, application/*+json]
[2022-06-21 17:34:29.168] [http-nio-8888-exec-7] [DEBUG] o.s.w.s.m.m.a.RequestResponseBodyMethodProcessor - Writing [{timeStamp=1655804069160, msg_signature=f8f191d6d576ce0cac84a3c2ea4d49b404750d45, encrypt=DfNG0tVUra (truncated)...]
[2022-06-21 17:34:29.169] [http-nio-8888-exec-7] [DEBUG] org.springframework.web.servlet.DispatcherServlet - Completed 200 OK
[2022-06-21 17:34:29.342] [http-nio-8888-exec-8] [DEBUG] org.springframework.web.servlet.DispatcherServlet - POST "/dingTalkCallBack?signature=c928ad9ecd74c47d85732397ab7f90c408ec62b8&msg_signature=c928ad9ecd74c47d85732397ab7f90c408ec62b8&timestamp=1655804070654&nonce=piYU7QvP", parameters={masked}
[2022-06-21 17:34:29.342] [http-nio-8888-exec-8] [DEBUG] o.s.w.s.m.m.a.RequestMappingHandlerMapping - Mapped to public java.util.Map<java.lang.String, java.lang.String> com.sunova.psinfo.controller.MessageNotifController.dingTalkCallBack(java.lang.String,java.lang.String,java.lang.String,com.alibaba.fastjson.JSONObject)
[2022-06-21 17:34:29.343] [http-nio-8888-exec-8] [DEBUG] o.s.w.s.m.m.a.RequestResponseBodyMethodProcessor - Read "application/json;charset=UTF-8" to [{"encrypt":"bjFTFi71rPmYK+rBFJKgGInJOT5fQ4sDBFaL9VKwIqE9dfttzdOPY8H0amhuSmx4K+tW+zhWTm9JwIqwYNUs9UJY (truncated)...]
[2022-06-21 17:34:29.344] [http-nio-8888-exec-8] [DEBUG] c.s.p.mapper.AttendenceMapper.insertAttendenceInfo - ==>  Preparing: insert into attendance value(?,?,?,?,?,?,?,?,?,?,?)
[2022-06-21 17:34:29.346] [http-nio-8888-exec-8] [DEBUG] c.s.p.mapper.AttendenceMapper.insertAttendenceInfo - ==> Parameters: 1510246909842694(String), 江苏星诺医药科技有限公司_行政楼前台(String), null, null, 1655804068000(String), dinga48ca462f414da8ef2c783f7214b6d69(String), 6874DF7CFF3BF6C1D540CA54491E1A4C(String), DF66BD47E533D7789501020F99D6E9E0(String), ATM(String), 0601EFW214801N017863(String), Normal(String)
[2022-06-21 17:34:29.349] [http-nio-8888-exec-8] [DEBUG] c.s.p.mapper.AttendenceMapper.insertAttendenceInfo - <==    Updates: 1
[2022-06-21 17:34:29.350] [http-nio-8888-exec-8] [DEBUG] o.s.w.s.m.m.a.RequestResponseBodyMethodProcessor - Using 'application/json', given [*/*] and supported [application/json, application/*+json, application/json, application/*+json]
[2022-06-21 17:34:29.356] [http-nio-8888-exec-8] [DEBUG] o.s.w.s.m.m.a.RequestResponseBodyMethodProcessor - Writing [{timeStamp=1655804069350, msg_signature=48969029e9b3ed9c0d4142767e16032df182d994, encrypt=3RHZL57cMt (truncated)...]
[2022-06-21 17:34:29.357] [http-nio-8888-exec-8] [DEBUG] org.springframework.web.servlet.DispatcherServlet - Completed 200 OK
[2022-06-21 17:34:31.137] [http-nio-8888-exec-9] [DEBUG] org.springframework.web.servlet.DispatcherServlet - POST "/dingTalkCallBack?signature=4ea0766d5461ef1af64ce7fb0248e1f829122004&msg_signature=4ea0766d5461ef1af64ce7fb0248e1f829122004&timestamp=1655804072453&nonce=Zc7LVaiR", parameters={masked}
[2022-06-21 17:34:31.137] [http-nio-8888-exec-9] [DEBUG] o.s.w.s.m.m.a.RequestMappingHandlerMapping - Mapped to public java.util.Map<java.lang.String, java.lang.String> com.sunova.psinfo.controller.MessageNotifController.dingTalkCallBack(java.lang.String,java.lang.String,java.lang.String,com.alibaba.fastjson.JSONObject)
[2022-06-21 17:34:31.138] [http-nio-8888-exec-9] [DEBUG] o.s.w.s.m.m.a.RequestResponseBodyMethodProcessor - Read "application/json;charset=UTF-8" to [{"encrypt":"i1iZSkeBeoTyzMS1mSXKmxyemEtiWejdAkwSlpL3nCL3kQiGH/Hd5KTRoY9JKlw1SVF6JRG9L4ygXSu5SvD1+5v8 (truncated)...]
[2022-06-21 17:34:31.139] [http-nio-8888-exec-9] [DEBUG] c.s.p.mapper.AttendenceMapper.insertAttendenceInfo - ==>  Preparing: insert into attendance value(?,?,?,?,?,?,?,?,?,?,?)
[2022-06-21 17:34:31.139] [http-nio-8888-exec-9] [DEBUG] c.s.p.mapper.AttendenceMapper.insertAttendenceInfo - ==> Parameters: 16345236838042447(String), 江苏星诺医药科技有限公司_行政楼前台(String), null, null, 1655804070000(String), dinga48ca462f414da8ef2c783f7214b6d69(String), 6874DF7CFF3BF6C1D540CA54491E1A4C(String), B047F5615FCFEA3C87D5ECAA505EB256(String), ATM(String), 0601EFW214801N017863(String), Normal(String)
[2022-06-21 17:34:31.142] [http-nio-8888-exec-9] [DEBUG] c.s.p.mapper.AttendenceMapper.insertAttendenceInfo - <==    Updates: 1
[2022-06-21 17:34:31.142] [http-nio-8888-exec-9] [DEBUG] o.s.w.s.m.m.a.RequestResponseBodyMethodProcessor - Using 'application/json', given [*/*] and supported [application/json, application/*+json, application/json, application/*+json]
[2022-06-21 17:34:31.152] [http-nio-8888-exec-9] [DEBUG] o.s.w.s.m.m.a.RequestResponseBodyMethodProcessor - Writing [{timeStamp=1655804071142, msg_signature=f540b67cd368d18644c2ab988f71e9744c311726, encrypt=kjOXKGrLYT (truncated)...]
[2022-06-21 17:34:31.153] [http-nio-8888-exec-9] [DEBUG] org.springframework.web.servlet.DispatcherServlet - Completed 200 OK
[2022-06-21 17:34:33.034] [http-nio-8888-exec-10] [DEBUG] org.springframework.web.servlet.DispatcherServlet - POST "/dingTalkCallBack?signature=ff2fcc527c9a9564a792e0b1b57b0052992a86e1&msg_signature=ff2fcc527c9a9564a792e0b1b57b0052992a86e1&timestamp=1655804074342&nonce=skhazbD6", parameters={masked}
[2022-06-21 17:34:33.034] [http-nio-8888-exec-10] [DEBUG] o.s.w.s.m.m.a.RequestMappingHandlerMapping - Mapped to public java.util.Map<java.lang.String, java.lang.String> com.sunova.psinfo.controller.MessageNotifController.dingTalkCallBack(java.lang.String,java.lang.String,java.lang.String,com.alibaba.fastjson.JSONObject)
[2022-06-21 17:34:33.035] [http-nio-8888-exec-10] [DEBUG] o.s.w.s.m.m.a.RequestResponseBodyMethodProcessor - Read "application/json;charset=UTF-8" to [{"encrypt":"p2MEGA9Zctl6abjY0PPhSXDejQE26GTAmKkPl2zisC46ySctE+8yxZsEqj6Ye8wZCWpNew5tAiFQsOIcBfTCH0qT (truncated)...]
[2022-06-21 17:34:33.035] [http-nio-8888-exec-10] [DEBUG] c.s.p.mapper.AttendenceMapper.insertAttendenceInfo - ==>  Preparing: insert into attendance value(?,?,?,?,?,?,?,?,?,?,?)
[2022-06-21 17:34:33.036] [http-nio-8888-exec-10] [DEBUG] c.s.p.mapper.AttendenceMapper.insertAttendenceInfo - ==> Parameters: 16262489940535642(String), 江苏星诺医药科技有限公司_行政楼前台(String), null, null, 1655804072000(String), dinga48ca462f414da8ef2c783f7214b6d69(String), 6874DF7CFF3BF6C1D540CA54491E1A4C(String), 304BE51CC912A688A273583E24B4C300(String), ATM(String), 0601EFW214801N017863(String), Normal(String)
[2022-06-21 17:34:33.044] [http-nio-8888-exec-10] [DEBUG] c.s.p.mapper.AttendenceMapper.insertAttendenceInfo - <==    Updates: 1
[2022-06-21 17:34:33.044] [http-nio-8888-exec-10] [DEBUG] o.s.w.s.m.m.a.RequestResponseBodyMethodProcessor - Using 'application/json', given [*/*] and supported [application/json, application/*+json, application/json, application/*+json]
[2022-06-21 17:34:33.047] [http-nio-8888-exec-10] [DEBUG] o.s.w.s.m.m.a.RequestResponseBodyMethodProcessor - Writing [{timeStamp=1655804073044, msg_signature=142e87a59d81f0c540462ce1ef3c6b4ec98bb7c3, encrypt=Me2wbz/UsV (truncated)...]
[2022-06-21 17:34:33.047] [http-nio-8888-exec-10] [DEBUG] org.springframework.web.servlet.DispatcherServlet - Completed 200 OK
[2022-06-21 17:35:14.235] [main] [INFO ] com.sunova.psinfo.PsInfoApplication - Starting PsInfoApplication on XN-DT-05-10 with PID 2960 (D:\IdeaProject\com-sunova-pssyn\target\classes started by 050217 in D:\IdeaProject\com-sunova-pssyn)
[2022-06-21 17:35:14.237] [main] [INFO ] com.sunova.psinfo.PsInfoApplication - No active profile set, falling back to default profiles: default
[2022-06-21 17:35:14.971] [main] [INFO ] o.s.d.r.config.RepositoryConfigurationDelegate - Bootstrapping Spring Data repositories in DEFAULT mode.
[2022-06-21 17:35:14.980] [main] [INFO ] o.s.d.r.config.RepositoryConfigurationDelegate - Finished Spring Data repository scanning in 7ms. Found 0 repository interfaces.
[2022-06-21 17:35:15.234] [main] [INFO ] o.s.c.s.PostProcessorRegistrationDelegate$BeanPostProcessorChecker - Bean 'org.springframework.transaction.annotation.ProxyTransactionManagementConfiguration' of type [org.springframework.transaction.annotation.ProxyTransactionManagementConfiguration$$EnhancerBySpringCGLIB$$2f21847d] is not eligible for getting processed by all BeanPostProcessors (for example: not eligible for auto-proxying)
[2022-06-21 17:35:15.417] [main] [INFO ] o.s.boot.web.embedded.tomcat.TomcatWebServer - Tomcat initialized with port(s): 8888 (http)
[2022-06-21 17:35:15.432] [main] [INFO ] org.apache.catalina.core.StandardService - Starting service [Tomcat]
[2022-06-21 17:35:15.433] [main] [INFO ] org.apache.catalina.core.StandardEngine - Starting Servlet engine: [Apache Tomcat/9.0.17]
[2022-06-21 17:35:15.502] [main] [INFO ] o.a.c.core.ContainerBase.[Tomcat].[localhost].[/] - Initializing Spring embedded WebApplicationContext
[2022-06-21 17:35:15.502] [main] [DEBUG] org.springframework.web.context.ContextLoader - Published root WebApplicationContext as ServletContext attribute with name [org.springframework.web.context.WebApplicationContext.ROOT]
[2022-06-21 17:35:15.502] [main] [INFO ] org.springframework.web.context.ContextLoader - Root WebApplicationContext: initialization completed in 1228 ms
[2022-06-21 17:35:15.765] [main] [DEBUG] o.s.b.web.servlet.ServletContextInitializerBeans - Mapping filters: filterRegistrationBean urls=[/*], filterRegistrationBean urls=[/*], characterEncodingFilter urls=[/*], hiddenHttpMethodFilter urls=[/*], formContentFilter urls=[/*], requestContextFilter urls=[/*], httpTraceFilter urls=[/*]
[2022-06-21 17:35:15.766] [main] [DEBUG] o.s.b.web.servlet.ServletContextInitializerBeans - Mapping servlets: statViewServlet urls=[/druid/*], dispatcherServlet urls=[/]
[2022-06-21 17:35:15.904] [main] [INFO ] com.sunova.psinfo.conponment.SpringTaskJob - ******更新微信通讯录密钥定时任务开始执行******
[2022-06-21 17:35:16.430] [main] [INFO ] com.alibaba.druid.pool.DruidDataSource - {dataSource-1} inited
[2022-06-21 17:35:16.511] [main] [DEBUG] c.s.psinfo.mapper.AuthorityMapper.updateAuthority - ==>  Preparing: update appAuthority set accesskey=? where application=?
[2022-06-21 17:35:16.524] [main] [DEBUG] c.s.psinfo.mapper.AuthorityMapper.updateAuthority - ==> Parameters: 8BZvJkQ58lq90YVxxLbdNz9TPKgB8w9kPAeETnjHAzIiPaNm4oBkCUxM_RY4enF93rbmTexaCbC2sbLNAUONvFGyFZWxQ71p2xQWYK2oa-lwTV0mP-8AYRkSHAa0nTyv_gbkxfPvEgab3Qe1EBtYVkp9-VCvBdlHFxxZdB25eqcAwIXhn0V1_6BVra9vrZ9vauaigzuTb8G4sludS2glww(String), Contacts_wc(String)
[2022-06-21 17:35:16.527] [main] [DEBUG] c.s.psinfo.mapper.AuthorityMapper.updateAuthority - <==    Updates: 1
[2022-06-21 17:35:16.528] [main] [INFO ] com.sunova.psinfo.conponment.SpringTaskJob - ******更新微信通讯录密钥成功******
[2022-06-21 17:35:16.528] [main] [INFO ] com.sunova.psinfo.conponment.SpringTaskJob - ******更新钉钉通讯录密钥定时任务开始执行******
[2022-06-21 17:35:16.797] [main] [DEBUG] c.s.psinfo.mapper.AuthorityMapper.updateAuthority - ==>  Preparing: update appAuthority set accesskey=? where application=?
[2022-06-21 17:35:16.797] [main] [DEBUG] c.s.psinfo.mapper.AuthorityMapper.updateAuthority - ==> Parameters: 80c21f62dc0039c48c5a7e988d50391c(String), Contacts_dd(String)
[2022-06-21 17:35:16.801] [main] [DEBUG] c.s.psinfo.mapper.AuthorityMapper.updateAuthority - <==    Updates: 1
[2022-06-21 17:35:16.801] [main] [INFO ] com.sunova.psinfo.conponment.SpringTaskJob - ******更新钉钉通讯录密钥成功******
[2022-06-21 17:35:16.998] [main] [DEBUG] c.s.psinfo.mapper.AuthorityMapper.updateAuthority - ==>  Preparing: update appAuthority set accesskey=? where application=?
[2022-06-21 17:35:16.999] [main] [DEBUG] c.s.psinfo.mapper.AuthorityMapper.updateAuthority - ==> Parameters: c5092433db353c679c00afdcef8e6f4b(String), Contacts_dd(String)
[2022-06-21 17:35:17.003] [main] [DEBUG] c.s.psinfo.mapper.AuthorityMapper.updateAuthority - <==    Updates: 1
[2022-06-21 17:35:17.003] [main] [INFO ] com.sunova.psinfo.conponment.SpringTaskJob - ******更新钉钉域控密钥成功******
[2022-06-21 17:35:17.050] [main] [DEBUG] o.s.web.servlet.handler.SimpleUrlHandlerMapping - Patterns [/**/favicon.ico] in 'faviconHandlerMapping'
[2022-06-21 17:35:17.150] [main] [INFO ] o.s.scheduling.concurrent.ThreadPoolTaskExecutor - Initializing ExecutorService 'applicationTaskExecutor'
[2022-06-21 17:35:17.156] [main] [DEBUG] o.s.w.s.m.m.a.RequestMappingHandlerAdapter - ControllerAdvice beans: 0 @ModelAttribute, 0 @InitBinder, 1 RequestBodyAdvice, 1 ResponseBodyAdvice
[2022-06-21 17:35:17.187] [main] [DEBUG] o.s.w.s.m.m.a.RequestMappingHandlerMapping - 8 mappings in 'requestMappingHandlerMapping'
[2022-06-21 17:35:17.196] [main] [DEBUG] o.s.web.servlet.handler.SimpleUrlHandlerMapping - Patterns [/webjars/**, /**] in 'resourceHandlerMapping'
[2022-06-21 17:35:17.205] [main] [DEBUG] o.s.w.s.m.m.a.ExceptionHandlerExceptionResolver - ControllerAdvice beans: 0 @ExceptionHandler, 1 ResponseBodyAdvice
[2022-06-21 17:35:17.398] [main] [INFO ] o.s.scheduling.concurrent.ThreadPoolTaskScheduler - Initializing ExecutorService 'taskScheduler'
[2022-06-21 17:35:17.422] [main] [INFO ] o.s.b.actuate.endpoint.web.EndpointLinksResolver - Exposing 1 endpoint(s) beneath base path '/actuator'
[2022-06-21 17:35:17.480] [main] [INFO ] o.s.boot.web.embedded.tomcat.TomcatWebServer - Tomcat started on port(s): 8888 (http) with context path ''
[2022-06-21 17:35:17.482] [main] [INFO ] com.sunova.psinfo.PsInfoApplication - Started PsInfoApplication in 3.629 seconds (JVM running for 4.202)
[2022-06-21 17:35:17.691] [RMI TCP Connection(1)-172.21.3.34] [INFO ] o.a.c.core.ContainerBase.[Tomcat].[localhost].[/] - Initializing Spring DispatcherServlet 'dispatcherServlet'
[2022-06-21 17:35:17.691] [RMI TCP Connection(1)-172.21.3.34] [INFO ] org.springframework.web.servlet.DispatcherServlet - Initializing Servlet 'dispatcherServlet'
[2022-06-21 17:35:17.691] [RMI TCP Connection(1)-172.21.3.34] [DEBUG] org.springframework.web.servlet.DispatcherServlet - Detected StandardServletMultipartResolver
[2022-06-21 17:35:17.698] [RMI TCP Connection(1)-172.21.3.34] [DEBUG] org.springframework.web.servlet.DispatcherServlet - enableLoggingRequestDetails='false': request parameters and headers will be masked to prevent unsafe logging of potentially sensitive data
[2022-06-21 17:35:17.698] [RMI TCP Connection(1)-172.21.3.34] [INFO ] org.springframework.web.servlet.DispatcherServlet - Completed initialization in 7 ms
[2022-06-21 17:35:20.557] [http-nio-8888-exec-1] [DEBUG] org.springframework.web.servlet.DispatcherServlet - POST "/dingTalkCallBack?signature=2755342ce832fd5bb9121080f91e296bad728304&msg_signature=2755342ce832fd5bb9121080f91e296bad728304&timestamp=1655804121828&nonce=z6S50vNx", parameters={masked}
[2022-06-21 17:35:20.561] [http-nio-8888-exec-1] [DEBUG] o.s.web.servlet.handler.SimpleUrlHandlerMapping - Mapped to ResourceHttpRequestHandler ["classpath:/META-INF/resources/", "classpath:/resources/", "classpath:/static/", "classpath:/public/", "/"]
[2022-06-21 17:35:20.563] [http-nio-8888-exec-1] [DEBUG] o.s.w.servlet.resource.ResourceHttpRequestHandler - Resource not found
[2022-06-21 17:35:20.563] [http-nio-8888-exec-1] [DEBUG] org.springframework.web.servlet.DispatcherServlet - Completed 404 NOT_FOUND
[2022-06-21 17:35:20.569] [http-nio-8888-exec-1] [DEBUG] org.springframework.web.servlet.DispatcherServlet - "ERROR" dispatch for POST "/error?signature=2755342ce832fd5bb9121080f91e296bad728304&msg_signature=2755342ce832fd5bb9121080f91e296bad728304&timestamp=1655804121828&nonce=z6S50vNx", parameters={masked}
[2022-06-21 17:35:20.571] [http-nio-8888-exec-1] [DEBUG] o.s.w.s.m.m.a.RequestMappingHandlerMapping - Mapped to public org.springframework.http.ResponseEntity<java.util.Map<java.lang.String, java.lang.Object>> org.springframework.boot.autoconfigure.web.servlet.error.BasicErrorController.error(javax.servlet.http.HttpServletRequest)
[2022-06-21 17:35:20.586] [http-nio-8888-exec-1] [DEBUG] o.s.w.s.m.m.annotation.HttpEntityMethodProcessor - Using 'application/json', given [*/*] and supported [application/json, application/*+json, application/json, application/*+json]
[2022-06-21 17:35:20.587] [http-nio-8888-exec-1] [DEBUG] o.s.w.s.m.m.annotation.HttpEntityMethodProcessor - Writing [{timestamp=Tue Jun 21 17:35:20 CST 2022, status=404, error=Not Found, message=No message available,  (truncated)...]
[2022-06-21 17:35:20.601] [http-nio-8888-exec-1] [DEBUG] org.springframework.web.servlet.DispatcherServlet - Exiting from "ERROR" dispatch, status 404
[2022-06-21 17:35:21.402] [http-nio-8888-exec-3] [DEBUG] org.springframework.web.servlet.DispatcherServlet - POST "/dingTalkCallBack?signature=dada68dcec47a413f3fbdf3b9c5dfdcd6e2cf902&msg_signature=dada68dcec47a413f3fbdf3b9c5dfdcd6e2cf902&timestamp=1655804122710&nonce=nNaYlNzf", parameters={masked}
[2022-06-21 17:35:21.403] [http-nio-8888-exec-3] [DEBUG] o.s.web.servlet.handler.SimpleUrlHandlerMapping - Mapped to ResourceHttpRequestHandler ["classpath:/META-INF/resources/", "classpath:/resources/", "classpath:/static/", "classpath:/public/", "/"]
[2022-06-21 17:35:21.404] [http-nio-8888-exec-3] [DEBUG] o.s.w.servlet.resource.ResourceHttpRequestHandler - Resource not found
[2022-06-21 17:35:21.404] [http-nio-8888-exec-3] [DEBUG] org.springframework.web.servlet.DispatcherServlet - Completed 404 NOT_FOUND
[2022-06-21 17:35:21.404] [http-nio-8888-exec-3] [DEBUG] org.springframework.web.servlet.DispatcherServlet - "ERROR" dispatch for POST "/error?signature=dada68dcec47a413f3fbdf3b9c5dfdcd6e2cf902&msg_signature=dada68dcec47a413f3fbdf3b9c5dfdcd6e2cf902&timestamp=1655804122710&nonce=nNaYlNzf", parameters={masked}
[2022-06-21 17:35:21.405] [http-nio-8888-exec-3] [DEBUG] o.s.w.s.m.m.a.RequestMappingHandlerMapping - Mapped to public org.springframework.http.ResponseEntity<java.util.Map<java.lang.String, java.lang.Object>> org.springframework.boot.autoconfigure.web.servlet.error.BasicErrorController.error(javax.servlet.http.HttpServletRequest)
[2022-06-21 17:35:21.405] [http-nio-8888-exec-3] [DEBUG] o.s.w.s.m.m.annotation.HttpEntityMethodProcessor - Using 'application/json', given [*/*] and supported [application/json, application/*+json, application/json, application/*+json]
[2022-06-21 17:35:21.405] [http-nio-8888-exec-3] [DEBUG] o.s.w.s.m.m.annotation.HttpEntityMethodProcessor - Writing [{timestamp=Tue Jun 21 17:35:21 CST 2022, status=404, error=Not Found, message=No message available,  (truncated)...]
[2022-06-21 17:35:21.406] [http-nio-8888-exec-3] [DEBUG] org.springframework.web.servlet.DispatcherServlet - Exiting from "ERROR" dispatch, status 404
[2022-06-21 17:35:35.458] [http-nio-8888-exec-5] [DEBUG] org.springframework.web.servlet.DispatcherServlet - POST "/dingTalkCallBack?signature=4890d98505c0d7dff64d5f5bc2ef3b8e7f20150a&msg_signature=4890d98505c0d7dff64d5f5bc2ef3b8e7f20150a&timestamp=1655804136770&nonce=NAwD5DeT", parameters={masked}
[2022-06-21 17:35:35.458] [http-nio-8888-exec-5] [DEBUG] o.s.web.servlet.handler.SimpleUrlHandlerMapping - Mapped to ResourceHttpRequestHandler ["classpath:/META-INF/resources/", "classpath:/resources/", "classpath:/static/", "classpath:/public/", "/"]
[2022-06-21 17:35:35.460] [http-nio-8888-exec-5] [DEBUG] o.s.w.servlet.resource.ResourceHttpRequestHandler - Resource not found
[2022-06-21 17:35:35.460] [http-nio-8888-exec-5] [DEBUG] org.springframework.web.servlet.DispatcherServlet - Completed 404 NOT_FOUND
[2022-06-21 17:35:35.461] [http-nio-8888-exec-5] [DEBUG] org.springframework.web.servlet.DispatcherServlet - "ERROR" dispatch for POST "/error?signature=4890d98505c0d7dff64d5f5bc2ef3b8e7f20150a&msg_signature=4890d98505c0d7dff64d5f5bc2ef3b8e7f20150a&timestamp=1655804136770&nonce=NAwD5DeT", parameters={masked}
[2022-06-21 17:35:35.462] [http-nio-8888-exec-5] [DEBUG] o.s.w.s.m.m.a.RequestMappingHandlerMapping - Mapped to public org.springframework.http.ResponseEntity<java.util.Map<java.lang.String, java.lang.Object>> org.springframework.boot.autoconfigure.web.servlet.error.BasicErrorController.error(javax.servlet.http.HttpServletRequest)
[2022-06-21 17:35:35.462] [http-nio-8888-exec-5] [DEBUG] o.s.w.s.m.m.annotation.HttpEntityMethodProcessor - Using 'application/json', given [*/*] and supported [application/json, application/*+json, application/json, application/*+json]
[2022-06-21 17:35:35.462] [http-nio-8888-exec-5] [DEBUG] o.s.w.s.m.m.annotation.HttpEntityMethodProcessor - Writing [{timestamp=Tue Jun 21 17:35:35 CST 2022, status=404, error=Not Found, message=No message available,  (truncated)...]
[2022-06-21 17:35:35.463] [http-nio-8888-exec-5] [DEBUG] org.springframework.web.servlet.DispatcherServlet - Exiting from "ERROR" dispatch, status 404
[2022-06-21 17:35:38.343] [http-nio-8888-exec-7] [DEBUG] org.springframework.web.servlet.DispatcherServlet - POST "/dingTalkCallBack?signature=9027ef1682f1549bd88917d5129314a937bced56&msg_signature=9027ef1682f1549bd88917d5129314a937bced56&timestamp=1655804139656&nonce=Dp87v4m2", parameters={masked}
[2022-06-21 17:35:38.343] [http-nio-8888-exec-7] [DEBUG] o.s.web.servlet.handler.SimpleUrlHandlerMapping - Mapped to ResourceHttpRequestHandler ["classpath:/META-INF/resources/", "classpath:/resources/", "classpath:/static/", "classpath:/public/", "/"]
[2022-06-21 17:35:38.344] [http-nio-8888-exec-7] [DEBUG] o.s.w.servlet.resource.ResourceHttpRequestHandler - Resource not found
[2022-06-21 17:35:38.344] [http-nio-8888-exec-7] [DEBUG] org.springframework.web.servlet.DispatcherServlet - Completed 404 NOT_FOUND
[2022-06-21 17:35:38.344] [http-nio-8888-exec-7] [DEBUG] org.springframework.web.servlet.DispatcherServlet - "ERROR" dispatch for POST "/error?signature=9027ef1682f1549bd88917d5129314a937bced56&msg_signature=9027ef1682f1549bd88917d5129314a937bced56&timestamp=1655804139656&nonce=Dp87v4m2", parameters={masked}
[2022-06-21 17:35:38.344] [http-nio-8888-exec-7] [DEBUG] o.s.w.s.m.m.a.RequestMappingHandlerMapping - Mapped to public org.springframework.http.ResponseEntity<java.util.Map<java.lang.String, java.lang.Object>> org.springframework.boot.autoconfigure.web.servlet.error.BasicErrorController.error(javax.servlet.http.HttpServletRequest)
[2022-06-21 17:35:38.345] [http-nio-8888-exec-7] [DEBUG] o.s.w.s.m.m.annotation.HttpEntityMethodProcessor - Using 'application/json', given [*/*] and supported [application/json, application/*+json, application/json, application/*+json]
[2022-06-21 17:35:38.345] [http-nio-8888-exec-7] [DEBUG] o.s.w.s.m.m.annotation.HttpEntityMethodProcessor - Writing [{timestamp=Tue Jun 21 17:35:38 CST 2022, status=404, error=Not Found, message=No message available,  (truncated)...]
[2022-06-21 17:35:38.345] [http-nio-8888-exec-7] [DEBUG] org.springframework.web.servlet.DispatcherServlet - Exiting from "ERROR" dispatch, status 404
[2022-06-21 17:35:39.317] [http-nio-8888-exec-9] [DEBUG] org.springframework.web.servlet.DispatcherServlet - POST "/dingTalkCallBack?signature=82c3ccec8c57bd076d6a1c8c6bcb68e8a17a77b1&msg_signature=82c3ccec8c57bd076d6a1c8c6bcb68e8a17a77b1&timestamp=1655804140623&nonce=ohZzRZ0X", parameters={masked}
[2022-06-21 17:35:39.317] [http-nio-8888-exec-9] [DEBUG] o.s.web.servlet.handler.SimpleUrlHandlerMapping - Mapped to ResourceHttpRequestHandler ["classpath:/META-INF/resources/", "classpath:/resources/", "classpath:/static/", "classpath:/public/", "/"]
[2022-06-21 17:35:39.318] [http-nio-8888-exec-9] [DEBUG] o.s.w.servlet.resource.ResourceHttpRequestHandler - Resource not found
[2022-06-21 17:35:39.318] [http-nio-8888-exec-9] [DEBUG] org.springframework.web.servlet.DispatcherServlet - Completed 404 NOT_FOUND
[2022-06-21 17:35:39.318] [http-nio-8888-exec-9] [DEBUG] org.springframework.web.servlet.DispatcherServlet - "ERROR" dispatch for POST "/error?signature=82c3ccec8c57bd076d6a1c8c6bcb68e8a17a77b1&msg_signature=82c3ccec8c57bd076d6a1c8c6bcb68e8a17a77b1&timestamp=1655804140623&nonce=ohZzRZ0X", parameters={masked}
[2022-06-21 17:35:39.318] [http-nio-8888-exec-9] [DEBUG] o.s.w.s.m.m.a.RequestMappingHandlerMapping - Mapped to public org.springframework.http.ResponseEntity<java.util.Map<java.lang.String, java.lang.Object>> org.springframework.boot.autoconfigure.web.servlet.error.BasicErrorController.error(javax.servlet.http.HttpServletRequest)
[2022-06-21 17:35:39.318] [http-nio-8888-exec-9] [DEBUG] o.s.w.s.m.m.annotation.HttpEntityMethodProcessor - Using 'application/json', given [*/*] and supported [application/json, application/*+json, application/json, application/*+json]
[2022-06-21 17:35:39.319] [http-nio-8888-exec-9] [DEBUG] o.s.w.s.m.m.annotation.HttpEntityMethodProcessor - Writing [{timestamp=Tue Jun 21 17:35:39 CST 2022, status=404, error=Not Found, message=No message available,  (truncated)...]
[2022-06-21 17:35:39.319] [http-nio-8888-exec-9] [DEBUG] org.springframework.web.servlet.DispatcherServlet - Exiting from "ERROR" dispatch, status 404
[2022-06-21 17:35:41.478] [http-nio-8888-exec-1] [DEBUG] org.springframework.web.servlet.DispatcherServlet - POST "/dingTalkCallBack?signature=4288dc021eff252ec25be66cc6f2076b67746cb8&msg_signature=4288dc021eff252ec25be66cc6f2076b67746cb8&timestamp=1655804142787&nonce=it4tTp6C", parameters={masked}
[2022-06-21 17:35:41.478] [http-nio-8888-exec-1] [DEBUG] o.s.web.servlet.handler.SimpleUrlHandlerMapping - Mapped to ResourceHttpRequestHandler ["classpath:/META-INF/resources/", "classpath:/resources/", "classpath:/static/", "classpath:/public/", "/"]
[2022-06-21 17:35:41.479] [http-nio-8888-exec-1] [DEBUG] o.s.w.servlet.resource.ResourceHttpRequestHandler - Resource not found
[2022-06-21 17:35:41.479] [http-nio-8888-exec-1] [DEBUG] org.springframework.web.servlet.DispatcherServlet - Completed 404 NOT_FOUND
[2022-06-21 17:35:41.479] [http-nio-8888-exec-1] [DEBUG] org.springframework.web.servlet.DispatcherServlet - "ERROR" dispatch for POST "/error?signature=4288dc021eff252ec25be66cc6f2076b67746cb8&msg_signature=4288dc021eff252ec25be66cc6f2076b67746cb8&timestamp=1655804142787&nonce=it4tTp6C", parameters={masked}
[2022-06-21 17:35:41.480] [http-nio-8888-exec-1] [DEBUG] o.s.w.s.m.m.a.RequestMappingHandlerMapping - Mapped to public org.springframework.http.ResponseEntity<java.util.Map<java.lang.String, java.lang.Object>> org.springframework.boot.autoconfigure.web.servlet.error.BasicErrorController.error(javax.servlet.http.HttpServletRequest)
[2022-06-21 17:35:41.480] [http-nio-8888-exec-1] [DEBUG] o.s.w.s.m.m.annotation.HttpEntityMethodProcessor - Using 'application/json', given [*/*] and supported [application/json, application/*+json, application/json, application/*+json]
[2022-06-21 17:35:41.480] [http-nio-8888-exec-1] [DEBUG] o.s.w.s.m.m.annotation.HttpEntityMethodProcessor - Writing [{timestamp=Tue Jun 21 17:35:41 CST 2022, status=404, error=Not Found, message=No message available,  (truncated)...]
[2022-06-21 17:35:41.481] [http-nio-8888-exec-1] [DEBUG] org.springframework.web.servlet.DispatcherServlet - Exiting from "ERROR" dispatch, status 404
[2022-06-21 17:35:41.792] [http-nio-8888-exec-3] [DEBUG] org.springframework.web.servlet.DispatcherServlet - POST "/dingTalkCallBack?signature=db21dbf9324182c865a4969cd24beabe3479b9ae&msg_signature=db21dbf9324182c865a4969cd24beabe3479b9ae&timestamp=1655804143107&nonce=j1B9upVX", parameters={masked}
[2022-06-21 17:35:41.792] [http-nio-8888-exec-3] [DEBUG] o.s.web.servlet.handler.SimpleUrlHandlerMapping - Mapped to ResourceHttpRequestHandler ["classpath:/META-INF/resources/", "classpath:/resources/", "classpath:/static/", "classpath:/public/", "/"]
[2022-06-21 17:35:41.793] [http-nio-8888-exec-3] [DEBUG] o.s.w.servlet.resource.ResourceHttpRequestHandler - Resource not found
[2022-06-21 17:35:41.793] [http-nio-8888-exec-3] [DEBUG] org.springframework.web.servlet.DispatcherServlet - Completed 404 NOT_FOUND
[2022-06-21 17:35:41.793] [http-nio-8888-exec-3] [DEBUG] org.springframework.web.servlet.DispatcherServlet - "ERROR" dispatch for POST "/error?signature=db21dbf9324182c865a4969cd24beabe3479b9ae&msg_signature=db21dbf9324182c865a4969cd24beabe3479b9ae&timestamp=1655804143107&nonce=j1B9upVX", parameters={masked}
[2022-06-21 17:35:41.793] [http-nio-8888-exec-3] [DEBUG] o.s.w.s.m.m.a.RequestMappingHandlerMapping - Mapped to public org.springframework.http.ResponseEntity<java.util.Map<java.lang.String, java.lang.Object>> org.springframework.boot.autoconfigure.web.servlet.error.BasicErrorController.error(javax.servlet.http.HttpServletRequest)
[2022-06-21 17:35:41.794] [http-nio-8888-exec-3] [DEBUG] o.s.w.s.m.m.annotation.HttpEntityMethodProcessor - Using 'application/json', given [*/*] and supported [application/json, application/*+json, application/json, application/*+json]
[2022-06-21 17:35:41.794] [http-nio-8888-exec-3] [DEBUG] o.s.w.s.m.m.annotation.HttpEntityMethodProcessor - Writing [{timestamp=Tue Jun 21 17:35:41 CST 2022, status=404, error=Not Found, message=No message available,  (truncated)...]
[2022-06-21 17:35:41.794] [http-nio-8888-exec-3] [DEBUG] org.springframework.web.servlet.DispatcherServlet - Exiting from "ERROR" dispatch, status 404
[2022-06-21 17:35:42.910] [http-nio-8888-exec-5] [DEBUG] org.springframework.web.servlet.DispatcherServlet - POST "/dingTalkCallBack?signature=3ff67377c5c11b04c4695819f1830968e37c88ca&msg_signature=3ff67377c5c11b04c4695819f1830968e37c88ca&timestamp=1655804144221&nonce=oBp94wd7", parameters={masked}
[2022-06-21 17:35:42.911] [http-nio-8888-exec-5] [DEBUG] o.s.web.servlet.handler.SimpleUrlHandlerMapping - Mapped to ResourceHttpRequestHandler ["classpath:/META-INF/resources/", "classpath:/resources/", "classpath:/static/", "classpath:/public/", "/"]
[2022-06-21 17:35:42.911] [http-nio-8888-exec-5] [DEBUG] o.s.w.servlet.resource.ResourceHttpRequestHandler - Resource not found
[2022-06-21 17:35:42.911] [http-nio-8888-exec-5] [DEBUG] org.springframework.web.servlet.DispatcherServlet - Completed 404 NOT_FOUND
[2022-06-21 17:35:42.911] [http-nio-8888-exec-5] [DEBUG] org.springframework.web.servlet.DispatcherServlet - "ERROR" dispatch for POST "/error?signature=3ff67377c5c11b04c4695819f1830968e37c88ca&msg_signature=3ff67377c5c11b04c4695819f1830968e37c88ca&timestamp=1655804144221&nonce=oBp94wd7", parameters={masked}
[2022-06-21 17:35:42.912] [http-nio-8888-exec-5] [DEBUG] o.s.w.s.m.m.a.RequestMappingHandlerMapping - Mapped to public org.springframework.http.ResponseEntity<java.util.Map<java.lang.String, java.lang.Object>> org.springframework.boot.autoconfigure.web.servlet.error.BasicErrorController.error(javax.servlet.http.HttpServletRequest)
[2022-06-21 17:35:42.912] [http-nio-8888-exec-5] [DEBUG] o.s.w.s.m.m.annotation.HttpEntityMethodProcessor - Using 'application/json', given [*/*] and supported [application/json, application/*+json, application/json, application/*+json]
[2022-06-21 17:35:42.912] [http-nio-8888-exec-5] [DEBUG] o.s.w.s.m.m.annotation.HttpEntityMethodProcessor - Writing [{timestamp=Tue Jun 21 17:35:42 CST 2022, status=404, error=Not Found, message=No message available,  (truncated)...]
[2022-06-21 17:35:42.913] [http-nio-8888-exec-5] [DEBUG] org.springframework.web.servlet.DispatcherServlet - Exiting from "ERROR" dispatch, status 404
[2022-06-21 17:35:44.855] [http-nio-8888-exec-7] [DEBUG] org.springframework.web.servlet.DispatcherServlet - POST "/dingTalkCallBack?signature=0c9e9ddf0ee90ba11f3b9ded89f79682ab0e128a&msg_signature=0c9e9ddf0ee90ba11f3b9ded89f79682ab0e128a&timestamp=1655804146168&nonce=0oOaVJvM", parameters={masked}
[2022-06-21 17:35:44.855] [http-nio-8888-exec-7] [DEBUG] o.s.web.servlet.handler.SimpleUrlHandlerMapping - Mapped to ResourceHttpRequestHandler ["classpath:/META-INF/resources/", "classpath:/resources/", "classpath:/static/", "classpath:/public/", "/"]
[2022-06-21 17:35:44.855] [http-nio-8888-exec-7] [DEBUG] o.s.w.servlet.resource.ResourceHttpRequestHandler - Resource not found
[2022-06-21 17:35:44.855] [http-nio-8888-exec-7] [DEBUG] org.springframework.web.servlet.DispatcherServlet - Completed 404 NOT_FOUND
[2022-06-21 17:35:44.856] [http-nio-8888-exec-7] [DEBUG] org.springframework.web.servlet.DispatcherServlet - "ERROR" dispatch for POST "/error?signature=0c9e9ddf0ee90ba11f3b9ded89f79682ab0e128a&msg_signature=0c9e9ddf0ee90ba11f3b9ded89f79682ab0e128a&timestamp=1655804146168&nonce=0oOaVJvM", parameters={masked}
[2022-06-21 17:35:44.856] [http-nio-8888-exec-7] [DEBUG] o.s.w.s.m.m.a.RequestMappingHandlerMapping - Mapped to public org.springframework.http.ResponseEntity<java.util.Map<java.lang.String, java.lang.Object>> org.springframework.boot.autoconfigure.web.servlet.error.BasicErrorController.error(javax.servlet.http.HttpServletRequest)
[2022-06-21 17:35:44.856] [http-nio-8888-exec-7] [DEBUG] o.s.w.s.m.m.annotation.HttpEntityMethodProcessor - Using 'application/json', given [*/*] and supported [application/json, application/*+json, application/json, application/*+json]
[2022-06-21 17:35:44.856] [http-nio-8888-exec-7] [DEBUG] o.s.w.s.m.m.annotation.HttpEntityMethodProcessor - Writing [{timestamp=Tue Jun 21 17:35:44 CST 2022, status=404, error=Not Found, message=No message available,  (truncated)...]
[2022-06-21 17:35:44.857] [http-nio-8888-exec-7] [DEBUG] org.springframework.web.servlet.DispatcherServlet - Exiting from "ERROR" dispatch, status 404
[2022-06-21 17:35:45.131] [http-nio-8888-exec-9] [DEBUG] org.springframework.web.servlet.DispatcherServlet - POST "/dingTalkCallBack?signature=c86005452dca7e1900c7f2a339027c2b126157e0&msg_signature=c86005452dca7e1900c7f2a339027c2b126157e0&timestamp=1655804146439&nonce=No8xaTjS", parameters={masked}
[2022-06-21 17:35:45.132] [http-nio-8888-exec-9] [DEBUG] o.s.web.servlet.handler.SimpleUrlHandlerMapping - Mapped to ResourceHttpRequestHandler ["classpath:/META-INF/resources/", "classpath:/resources/", "classpath:/static/", "classpath:/public/", "/"]
[2022-06-21 17:35:45.132] [http-nio-8888-exec-9] [DEBUG] o.s.w.servlet.resource.ResourceHttpRequestHandler - Resource not found
[2022-06-21 17:35:45.132] [http-nio-8888-exec-9] [DEBUG] org.springframework.web.servlet.DispatcherServlet - Completed 404 NOT_FOUND
[2022-06-21 17:35:45.133] [http-nio-8888-exec-9] [DEBUG] org.springframework.web.servlet.DispatcherServlet - "ERROR" dispatch for POST "/error?signature=c86005452dca7e1900c7f2a339027c2b126157e0&msg_signature=c86005452dca7e1900c7f2a339027c2b126157e0&timestamp=1655804146439&nonce=No8xaTjS", parameters={masked}
[2022-06-21 17:35:45.133] [http-nio-8888-exec-9] [DEBUG] o.s.w.s.m.m.a.RequestMappingHandlerMapping - Mapped to public org.springframework.http.ResponseEntity<java.util.Map<java.lang.String, java.lang.Object>> org.springframework.boot.autoconfigure.web.servlet.error.BasicErrorController.error(javax.servlet.http.HttpServletRequest)
[2022-06-21 17:35:45.134] [http-nio-8888-exec-9] [DEBUG] o.s.w.s.m.m.annotation.HttpEntityMethodProcessor - Using 'application/json', given [*/*] and supported [application/json, application/*+json, application/json, application/*+json]
[2022-06-21 17:35:45.134] [http-nio-8888-exec-9] [DEBUG] o.s.w.s.m.m.annotation.HttpEntityMethodProcessor - Writing [{timestamp=Tue Jun 21 17:35:45 CST 2022, status=404, error=Not Found, message=No message available,  (truncated)...]
[2022-06-21 17:35:45.135] [http-nio-8888-exec-9] [DEBUG] org.springframework.web.servlet.DispatcherServlet - Exiting from "ERROR" dispatch, status 404
[2022-06-21 17:36:38.773] [http-nio-8888-exec-1] [DEBUG] org.springframework.web.servlet.DispatcherServlet - POST "/dingtalk/oa/modify/password?authCode=123", parameters={masked}
[2022-06-21 17:36:38.773] [http-nio-8888-exec-1] [DEBUG] o.s.w.s.m.m.a.RequestMappingHandlerMapping - Mapped to public java.lang.String com.sunova.psinfo.controller.DingTalkController.get_userIdbycode(java.lang.String)
[2022-06-21 17:36:38.776] [http-nio-8888-exec-1] [DEBUG] o.s.w.s.m.m.a.ServletInvocableHandlerMethod - Could not resolve parameter [0] in public java.lang.String com.sunova.psinfo.controller.DingTalkController.get_userIdbycode(java.lang.String): Required String parameter 'name' is not present
[2022-06-21 17:36:38.778] [http-nio-8888-exec-1] [WARN ] o.s.w.s.m.support.DefaultHandlerExceptionResolver - Resolved [org.springframework.web.bind.MissingServletRequestParameterException: Required String parameter 'name' is not present]
[2022-06-21 17:36:38.778] [http-nio-8888-exec-1] [DEBUG] org.springframework.web.servlet.DispatcherServlet - Completed 400 BAD_REQUEST
[2022-06-21 17:36:38.779] [http-nio-8888-exec-1] [DEBUG] org.springframework.web.servlet.DispatcherServlet - "ERROR" dispatch for POST "/error?authCode=123", parameters={masked}
[2022-06-21 17:36:38.779] [http-nio-8888-exec-1] [DEBUG] o.s.w.s.m.m.a.RequestMappingHandlerMapping - Mapped to public org.springframework.http.ResponseEntity<java.util.Map<java.lang.String, java.lang.Object>> org.springframework.boot.autoconfigure.web.servlet.error.BasicErrorController.error(javax.servlet.http.HttpServletRequest)
[2022-06-21 17:36:38.780] [http-nio-8888-exec-1] [DEBUG] o.s.w.s.m.m.annotation.HttpEntityMethodProcessor - Using 'application/json', given [*/*] and supported [application/json, application/*+json, application/json, application/*+json]
[2022-06-21 17:36:38.780] [http-nio-8888-exec-1] [DEBUG] o.s.w.s.m.m.annotation.HttpEntityMethodProcessor - Writing [{timestamp=Tue Jun 21 17:36:38 CST 2022, status=400, error=Bad Request, message=Required String para (truncated)...]
[2022-06-21 17:36:38.781] [http-nio-8888-exec-1] [DEBUG] org.springframework.web.servlet.DispatcherServlet - Exiting from "ERROR" dispatch, status 400
[2022-06-21 17:36:49.779] [http-nio-8888-exec-2] [DEBUG] org.springframework.web.servlet.DispatcherServlet - POST "/dingTalkCallBack?signature=188f5678f7a0acbb9f0c131f993cdebec35aea97&msg_signature=188f5678f7a0acbb9f0c131f993cdebec35aea97&timestamp=1655804211094&nonce=xuAutLPl", parameters={masked}
[2022-06-21 17:36:49.779] [http-nio-8888-exec-2] [DEBUG] o.s.web.servlet.handler.SimpleUrlHandlerMapping - Mapped to ResourceHttpRequestHandler ["classpath:/META-INF/resources/", "classpath:/resources/", "classpath:/static/", "classpath:/public/", "/"]
[2022-06-21 17:36:49.780] [http-nio-8888-exec-2] [DEBUG] o.s.w.servlet.resource.ResourceHttpRequestHandler - Resource not found
[2022-06-21 17:36:49.780] [http-nio-8888-exec-2] [DEBUG] org.springframework.web.servlet.DispatcherServlet - Completed 404 NOT_FOUND
[2022-06-21 17:36:49.780] [http-nio-8888-exec-2] [DEBUG] org.springframework.web.servlet.DispatcherServlet - "ERROR" dispatch for POST "/error?signature=188f5678f7a0acbb9f0c131f993cdebec35aea97&msg_signature=188f5678f7a0acbb9f0c131f993cdebec35aea97&timestamp=1655804211094&nonce=xuAutLPl", parameters={masked}
[2022-06-21 17:36:49.781] [http-nio-8888-exec-2] [DEBUG] o.s.w.s.m.m.a.RequestMappingHandlerMapping - Mapped to public org.springframework.http.ResponseEntity<java.util.Map<java.lang.String, java.lang.Object>> org.springframework.boot.autoconfigure.web.servlet.error.BasicErrorController.error(javax.servlet.http.HttpServletRequest)
[2022-06-21 17:36:49.781] [http-nio-8888-exec-2] [DEBUG] o.s.w.s.m.m.annotation.HttpEntityMethodProcessor - Using 'application/json', given [*/*] and supported [application/json, application/*+json, application/json, application/*+json]
[2022-06-21 17:36:49.781] [http-nio-8888-exec-2] [DEBUG] o.s.w.s.m.m.annotation.HttpEntityMethodProcessor - Writing [{timestamp=Tue Jun 21 17:36:49 CST 2022, status=404, error=Not Found, message=No message available,  (truncated)...]
[2022-06-21 17:36:49.781] [http-nio-8888-exec-2] [DEBUG] org.springframework.web.servlet.DispatcherServlet - Exiting from "ERROR" dispatch, status 404
[2022-06-21 17:36:51.422] [http-nio-8888-exec-4] [DEBUG] org.springframework.web.servlet.DispatcherServlet - POST "/dingTalkCallBack?signature=fd0f36a657d88994ac3a864134cd70a07d2dd81b&msg_signature=fd0f36a657d88994ac3a864134cd70a07d2dd81b&timestamp=1655804212738&nonce=ycCnY2mp", parameters={masked}
[2022-06-21 17:36:51.422] [http-nio-8888-exec-4] [DEBUG] o.s.web.servlet.handler.SimpleUrlHandlerMapping - Mapped to ResourceHttpRequestHandler ["classpath:/META-INF/resources/", "classpath:/resources/", "classpath:/static/", "classpath:/public/", "/"]
[2022-06-21 17:36:51.422] [http-nio-8888-exec-4] [DEBUG] o.s.w.servlet.resource.ResourceHttpRequestHandler - Resource not found
[2022-06-21 17:36:51.422] [http-nio-8888-exec-4] [DEBUG] org.springframework.web.servlet.DispatcherServlet - Completed 404 NOT_FOUND
[2022-06-21 17:36:51.423] [http-nio-8888-exec-4] [DEBUG] org.springframework.web.servlet.DispatcherServlet - "ERROR" dispatch for POST "/error?signature=fd0f36a657d88994ac3a864134cd70a07d2dd81b&msg_signature=fd0f36a657d88994ac3a864134cd70a07d2dd81b&timestamp=1655804212738&nonce=ycCnY2mp", parameters={masked}
[2022-06-21 17:36:51.423] [http-nio-8888-exec-4] [DEBUG] o.s.w.s.m.m.a.RequestMappingHandlerMapping - Mapped to public org.springframework.http.ResponseEntity<java.util.Map<java.lang.String, java.lang.Object>> org.springframework.boot.autoconfigure.web.servlet.error.BasicErrorController.error(javax.servlet.http.HttpServletRequest)
[2022-06-21 17:36:51.423] [http-nio-8888-exec-4] [DEBUG] o.s.w.s.m.m.annotation.HttpEntityMethodProcessor - Using 'application/json', given [*/*] and supported [application/json, application/*+json, application/json, application/*+json]
[2022-06-21 17:36:51.423] [http-nio-8888-exec-4] [DEBUG] o.s.w.s.m.m.annotation.HttpEntityMethodProcessor - Writing [{timestamp=Tue Jun 21 17:36:51 CST 2022, status=404, error=Not Found, message=No message available,  (truncated)...]
[2022-06-21 17:36:51.424] [http-nio-8888-exec-4] [DEBUG] org.springframework.web.servlet.DispatcherServlet - Exiting from "ERROR" dispatch, status 404
[2022-06-21 17:36:56.739] [http-nio-8888-exec-6] [DEBUG] org.springframework.web.servlet.DispatcherServlet - POST "/dingtalk/oa/modify/password?authCode=123", parameters={masked}
[2022-06-21 17:36:56.739] [http-nio-8888-exec-6] [DEBUG] o.s.w.s.m.m.a.RequestMappingHandlerMapping - Mapped to public java.lang.String com.sunova.psinfo.controller.DingTalkController.get_userIdbycode(java.lang.String)
[2022-06-21 17:36:56.739] [http-nio-8888-exec-6] [DEBUG] o.s.w.s.m.m.a.ServletInvocableHandlerMethod - Could not resolve parameter [0] in public java.lang.String com.sunova.psinfo.controller.DingTalkController.get_userIdbycode(java.lang.String): Required String parameter 'name' is not present
[2022-06-21 17:36:56.739] [http-nio-8888-exec-6] [WARN ] o.s.w.s.m.support.DefaultHandlerExceptionResolver - Resolved [org.springframework.web.bind.MissingServletRequestParameterException: Required String parameter 'name' is not present]
[2022-06-21 17:36:56.740] [http-nio-8888-exec-6] [DEBUG] org.springframework.web.servlet.DispatcherServlet - Completed 400 BAD_REQUEST
[2022-06-21 17:36:56.740] [http-nio-8888-exec-6] [DEBUG] org.springframework.web.servlet.DispatcherServlet - "ERROR" dispatch for POST "/error?authCode=123", parameters={masked}
[2022-06-21 17:36:56.740] [http-nio-8888-exec-6] [DEBUG] o.s.w.s.m.m.a.RequestMappingHandlerMapping - Mapped to public org.springframework.http.ResponseEntity<java.util.Map<java.lang.String, java.lang.Object>> org.springframework.boot.autoconfigure.web.servlet.error.BasicErrorController.error(javax.servlet.http.HttpServletRequest)
[2022-06-21 17:36:56.740] [http-nio-8888-exec-6] [DEBUG] o.s.w.s.m.m.annotation.HttpEntityMethodProcessor - Using 'application/json', given [*/*] and supported [application/json, application/*+json, application/json, application/*+json]
[2022-06-21 17:36:56.740] [http-nio-8888-exec-6] [DEBUG] o.s.w.s.m.m.annotation.HttpEntityMethodProcessor - Writing [{timestamp=Tue Jun 21 17:36:56 CST 2022, status=400, error=Bad Request, message=Required String para (truncated)...]
[2022-06-21 17:36:56.741] [http-nio-8888-exec-6] [DEBUG] org.springframework.web.servlet.DispatcherServlet - Exiting from "ERROR" dispatch, status 400
[2022-06-21 17:37:00.830] [http-nio-8888-exec-7] [DEBUG] org.springframework.web.servlet.DispatcherServlet - POST "/dingTalkCallBack?signature=09a33f04ad9f0fae3b48acb70966676d95fb93cb&msg_signature=09a33f04ad9f0fae3b48acb70966676d95fb93cb&timestamp=1655804222142&nonce=s5fTb8AO", parameters={masked}
[2022-06-21 17:37:00.830] [http-nio-8888-exec-7] [DEBUG] o.s.web.servlet.handler.SimpleUrlHandlerMapping - Mapped to ResourceHttpRequestHandler ["classpath:/META-INF/resources/", "classpath:/resources/", "classpath:/static/", "classpath:/public/", "/"]
[2022-06-21 17:37:00.831] [http-nio-8888-exec-7] [DEBUG] o.s.w.servlet.resource.ResourceHttpRequestHandler - Resource not found
[2022-06-21 17:37:00.831] [http-nio-8888-exec-7] [DEBUG] org.springframework.web.servlet.DispatcherServlet - Completed 404 NOT_FOUND
[2022-06-21 17:37:00.831] [http-nio-8888-exec-7] [DEBUG] org.springframework.web.servlet.DispatcherServlet - "ERROR" dispatch for POST "/error?signature=09a33f04ad9f0fae3b48acb70966676d95fb93cb&msg_signature=09a33f04ad9f0fae3b48acb70966676d95fb93cb&timestamp=1655804222142&nonce=s5fTb8AO", parameters={masked}
[2022-06-21 17:37:00.832] [http-nio-8888-exec-7] [DEBUG] o.s.w.s.m.m.a.RequestMappingHandlerMapping - Mapped to public org.springframework.http.ResponseEntity<java.util.Map<java.lang.String, java.lang.Object>> org.springframework.boot.autoconfigure.web.servlet.error.BasicErrorController.error(javax.servlet.http.HttpServletRequest)
[2022-06-21 17:37:00.832] [http-nio-8888-exec-7] [DEBUG] o.s.w.s.m.m.annotation.HttpEntityMethodProcessor - Using 'application/json', given [*/*] and supported [application/json, application/*+json, application/json, application/*+json]
[2022-06-21 17:37:00.832] [http-nio-8888-exec-7] [DEBUG] o.s.w.s.m.m.annotation.HttpEntityMethodProcessor - Writing [{timestamp=Tue Jun 21 17:37:00 CST 2022, status=404, error=Not Found, message=No message available,  (truncated)...]
[2022-06-21 17:37:00.832] [http-nio-8888-exec-7] [DEBUG] org.springframework.web.servlet.DispatcherServlet - Exiting from "ERROR" dispatch, status 404
[2022-06-21 17:37:12.479] [http-nio-8888-exec-9] [DEBUG] org.springframework.web.servlet.DispatcherServlet - POST "/dingTalkCallBack?signature=2b58ac15b14c337db6565756b06e7c57dd4a2173&msg_signature=2b58ac15b14c337db6565756b06e7c57dd4a2173&timestamp=1655804233788&nonce=pO0Sq0uc", parameters={masked}
[2022-06-21 17:37:12.479] [http-nio-8888-exec-9] [DEBUG] o.s.web.servlet.handler.SimpleUrlHandlerMapping - Mapped to ResourceHttpRequestHandler ["classpath:/META-INF/resources/", "classpath:/resources/", "classpath:/static/", "classpath:/public/", "/"]
[2022-06-21 17:37:12.480] [http-nio-8888-exec-9] [DEBUG] o.s.w.servlet.resource.ResourceHttpRequestHandler - Resource not found
[2022-06-21 17:37:12.480] [http-nio-8888-exec-9] [DEBUG] org.springframework.web.servlet.DispatcherServlet - Completed 404 NOT_FOUND
[2022-06-21 17:37:12.481] [http-nio-8888-exec-9] [DEBUG] org.springframework.web.servlet.DispatcherServlet - "ERROR" dispatch for POST "/error?signature=2b58ac15b14c337db6565756b06e7c57dd4a2173&msg_signature=2b58ac15b14c337db6565756b06e7c57dd4a2173&timestamp=1655804233788&nonce=pO0Sq0uc", parameters={masked}
[2022-06-21 17:37:12.481] [http-nio-8888-exec-9] [DEBUG] o.s.w.s.m.m.a.RequestMappingHandlerMapping - Mapped to public org.springframework.http.ResponseEntity<java.util.Map<java.lang.String, java.lang.Object>> org.springframework.boot.autoconfigure.web.servlet.error.BasicErrorController.error(javax.servlet.http.HttpServletRequest)
[2022-06-21 17:37:12.481] [http-nio-8888-exec-9] [DEBUG] o.s.w.s.m.m.annotation.HttpEntityMethodProcessor - Using 'application/json', given [*/*] and supported [application/json, application/*+json, application/json, application/*+json]
[2022-06-21 17:37:12.481] [http-nio-8888-exec-9] [DEBUG] o.s.w.s.m.m.annotation.HttpEntityMethodProcessor - Writing [{timestamp=Tue Jun 21 17:37:12 CST 2022, status=404, error=Not Found, message=No message available,  (truncated)...]
[2022-06-21 17:37:12.482] [http-nio-8888-exec-9] [DEBUG] org.springframework.web.servlet.DispatcherServlet - Exiting from "ERROR" dispatch, status 404
[2022-06-21 17:37:26.665] [http-nio-8888-exec-1] [DEBUG] org.springframework.web.servlet.DispatcherServlet - POST "/dingtalk/oa/modify/password?authCode=123", parameters={masked}
[2022-06-21 17:37:26.666] [http-nio-8888-exec-1] [DEBUG] o.s.w.s.m.m.a.RequestMappingHandlerMapping - Mapped to public java.lang.String com.sunova.psinfo.controller.DingTalkController.get_userIdbycode(java.lang.String)
[2022-06-21 17:37:26.666] [http-nio-8888-exec-1] [DEBUG] o.s.w.s.m.m.a.ServletInvocableHandlerMethod - Could not resolve parameter [0] in public java.lang.String com.sunova.psinfo.controller.DingTalkController.get_userIdbycode(java.lang.String): Required String parameter 'name' is not present
[2022-06-21 17:37:26.666] [http-nio-8888-exec-1] [WARN ] o.s.w.s.m.support.DefaultHandlerExceptionResolver - Resolved [org.springframework.web.bind.MissingServletRequestParameterException: Required String parameter 'name' is not present]
[2022-06-21 17:37:26.666] [http-nio-8888-exec-1] [DEBUG] org.springframework.web.servlet.DispatcherServlet - Completed 400 BAD_REQUEST
[2022-06-21 17:37:26.666] [http-nio-8888-exec-1] [DEBUG] org.springframework.web.servlet.DispatcherServlet - "ERROR" dispatch for POST "/error?authCode=123", parameters={masked}
[2022-06-21 17:37:26.667] [http-nio-8888-exec-1] [DEBUG] o.s.w.s.m.m.a.RequestMappingHandlerMapping - Mapped to public org.springframework.http.ResponseEntity<java.util.Map<java.lang.String, java.lang.Object>> org.springframework.boot.autoconfigure.web.servlet.error.BasicErrorController.error(javax.servlet.http.HttpServletRequest)
[2022-06-21 17:37:26.667] [http-nio-8888-exec-1] [DEBUG] o.s.w.s.m.m.annotation.HttpEntityMethodProcessor - Using 'application/json', given [*/*] and supported [application/json, application/*+json, application/json, application/*+json]
[2022-06-21 17:37:26.667] [http-nio-8888-exec-1] [DEBUG] o.s.w.s.m.m.annotation.HttpEntityMethodProcessor - Writing [{timestamp=Tue Jun 21 17:37:26 CST 2022, status=400, error=Bad Request, message=Required String para (truncated)...]
[2022-06-21 17:37:26.668] [http-nio-8888-exec-1] [DEBUG] org.springframework.web.servlet.DispatcherServlet - Exiting from "ERROR" dispatch, status 400
[2022-06-21 17:37:27.170] [http-nio-8888-exec-2] [DEBUG] org.springframework.web.servlet.DispatcherServlet - POST "/dingTalkCallBack?signature=ea10818160780954c9002cb338e91fc1484e6b08&msg_signature=ea10818160780954c9002cb338e91fc1484e6b08&timestamp=1655804248485&nonce=5QXrXu2P", parameters={masked}
[2022-06-21 17:37:27.171] [http-nio-8888-exec-2] [DEBUG] o.s.web.servlet.handler.SimpleUrlHandlerMapping - Mapped to ResourceHttpRequestHandler ["classpath:/META-INF/resources/", "classpath:/resources/", "classpath:/static/", "classpath:/public/", "/"]
[2022-06-21 17:37:27.171] [http-nio-8888-exec-2] [DEBUG] o.s.w.servlet.resource.ResourceHttpRequestHandler - Resource not found
[2022-06-21 17:37:27.172] [http-nio-8888-exec-2] [DEBUG] org.springframework.web.servlet.DispatcherServlet - Completed 404 NOT_FOUND
[2022-06-21 17:37:27.172] [http-nio-8888-exec-2] [DEBUG] org.springframework.web.servlet.DispatcherServlet - "ERROR" dispatch for POST "/error?signature=ea10818160780954c9002cb338e91fc1484e6b08&msg_signature=ea10818160780954c9002cb338e91fc1484e6b08&timestamp=1655804248485&nonce=5QXrXu2P", parameters={masked}
[2022-06-21 17:37:27.172] [http-nio-8888-exec-2] [DEBUG] o.s.w.s.m.m.a.RequestMappingHandlerMapping - Mapped to public org.springframework.http.ResponseEntity<java.util.Map<java.lang.String, java.lang.Object>> org.springframework.boot.autoconfigure.web.servlet.error.BasicErrorController.error(javax.servlet.http.HttpServletRequest)
[2022-06-21 17:37:27.172] [http-nio-8888-exec-2] [DEBUG] o.s.w.s.m.m.annotation.HttpEntityMethodProcessor - Using 'application/json', given [*/*] and supported [application/json, application/*+json, application/json, application/*+json]
[2022-06-21 17:37:27.172] [http-nio-8888-exec-2] [DEBUG] o.s.w.s.m.m.annotation.HttpEntityMethodProcessor - Writing [{timestamp=Tue Jun 21 17:37:27 CST 2022, status=404, error=Not Found, message=No message available,  (truncated)...]
[2022-06-21 17:37:27.173] [http-nio-8888-exec-2] [DEBUG] org.springframework.web.servlet.DispatcherServlet - Exiting from "ERROR" dispatch, status 404
[2022-06-21 17:38:07.721] [http-nio-8888-exec-4] [DEBUG] org.springframework.web.servlet.DispatcherServlet - POST "/dingTalkCallBack?signature=cdf152e0069d12701e754b7bd5b0eb712cf707ee&msg_signature=cdf152e0069d12701e754b7bd5b0eb712cf707ee&timestamp=1655804289031&nonce=DgKRUCRE", parameters={masked}
[2022-06-21 17:38:07.721] [http-nio-8888-exec-4] [DEBUG] o.s.web.servlet.handler.SimpleUrlHandlerMapping - Mapped to ResourceHttpRequestHandler ["classpath:/META-INF/resources/", "classpath:/resources/", "classpath:/static/", "classpath:/public/", "/"]
[2022-06-21 17:38:07.722] [http-nio-8888-exec-4] [DEBUG] o.s.w.servlet.resource.ResourceHttpRequestHandler - Resource not found
[2022-06-21 17:38:07.722] [http-nio-8888-exec-4] [DEBUG] org.springframework.web.servlet.DispatcherServlet - Completed 404 NOT_FOUND
[2022-06-21 17:38:07.722] [http-nio-8888-exec-4] [DEBUG] org.springframework.web.servlet.DispatcherServlet - "ERROR" dispatch for POST "/error?signature=cdf152e0069d12701e754b7bd5b0eb712cf707ee&msg_signature=cdf152e0069d12701e754b7bd5b0eb712cf707ee&timestamp=1655804289031&nonce=DgKRUCRE", parameters={masked}
[2022-06-21 17:38:07.723] [http-nio-8888-exec-4] [DEBUG] o.s.w.s.m.m.a.RequestMappingHandlerMapping - Mapped to public org.springframework.http.ResponseEntity<java.util.Map<java.lang.String, java.lang.Object>> org.springframework.boot.autoconfigure.web.servlet.error.BasicErrorController.error(javax.servlet.http.HttpServletRequest)
[2022-06-21 17:38:07.723] [http-nio-8888-exec-4] [DEBUG] o.s.w.s.m.m.annotation.HttpEntityMethodProcessor - Using 'application/json', given [*/*] and supported [application/json, application/*+json, application/json, application/*+json]
[2022-06-21 17:38:07.723] [http-nio-8888-exec-4] [DEBUG] o.s.w.s.m.m.annotation.HttpEntityMethodProcessor - Writing [{timestamp=Tue Jun 21 17:38:07 CST 2022, status=404, error=Not Found, message=No message available,  (truncated)...]
[2022-06-21 17:38:07.723] [http-nio-8888-exec-4] [DEBUG] org.springframework.web.servlet.DispatcherServlet - Exiting from "ERROR" dispatch, status 404
[2022-06-21 17:38:30.922] [main] [INFO ] com.sunova.psinfo.PsInfoApplication - Starting PsInfoApplication on XN-DT-05-10 with PID 12432 (D:\IdeaProject\com-sunova-pssyn\target\classes started by 050217 in D:\IdeaProject\com-sunova-pssyn)
[2022-06-21 17:38:30.925] [main] [INFO ] com.sunova.psinfo.PsInfoApplication - No active profile set, falling back to default profiles: default
[2022-06-21 17:38:31.730] [main] [INFO ] o.s.d.r.config.RepositoryConfigurationDelegate - Bootstrapping Spring Data repositories in DEFAULT mode.
[2022-06-21 17:38:31.739] [main] [INFO ] o.s.d.r.config.RepositoryConfigurationDelegate - Finished Spring Data repository scanning in 7ms. Found 0 repository interfaces.
[2022-06-21 17:38:32.017] [main] [INFO ] o.s.c.s.PostProcessorRegistrationDelegate$BeanPostProcessorChecker - Bean 'org.springframework.transaction.annotation.ProxyTransactionManagementConfiguration' of type [org.springframework.transaction.annotation.ProxyTransactionManagementConfiguration$$EnhancerBySpringCGLIB$$c51feba3] is not eligible for getting processed by all BeanPostProcessors (for example: not eligible for auto-proxying)
[2022-06-21 17:38:32.213] [main] [INFO ] o.s.boot.web.embedded.tomcat.TomcatWebServer - Tomcat initialized with port(s): 8888 (http)
[2022-06-21 17:38:32.229] [main] [INFO ] org.apache.catalina.core.StandardService - Starting service [Tomcat]
[2022-06-21 17:38:32.230] [main] [INFO ] org.apache.catalina.core.StandardEngine - Starting Servlet engine: [Apache Tomcat/9.0.17]
[2022-06-21 17:38:32.310] [main] [INFO ] o.a.c.core.ContainerBase.[Tomcat].[localhost].[/] - Initializing Spring embedded WebApplicationContext
[2022-06-21 17:38:32.310] [main] [DEBUG] org.springframework.web.context.ContextLoader - Published root WebApplicationContext as ServletContext attribute with name [org.springframework.web.context.WebApplicationContext.ROOT]
[2022-06-21 17:38:32.310] [main] [INFO ] org.springframework.web.context.ContextLoader - Root WebApplicationContext: initialization completed in 1336 ms
[2022-06-21 17:38:32.584] [main] [DEBUG] o.s.b.web.servlet.ServletContextInitializerBeans - Mapping filters: filterRegistrationBean urls=[/*], filterRegistrationBean urls=[/*], characterEncodingFilter urls=[/*], hiddenHttpMethodFilter urls=[/*], formContentFilter urls=[/*], requestContextFilter urls=[/*], httpTraceFilter urls=[/*]
[2022-06-21 17:38:32.584] [main] [DEBUG] o.s.b.web.servlet.ServletContextInitializerBeans - Mapping servlets: statViewServlet urls=[/druid/*], dispatcherServlet urls=[/]
[2022-06-21 17:38:32.720] [main] [INFO ] com.sunova.psinfo.conponment.SpringTaskJob - ******更新钉钉通讯录密钥定时任务开始执行******
[2022-06-21 17:38:33.237] [main] [INFO ] com.alibaba.druid.pool.DruidDataSource - {dataSource-1} inited
[2022-06-21 17:38:33.322] [main] [DEBUG] c.s.psinfo.mapper.AuthorityMapper.updateAuthority - ==>  Preparing: update appAuthority set accesskey=? where application=?
[2022-06-21 17:38:33.334] [main] [DEBUG] c.s.psinfo.mapper.AuthorityMapper.updateAuthority - ==> Parameters: 80c21f62dc0039c48c5a7e988d50391c(String), Contacts_dd(String)
[2022-06-21 17:38:33.338] [main] [DEBUG] c.s.psinfo.mapper.AuthorityMapper.updateAuthority - <==    Updates: 1
[2022-06-21 17:38:33.339] [main] [INFO ] com.sunova.psinfo.conponment.SpringTaskJob - ******更新钉钉通讯录密钥成功******
[2022-06-21 17:38:33.527] [main] [DEBUG] c.s.psinfo.mapper.AuthorityMapper.updateAuthority - ==>  Preparing: update appAuthority set accesskey=? where application=?
[2022-06-21 17:38:33.527] [main] [DEBUG] c.s.psinfo.mapper.AuthorityMapper.updateAuthority - ==> Parameters: c5092433db353c679c00afdcef8e6f4b(String), Contacts_dd(String)
[2022-06-21 17:38:33.529] [main] [DEBUG] c.s.psinfo.mapper.AuthorityMapper.updateAuthority - <==    Updates: 1
[2022-06-21 17:38:33.530] [main] [INFO ] com.sunova.psinfo.conponment.SpringTaskJob - ******更新钉钉域控密钥成功******
[2022-06-21 17:38:33.530] [main] [INFO ] com.sunova.psinfo.conponment.SpringTaskJob - ******更新微信通讯录密钥定时任务开始执行******
[2022-06-21 17:38:33.846] [main] [DEBUG] c.s.psinfo.mapper.AuthorityMapper.updateAuthority - ==>  Preparing: update appAuthority set accesskey=? where application=?
[2022-06-21 17:38:33.846] [main] [DEBUG] c.s.psinfo.mapper.AuthorityMapper.updateAuthority - ==> Parameters: 8BZvJkQ58lq90YVxxLbdNz9TPKgB8w9kPAeETnjHAzIiPaNm4oBkCUxM_RY4enF93rbmTexaCbC2sbLNAUONvFGyFZWxQ71p2xQWYK2oa-lwTV0mP-8AYRkSHAa0nTyv_gbkxfPvEgab3Qe1EBtYVkp9-VCvBdlHFxxZdB25eqcAwIXhn0V1_6BVra9vrZ9vauaigzuTb8G4sludS2glww(String), Contacts_wc(String)
[2022-06-21 17:38:33.847] [main] [DEBUG] c.s.psinfo.mapper.AuthorityMapper.updateAuthority - <==    Updates: 1
[2022-06-21 17:38:33.848] [main] [INFO ] com.sunova.psinfo.conponment.SpringTaskJob - ******更新微信通讯录密钥成功******
[2022-06-21 17:38:33.891] [main] [DEBUG] o.s.web.servlet.handler.SimpleUrlHandlerMapping - Patterns [/**/favicon.ico] in 'faviconHandlerMapping'
[2022-06-21 17:38:33.987] [main] [INFO ] o.s.scheduling.concurrent.ThreadPoolTaskExecutor - Initializing ExecutorService 'applicationTaskExecutor'
[2022-06-21 17:38:33.993] [main] [DEBUG] o.s.w.s.m.m.a.RequestMappingHandlerAdapter - ControllerAdvice beans: 0 @ModelAttribute, 0 @InitBinder, 1 RequestBodyAdvice, 1 ResponseBodyAdvice
[2022-06-21 17:38:34.027] [main] [DEBUG] o.s.w.s.m.m.a.RequestMappingHandlerMapping - 8 mappings in 'requestMappingHandlerMapping'
[2022-06-21 17:38:34.034] [main] [DEBUG] o.s.web.servlet.handler.SimpleUrlHandlerMapping - Patterns [/webjars/**, /**] in 'resourceHandlerMapping'
[2022-06-21 17:38:34.042] [main] [DEBUG] o.s.w.s.m.m.a.ExceptionHandlerExceptionResolver - ControllerAdvice beans: 0 @ExceptionHandler, 1 ResponseBodyAdvice
[2022-06-21 17:38:34.224] [main] [INFO ] o.s.scheduling.concurrent.ThreadPoolTaskScheduler - Initializing ExecutorService 'taskScheduler'
[2022-06-21 17:38:34.243] [main] [INFO ] o.s.b.actuate.endpoint.web.EndpointLinksResolver - Exposing 1 endpoint(s) beneath base path '/actuator'
[2022-06-21 17:38:34.299] [main] [INFO ] o.s.boot.web.embedded.tomcat.TomcatWebServer - Tomcat started on port(s): 8888 (http) with context path ''
[2022-06-21 17:38:34.301] [main] [INFO ] com.sunova.psinfo.PsInfoApplication - Started PsInfoApplication in 3.84 seconds (JVM running for 4.447)
[2022-06-21 17:38:34.399] [RMI TCP Connection(3)-172.21.3.34] [INFO ] o.a.c.core.ContainerBase.[Tomcat].[localhost].[/] - Initializing Spring DispatcherServlet 'dispatcherServlet'
[2022-06-21 17:38:34.399] [RMI TCP Connection(3)-172.21.3.34] [INFO ] org.springframework.web.servlet.DispatcherServlet - Initializing Servlet 'dispatcherServlet'
[2022-06-21 17:38:34.399] [RMI TCP Connection(3)-172.21.3.34] [DEBUG] org.springframework.web.servlet.DispatcherServlet - Detected StandardServletMultipartResolver
[2022-06-21 17:38:34.407] [RMI TCP Connection(3)-172.21.3.34] [DEBUG] org.springframework.web.servlet.DispatcherServlet - enableLoggingRequestDetails='false': request parameters and headers will be masked to prevent unsafe logging of potentially sensitive data
[2022-06-21 17:38:34.407] [RMI TCP Connection(3)-172.21.3.34] [INFO ] org.springframework.web.servlet.DispatcherServlet - Completed initialization in 8 ms
[2022-06-21 17:38:38.337] [http-nio-8888-exec-1] [DEBUG] org.springframework.web.servlet.DispatcherServlet - POST "/dingtalk/oa/modify/password", parameters={}
[2022-06-21 17:38:38.339] [http-nio-8888-exec-1] [DEBUG] o.s.w.s.m.m.a.RequestMappingHandlerMapping - Mapped to public java.lang.String com.sunova.psinfo.controller.DingTalkController.get_userIdbycode(java.lang.String)
[2022-06-21 17:38:38.348] [http-nio-8888-exec-1] [DEBUG] o.s.w.s.m.m.a.ServletInvocableHandlerMethod - Could not resolve parameter [0] in public java.lang.String com.sunova.psinfo.controller.DingTalkController.get_userIdbycode(java.lang.String): Required String parameter 'authCode' is not present
[2022-06-21 17:38:38.349] [http-nio-8888-exec-1] [WARN ] o.s.w.s.m.support.DefaultHandlerExceptionResolver - Resolved [org.springframework.web.bind.MissingServletRequestParameterException: Required String parameter 'authCode' is not present]
[2022-06-21 17:38:38.349] [http-nio-8888-exec-1] [DEBUG] org.springframework.web.servlet.DispatcherServlet - Completed 400 BAD_REQUEST
[2022-06-21 17:38:38.355] [http-nio-8888-exec-1] [DEBUG] org.springframework.web.servlet.DispatcherServlet - "ERROR" dispatch for POST "/error", parameters={}
[2022-06-21 17:38:38.357] [http-nio-8888-exec-1] [DEBUG] o.s.w.s.m.m.a.RequestMappingHandlerMapping - Mapped to public org.springframework.http.ResponseEntity<java.util.Map<java.lang.String, java.lang.Object>> org.springframework.boot.autoconfigure.web.servlet.error.BasicErrorController.error(javax.servlet.http.HttpServletRequest)
[2022-06-21 17:38:38.365] [http-nio-8888-exec-1] [DEBUG] o.s.w.s.m.m.annotation.HttpEntityMethodProcessor - Using 'application/json', given [*/*] and supported [application/json, application/*+json, application/json, application/*+json]
[2022-06-21 17:38:38.365] [http-nio-8888-exec-1] [DEBUG] o.s.w.s.m.m.annotation.HttpEntityMethodProcessor - Writing [{timestamp=Tue Jun 21 17:38:38 CST 2022, status=400, error=Bad Request, message=Required String para (truncated)...]
[2022-06-21 17:38:38.374] [http-nio-8888-exec-1] [DEBUG] org.springframework.web.servlet.DispatcherServlet - Exiting from "ERROR" dispatch, status 400
