[2022-06-20 10:22:17.345] [main] [INFO ] com.sunova.psinfo.PsInfoApplication - Starting PsInfoApplication on XN-DT-05-10 with PID 15752 (D:\IdeaProject\com-sunova-pssyn\target\classes started by 050217 in D:\IdeaProject\com-sunova-pssyn)
[2022-06-20 10:22:17.348] [main] [INFO ] com.sunova.psinfo.PsInfoApplication - No active profile set, falling back to default profiles: default
[2022-06-20 10:22:18.003] [main] [INFO ] o.s.d.r.config.RepositoryConfigurationDelegate - Bootstrapping Spring Data repositories in DEFAULT mode.
[2022-06-20 10:22:18.014] [main] [INFO ] o.s.d.r.config.RepositoryConfigurationDelegate - Finished Spring Data repository scanning in 8ms. Found 0 repository interfaces.
[2022-06-20 10:22:18.266] [main] [INFO ] o.s.c.s.PostProcessorRegistrationDelegate$BeanPostProcessorChecker - Bean 'org.springframework.transaction.annotation.ProxyTransactionManagementConfiguration' of type [org.springframework.transaction.annotation.ProxyTransactionManagementConfiguration$$EnhancerBySpringCGLIB$$7b413379] is not eligible for getting processed by all BeanPostProcessors (for example: not eligible for auto-proxying)
[2022-06-20 10:22:18.448] [main] [INFO ] o.s.boot.web.embedded.tomcat.TomcatWebServer - Tomcat initialized with port(s): 8888 (http)
[2022-06-20 10:22:18.462] [main] [INFO ] org.apache.catalina.core.StandardService - Starting service [Tomcat]
[2022-06-20 10:22:18.462] [main] [INFO ] org.apache.catalina.core.StandardEngine - Starting Servlet engine: [Apache Tomcat/9.0.17]
[2022-06-20 10:22:18.543] [main] [INFO ] o.a.c.core.ContainerBase.[Tomcat].[localhost].[/] - Initializing Spring embedded WebApplicationContext
[2022-06-20 10:22:18.543] [main] [DEBUG] org.springframework.web.context.ContextLoader - Published root WebApplicationContext as ServletContext attribute with name [org.springframework.web.context.WebApplicationContext.ROOT]
[2022-06-20 10:22:18.543] [main] [INFO ] org.springframework.web.context.ContextLoader - Root WebApplicationContext: initialization completed in 1114 ms
[2022-06-20 10:22:18.793] [main] [DEBUG] o.s.b.web.servlet.ServletContextInitializerBeans - Mapping filters: filterRegistrationBean urls=[/*], filterRegistrationBean urls=[/*], characterEncodingFilter urls=[/*], hiddenHttpMethodFilter urls=[/*], formContentFilter urls=[/*], requestContextFilter urls=[/*], httpTraceFilter urls=[/*]
[2022-06-20 10:22:18.793] [main] [DEBUG] o.s.b.web.servlet.ServletContextInitializerBeans - Mapping servlets: statViewServlet urls=[/druid/*], dispatcherServlet urls=[/]
[2022-06-20 10:22:18.947] [main] [INFO ] com.sunova.psinfo.conponment.SpringTaskJob - ******更新钉钉通讯录密钥定时任务开始执行******
[2022-06-20 10:22:19.456] [main] [INFO ] com.alibaba.druid.pool.DruidDataSource - {dataSource-1} inited
[2022-06-20 10:22:19.530] [main] [DEBUG] c.s.psinfo.mapper.AuthorityMapper.updateAuthority - ==>  Preparing: update appAuthority set accesskey=? where application=?
[2022-06-20 10:22:19.540] [main] [DEBUG] c.s.psinfo.mapper.AuthorityMapper.updateAuthority - ==> Parameters: c76d67e226f53bed8d2cb5e8ca1b7538(String), Contacts_dd(String)
[2022-06-20 10:22:19.547] [main] [DEBUG] c.s.psinfo.mapper.AuthorityMapper.updateAuthority - <==    Updates: 1
[2022-06-20 10:22:19.548] [main] [INFO ] com.sunova.psinfo.conponment.SpringTaskJob - ******更新钉钉通讯录密钥成功******
[2022-06-20 10:22:19.548] [main] [INFO ] com.sunova.psinfo.conponment.SpringTaskJob - ******更新微信通讯录密钥定时任务开始执行******
[2022-06-20 10:22:19.924] [main] [DEBUG] c.s.psinfo.mapper.AuthorityMapper.updateAuthority - ==>  Preparing: update appAuthority set accesskey=? where application=?
[2022-06-20 10:22:19.924] [main] [DEBUG] c.s.psinfo.mapper.AuthorityMapper.updateAuthority - ==> Parameters: KxsGYLOmPvXZOJGuHuyKx4Y3A-n9B9xPuowbrU8bOVW34Bp9wf5pyBzL1a_ZaqLmXiAeGXmT5k3LmvJqKky7UzmDyor_uJbyEla9c1u4t-WWaTnRJFX9f10P6vaN30UR-0kKL_FOqDETdbMvfdjT1vUwJJavaC8G37_zTKg1ms9ohs00drOO59yGVbPmSH7xekSrbqCrbGrVCU75Y_PKiw(String), Contacts_wc(String)
[2022-06-20 10:22:19.927] [main] [DEBUG] c.s.psinfo.mapper.AuthorityMapper.updateAuthority - <==    Updates: 1
[2022-06-20 10:22:19.927] [main] [INFO ] com.sunova.psinfo.conponment.SpringTaskJob - ******更新微信通讯录密钥成功******
[2022-06-20 10:22:19.966] [main] [DEBUG] o.s.web.servlet.handler.SimpleUrlHandlerMapping - Patterns [/**/favicon.ico] in 'faviconHandlerMapping'
[2022-06-20 10:22:20.084] [main] [INFO ] o.s.scheduling.concurrent.ThreadPoolTaskExecutor - Initializing ExecutorService 'applicationTaskExecutor'
[2022-06-20 10:22:20.091] [main] [DEBUG] o.s.w.s.m.m.a.RequestMappingHandlerAdapter - ControllerAdvice beans: 0 @ModelAttribute, 0 @InitBinder, 1 RequestBodyAdvice, 1 ResponseBodyAdvice
[2022-06-20 10:22:20.119] [main] [DEBUG] o.s.w.s.m.m.a.RequestMappingHandlerMapping - 8 mappings in 'requestMappingHandlerMapping'
[2022-06-20 10:22:20.127] [main] [DEBUG] o.s.web.servlet.handler.SimpleUrlHandlerMapping - Patterns [/webjars/**, /**] in 'resourceHandlerMapping'
[2022-06-20 10:22:20.133] [main] [DEBUG] o.s.w.s.m.m.a.ExceptionHandlerExceptionResolver - ControllerAdvice beans: 0 @ExceptionHandler, 1 ResponseBodyAdvice
[2022-06-20 10:22:20.352] [main] [INFO ] o.s.scheduling.concurrent.ThreadPoolTaskScheduler - Initializing ExecutorService 'taskScheduler'
[2022-06-20 10:22:20.375] [main] [INFO ] o.s.b.actuate.endpoint.web.EndpointLinksResolver - Exposing 1 endpoint(s) beneath base path '/actuator'
[2022-06-20 10:22:20.437] [main] [INFO ] o.s.boot.web.embedded.tomcat.TomcatWebServer - Tomcat started on port(s): 8888 (http) with context path ''
[2022-06-20 10:22:20.438] [main] [INFO ] com.sunova.psinfo.PsInfoApplication - Started PsInfoApplication in 3.581 seconds (JVM running for 4.1)
[2022-06-20 10:22:20.741] [RMI TCP Connection(4)-172.21.3.34] [INFO ] o.a.c.core.ContainerBase.[Tomcat].[localhost].[/] - Initializing Spring DispatcherServlet 'dispatcherServlet'
[2022-06-20 10:22:20.741] [RMI TCP Connection(4)-172.21.3.34] [INFO ] org.springframework.web.servlet.DispatcherServlet - Initializing Servlet 'dispatcherServlet'
[2022-06-20 10:22:20.742] [RMI TCP Connection(4)-172.21.3.34] [DEBUG] org.springframework.web.servlet.DispatcherServlet - Detected StandardServletMultipartResolver
[2022-06-20 10:22:20.748] [RMI TCP Connection(4)-172.21.3.34] [DEBUG] org.springframework.web.servlet.DispatcherServlet - enableLoggingRequestDetails='false': request parameters and headers will be masked to prevent unsafe logging of potentially sensitive data
[2022-06-20 10:22:20.749] [RMI TCP Connection(4)-172.21.3.34] [INFO ] org.springframework.web.servlet.DispatcherServlet - Completed initialization in 7 ms
[2022-06-20 10:22:40.340] [http-nio-8888-exec-1] [DEBUG] org.springframework.web.servlet.DispatcherServlet - GET "/dingtalk/empolyee/get/info", parameters={}
[2022-06-20 10:22:40.344] [http-nio-8888-exec-1] [DEBUG] o.s.w.s.m.m.a.RequestMappingHandlerMapping - Mapped to public void com.sunova.psinfo.controller.DingTalkController.empolyee_get_info(javax.servlet.http.HttpServletRequest,javax.servlet.http.HttpServletResponse)
[2022-06-20 10:22:40.352] [http-nio-8888-exec-1] [INFO ] com.sunova.psinfo.controller.DingTalkController - *****开始读取钉钉员工信息并生成Excel*****
[2022-06-20 10:22:40.353] [http-nio-8888-exec-1] [DEBUG] c.s.p.mapper.AuthorityMapper.getAuthorityByName - ==>  Preparing: select * from appAuthority where application=?
[2022-06-20 10:22:40.354] [http-nio-8888-exec-1] [DEBUG] c.s.p.mapper.AuthorityMapper.getAuthorityByName - ==> Parameters: Contacts_dd(String)
[2022-06-20 10:22:40.360] [http-nio-8888-exec-1] [DEBUG] c.s.p.mapper.AuthorityMapper.getAuthorityByName - <==      Total: 1
[2022-06-20 10:23:43.341] [http-nio-8888-exec-1] [INFO ] com.sunova.psinfo.conponment.ExcelCon - *****src/main/excelFile/dd_2022_06_20_10_06_312.xls生成完成*****
[2022-06-20 10:23:43.342] [http-nio-8888-exec-1] [DEBUG] org.springframework.web.servlet.DispatcherServlet - Completed 200 OK
[2022-06-20 10:36:59.688] [http-nio-8888-exec-4] [DEBUG] org.springframework.web.servlet.DispatcherServlet - GET "/wechat/empolyee/get/info", parameters={}
[2022-06-20 10:36:59.690] [http-nio-8888-exec-4] [DEBUG] o.s.w.s.m.m.a.RequestMappingHandlerMapping - Mapped to public void com.sunova.psinfo.controller.WeChatController.empolyee_get_info(javax.servlet.http.HttpServletRequest,javax.servlet.http.HttpServletResponse)
[2022-06-20 10:36:59.691] [http-nio-8888-exec-4] [INFO ] com.sunova.psinfo.controller.WeChatController - *****开始读取企业微信员工信息并生成Excel*****
[2022-06-20 10:36:59.696] [http-nio-8888-exec-4] [DEBUG] c.s.p.mapper.AuthorityMapper.getAuthorityByName - ==>  Preparing: select * from appAuthority where application=?
[2022-06-20 10:36:59.697] [http-nio-8888-exec-4] [DEBUG] c.s.p.mapper.AuthorityMapper.getAuthorityByName - ==> Parameters: Contacts_wc(String)
[2022-06-20 10:36:59.699] [http-nio-8888-exec-4] [DEBUG] c.s.p.mapper.AuthorityMapper.getAuthorityByName - <==      Total: 1
[2022-06-20 10:37:00.353] [http-nio-8888-exec-4] [ERROR] com.sunova.psinfo.controller.WeChatController - *****员工信息获取失败:Index 0 out of bounds for length 0*****
[2022-06-20 10:37:00.354] [http-nio-8888-exec-4] [DEBUG] org.springframework.web.servlet.DispatcherServlet - Completed 200 OK
[2022-06-20 10:41:28.373] [main] [INFO ] com.sunova.psinfo.PsInfoApplication - Starting PsInfoApplication on XN-DT-05-10 with PID 2356 (D:\IdeaProject\com-sunova-pssyn\target\classes started by 050217 in D:\IdeaProject\com-sunova-pssyn)
[2022-06-20 10:41:28.375] [main] [INFO ] com.sunova.psinfo.PsInfoApplication - No active profile set, falling back to default profiles: default
[2022-06-20 10:41:29.056] [main] [INFO ] o.s.d.r.config.RepositoryConfigurationDelegate - Bootstrapping Spring Data repositories in DEFAULT mode.
[2022-06-20 10:41:29.065] [main] [INFO ] o.s.d.r.config.RepositoryConfigurationDelegate - Finished Spring Data repository scanning in 7ms. Found 0 repository interfaces.
[2022-06-20 10:41:29.291] [main] [INFO ] o.s.c.s.PostProcessorRegistrationDelegate$BeanPostProcessorChecker - Bean 'org.springframework.transaction.annotation.ProxyTransactionManagementConfiguration' of type [org.springframework.transaction.annotation.ProxyTransactionManagementConfiguration$$EnhancerBySpringCGLIB$$c872c74f] is not eligible for getting processed by all BeanPostProcessors (for example: not eligible for auto-proxying)
[2022-06-20 10:41:29.467] [main] [INFO ] o.s.boot.web.embedded.tomcat.TomcatWebServer - Tomcat initialized with port(s): 8888 (http)
[2022-06-20 10:41:29.481] [main] [INFO ] org.apache.catalina.core.StandardService - Starting service [Tomcat]
[2022-06-20 10:41:29.481] [main] [INFO ] org.apache.catalina.core.StandardEngine - Starting Servlet engine: [Apache Tomcat/9.0.17]
[2022-06-20 10:41:29.546] [main] [INFO ] o.a.c.core.ContainerBase.[Tomcat].[localhost].[/] - Initializing Spring embedded WebApplicationContext
[2022-06-20 10:41:29.547] [main] [DEBUG] org.springframework.web.context.ContextLoader - Published root WebApplicationContext as ServletContext attribute with name [org.springframework.web.context.WebApplicationContext.ROOT]
[2022-06-20 10:41:29.547] [main] [INFO ] org.springframework.web.context.ContextLoader - Root WebApplicationContext: initialization completed in 1147 ms
[2022-06-20 10:41:29.793] [main] [DEBUG] o.s.b.web.servlet.ServletContextInitializerBeans - Mapping filters: filterRegistrationBean urls=[/*], filterRegistrationBean urls=[/*], characterEncodingFilter urls=[/*], hiddenHttpMethodFilter urls=[/*], formContentFilter urls=[/*], requestContextFilter urls=[/*], httpTraceFilter urls=[/*]
[2022-06-20 10:41:29.794] [main] [DEBUG] o.s.b.web.servlet.ServletContextInitializerBeans - Mapping servlets: statViewServlet urls=[/druid/*], dispatcherServlet urls=[/]
[2022-06-20 10:41:29.941] [main] [INFO ] com.sunova.psinfo.conponment.SpringTaskJob - ******更新钉钉通讯录密钥定时任务开始执行******
[2022-06-20 10:41:30.476] [main] [INFO ] com.alibaba.druid.pool.DruidDataSource - {dataSource-1} inited
[2022-06-20 10:41:30.551] [main] [DEBUG] c.s.psinfo.mapper.AuthorityMapper.updateAuthority - ==>  Preparing: update appAuthority set accesskey=? where application=?
[2022-06-20 10:41:30.561] [main] [DEBUG] c.s.psinfo.mapper.AuthorityMapper.updateAuthority - ==> Parameters: c76d67e226f53bed8d2cb5e8ca1b7538(String), Contacts_dd(String)
[2022-06-20 10:41:30.562] [main] [DEBUG] c.s.psinfo.mapper.AuthorityMapper.updateAuthority - <==    Updates: 1
[2022-06-20 10:41:30.562] [main] [INFO ] com.sunova.psinfo.conponment.SpringTaskJob - ******更新钉钉通讯录密钥成功******
[2022-06-20 10:41:30.563] [main] [INFO ] com.sunova.psinfo.conponment.SpringTaskJob - ******更新微信通讯录密钥定时任务开始执行******
[2022-06-20 10:41:30.904] [main] [DEBUG] c.s.psinfo.mapper.AuthorityMapper.updateAuthority - ==>  Preparing: update appAuthority set accesskey=? where application=?
[2022-06-20 10:41:30.904] [main] [DEBUG] c.s.psinfo.mapper.AuthorityMapper.updateAuthority - ==> Parameters: KxsGYLOmPvXZOJGuHuyKx4Y3A-n9B9xPuowbrU8bOVW34Bp9wf5pyBzL1a_ZaqLmXiAeGXmT5k3LmvJqKky7UzmDyor_uJbyEla9c1u4t-WWaTnRJFX9f10P6vaN30UR-0kKL_FOqDETdbMvfdjT1vUwJJavaC8G37_zTKg1ms9ohs00drOO59yGVbPmSH7xekSrbqCrbGrVCU75Y_PKiw(String), Contacts_wc(String)
[2022-06-20 10:41:30.905] [main] [DEBUG] c.s.psinfo.mapper.AuthorityMapper.updateAuthority - <==    Updates: 1
[2022-06-20 10:41:30.905] [main] [INFO ] com.sunova.psinfo.conponment.SpringTaskJob - ******更新微信通讯录密钥成功******
[2022-06-20 10:41:30.944] [main] [DEBUG] o.s.web.servlet.handler.SimpleUrlHandlerMapping - Patterns [/**/favicon.ico] in 'faviconHandlerMapping'
[2022-06-20 10:41:31.028] [main] [INFO ] o.s.scheduling.concurrent.ThreadPoolTaskExecutor - Initializing ExecutorService 'applicationTaskExecutor'
[2022-06-20 10:41:31.034] [main] [DEBUG] o.s.w.s.m.m.a.RequestMappingHandlerAdapter - ControllerAdvice beans: 0 @ModelAttribute, 0 @InitBinder, 1 RequestBodyAdvice, 1 ResponseBodyAdvice
[2022-06-20 10:41:31.070] [main] [DEBUG] o.s.w.s.m.m.a.RequestMappingHandlerMapping - 8 mappings in 'requestMappingHandlerMapping'
[2022-06-20 10:41:31.077] [main] [DEBUG] o.s.web.servlet.handler.SimpleUrlHandlerMapping - Patterns [/webjars/**, /**] in 'resourceHandlerMapping'
[2022-06-20 10:41:31.082] [main] [DEBUG] o.s.w.s.m.m.a.ExceptionHandlerExceptionResolver - ControllerAdvice beans: 0 @ExceptionHandler, 1 ResponseBodyAdvice
[2022-06-20 10:41:31.228] [main] [INFO ] o.s.scheduling.concurrent.ThreadPoolTaskScheduler - Initializing ExecutorService 'taskScheduler'
[2022-06-20 10:41:31.245] [main] [INFO ] o.s.b.actuate.endpoint.web.EndpointLinksResolver - Exposing 1 endpoint(s) beneath base path '/actuator'
[2022-06-20 10:41:31.293] [main] [INFO ] o.s.boot.web.embedded.tomcat.TomcatWebServer - Tomcat started on port(s): 8888 (http) with context path ''
[2022-06-20 10:41:31.295] [main] [INFO ] com.sunova.psinfo.PsInfoApplication - Started PsInfoApplication in 3.233 seconds (JVM running for 3.719)
[2022-06-20 10:41:31.840] [RMI TCP Connection(2)-172.21.3.34] [INFO ] o.a.c.core.ContainerBase.[Tomcat].[localhost].[/] - Initializing Spring DispatcherServlet 'dispatcherServlet'
[2022-06-20 10:41:31.841] [RMI TCP Connection(2)-172.21.3.34] [INFO ] org.springframework.web.servlet.DispatcherServlet - Initializing Servlet 'dispatcherServlet'
[2022-06-20 10:41:31.841] [RMI TCP Connection(2)-172.21.3.34] [DEBUG] org.springframework.web.servlet.DispatcherServlet - Detected StandardServletMultipartResolver
[2022-06-20 10:41:31.850] [RMI TCP Connection(2)-172.21.3.34] [DEBUG] org.springframework.web.servlet.DispatcherServlet - enableLoggingRequestDetails='false': request parameters and headers will be masked to prevent unsafe logging of potentially sensitive data
[2022-06-20 10:41:31.850] [RMI TCP Connection(2)-172.21.3.34] [INFO ] org.springframework.web.servlet.DispatcherServlet - Completed initialization in 9 ms
[2022-06-20 10:41:40.078] [http-nio-8888-exec-1] [DEBUG] org.springframework.web.servlet.DispatcherServlet - GET "/wechat/empolyee/get/info", parameters={}
[2022-06-20 10:41:40.082] [http-nio-8888-exec-1] [DEBUG] o.s.w.s.m.m.a.RequestMappingHandlerMapping - Mapped to public void com.sunova.psinfo.controller.WeChatController.empolyee_get_info(javax.servlet.http.HttpServletRequest,javax.servlet.http.HttpServletResponse)
[2022-06-20 10:41:40.087] [http-nio-8888-exec-1] [INFO ] com.sunova.psinfo.controller.WeChatController - *****开始读取企业微信员工信息并生成Excel*****
[2022-06-20 10:41:40.088] [http-nio-8888-exec-1] [DEBUG] c.s.p.mapper.AuthorityMapper.getAuthorityByName - ==>  Preparing: select * from appAuthority where application=?
[2022-06-20 10:41:40.089] [http-nio-8888-exec-1] [DEBUG] c.s.p.mapper.AuthorityMapper.getAuthorityByName - ==> Parameters: Contacts_wc(String)
[2022-06-20 10:41:40.097] [http-nio-8888-exec-1] [DEBUG] c.s.p.mapper.AuthorityMapper.getAuthorityByName - <==      Total: 1
[2022-06-20 10:41:40.636] [http-nio-8888-exec-1] [ERROR] com.sunova.psinfo.controller.WeChatController - *****员工信息获取失败:Index 0 out of bounds for length 0*****
java.lang.IndexOutOfBoundsException: Index 0 out of bounds for length 0
	at java.base/jdk.internal.util.Preconditions.outOfBounds(Preconditions.java:64)
	at java.base/jdk.internal.util.Preconditions.outOfBoundsCheckIndex(Preconditions.java:70)
	at java.base/jdk.internal.util.Preconditions.checkIndex(Preconditions.java:266)
	at java.base/java.util.Objects.checkIndex(Objects.java:359)
	at java.base/java.util.ArrayList.get(ArrayList.java:427)
	at com.sunova.psinfo.conponment.ExcelCon.GenExcel(ExcelCon.java:40)
	at com.sunova.psinfo.controller.WeChatController.empolyee_get_info(WeChatController.java:32)
	at java.base/jdk.internal.reflect.NativeMethodAccessorImpl.invoke0(Native Method)
	at java.base/jdk.internal.reflect.NativeMethodAccessorImpl.invoke(NativeMethodAccessorImpl.java:77)
	at java.base/jdk.internal.reflect.DelegatingMethodAccessorImpl.invoke(DelegatingMethodAccessorImpl.java:43)
	at java.base/java.lang.reflect.Method.invoke(Method.java:568)
	at org.springframework.web.method.support.InvocableHandlerMethod.doInvoke(InvocableHandlerMethod.java:189)
	at org.springframework.web.method.support.InvocableHandlerMethod.invokeForRequest(InvocableHandlerMethod.java:138)
	at org.springframework.web.servlet.mvc.method.annotation.ServletInvocableHandlerMethod.invokeAndHandle(ServletInvocableHandlerMethod.java:102)
	at org.springframework.web.servlet.mvc.method.annotation.RequestMappingHandlerAdapter.invokeHandlerMethod(RequestMappingHandlerAdapter.java:892)
	at org.springframework.web.servlet.mvc.method.annotation.RequestMappingHandlerAdapter.handleInternal(RequestMappingHandlerAdapter.java:797)
	at org.springframework.web.servlet.mvc.method.AbstractHandlerMethodAdapter.handle(AbstractHandlerMethodAdapter.java:87)
	at org.springframework.web.servlet.DispatcherServlet.doDispatch(DispatcherServlet.java:1038)
	at org.springframework.web.servlet.DispatcherServlet.doService(DispatcherServlet.java:942)
	at org.springframework.web.servlet.FrameworkServlet.processRequest(FrameworkServlet.java:1005)
	at org.springframework.web.servlet.FrameworkServlet.doGet(FrameworkServlet.java:897)
	at javax.servlet.http.HttpServlet.service(HttpServlet.java:634)
	at org.springframework.web.servlet.FrameworkServlet.service(FrameworkServlet.java:882)
	at javax.servlet.http.HttpServlet.service(HttpServlet.java:741)
	at org.apache.catalina.core.ApplicationFilterChain.internalDoFilter(ApplicationFilterChain.java:231)
	at org.apache.catalina.core.ApplicationFilterChain.doFilter(ApplicationFilterChain.java:166)
	at org.apache.tomcat.websocket.server.WsFilter.doFilter(WsFilter.java:53)
	at org.apache.catalina.core.ApplicationFilterChain.internalDoFilter(ApplicationFilterChain.java:193)
	at org.apache.catalina.core.ApplicationFilterChain.doFilter(ApplicationFilterChain.java:166)
	at com.alibaba.druid.support.http.WebStatFilter.doFilter(WebStatFilter.java:124)
	at org.apache.catalina.core.ApplicationFilterChain.internalDoFilter(ApplicationFilterChain.java:193)
	at org.apache.catalina.core.ApplicationFilterChain.doFilter(ApplicationFilterChain.java:166)
	at org.springframework.boot.actuate.web.trace.servlet.HttpTraceFilter.doFilterInternal(HttpTraceFilter.java:90)
	at org.springframework.web.filter.OncePerRequestFilter.doFilter(OncePerRequestFilter.java:107)
	at org.apache.catalina.core.ApplicationFilterChain.internalDoFilter(ApplicationFilterChain.java:193)
	at org.apache.catalina.core.ApplicationFilterChain.doFilter(ApplicationFilterChain.java:166)
	at org.springframework.web.filter.RequestContextFilter.doFilterInternal(RequestContextFilter.java:99)
	at org.springframework.web.filter.OncePerRequestFilter.doFilter(OncePerRequestFilter.java:107)
	at org.apache.catalina.core.ApplicationFilterChain.internalDoFilter(ApplicationFilterChain.java:193)
	at org.apache.catalina.core.ApplicationFilterChain.doFilter(ApplicationFilterChain.java:166)
	at org.springframework.web.filter.FormContentFilter.doFilterInternal(FormContentFilter.java:92)
	at org.springframework.web.filter.OncePerRequestFilter.doFilter(OncePerRequestFilter.java:107)
	at org.apache.catalina.core.ApplicationFilterChain.internalDoFilter(ApplicationFilterChain.java:193)
	at org.apache.catalina.core.ApplicationFilterChain.doFilter(ApplicationFilterChain.java:166)
	at org.springframework.web.filter.HiddenHttpMethodFilter.doFilterInternal(HiddenHttpMethodFilter.java:93)
	at org.springframework.web.filter.OncePerRequestFilter.doFilter(OncePerRequestFilter.java:107)
	at org.apache.catalina.core.ApplicationFilterChain.internalDoFilter(ApplicationFilterChain.java:193)
	at org.apache.catalina.core.ApplicationFilterChain.doFilter(ApplicationFilterChain.java:166)
	at org.springframework.boot.actuate.metrics.web.servlet.WebMvcMetricsFilter.filterAndRecordMetrics(WebMvcMetricsFilter.java:117)
	at org.springframework.boot.actuate.metrics.web.servlet.WebMvcMetricsFilter.doFilterInternal(WebMvcMetricsFilter.java:106)
	at org.springframework.web.filter.OncePerRequestFilter.doFilter(OncePerRequestFilter.java:107)
	at org.apache.catalina.core.ApplicationFilterChain.internalDoFilter(ApplicationFilterChain.java:193)
	at org.apache.catalina.core.ApplicationFilterChain.doFilter(ApplicationFilterChain.java:166)
	at org.springframework.web.filter.CharacterEncodingFilter.doFilterInternal(CharacterEncodingFilter.java:200)
	at org.springframework.web.filter.OncePerRequestFilter.doFilter(OncePerRequestFilter.java:107)
	at org.apache.catalina.core.ApplicationFilterChain.internalDoFilter(ApplicationFilterChain.java:193)
	at org.apache.catalina.core.ApplicationFilterChain.doFilter(ApplicationFilterChain.java:166)
	at org.apache.catalina.core.StandardWrapperValve.invoke(StandardWrapperValve.java:200)
	at org.apache.catalina.core.StandardContextValve.invoke(StandardContextValve.java:96)
	at org.apache.catalina.authenticator.AuthenticatorBase.invoke(AuthenticatorBase.java:490)
	at org.apache.catalina.core.StandardHostValve.invoke(StandardHostValve.java:139)
	at org.apache.catalina.valves.ErrorReportValve.invoke(ErrorReportValve.java:92)
	at org.apache.catalina.core.StandardEngineValve.invoke(StandardEngineValve.java:74)
	at org.apache.catalina.connector.CoyoteAdapter.service(CoyoteAdapter.java:343)
	at org.apache.coyote.http11.Http11Processor.service(Http11Processor.java:408)
	at org.apache.coyote.AbstractProcessorLight.process(AbstractProcessorLight.java:66)
	at org.apache.coyote.AbstractProtocol$ConnectionHandler.process(AbstractProtocol.java:834)
	at org.apache.tomcat.util.net.NioEndpoint$SocketProcessor.doRun(NioEndpoint.java:1415)
	at org.apache.tomcat.util.net.SocketProcessorBase.run(SocketProcessorBase.java:49)
	at java.base/java.util.concurrent.ThreadPoolExecutor.runWorker(ThreadPoolExecutor.java:1136)
	at java.base/java.util.concurrent.ThreadPoolExecutor$Worker.run(ThreadPoolExecutor.java:635)
	at org.apache.tomcat.util.threads.TaskThread$WrappingRunnable.run(TaskThread.java:61)
	at java.base/java.lang.Thread.run(Thread.java:833)
[2022-06-20 10:41:40.646] [http-nio-8888-exec-1] [DEBUG] org.springframework.web.servlet.DispatcherServlet - Completed 200 OK
[2022-06-20 10:41:40.666] [http-nio-8888-exec-3] [DEBUG] org.springframework.web.servlet.DispatcherServlet - GET "/favicon.ico", parameters={}
[2022-06-20 10:41:40.667] [http-nio-8888-exec-3] [DEBUG] o.s.web.servlet.handler.SimpleUrlHandlerMapping - Mapped to ResourceHttpRequestHandler [class path resource [META-INF/resources/], class path resource [resources/], class path resource [static/], class path resource [public/], ServletContext resource [/], class path resource []]
[2022-06-20 10:41:40.670] [http-nio-8888-exec-3] [DEBUG] org.springframework.web.servlet.DispatcherServlet - Completed 304 NOT_MODIFIED
[2022-06-20 11:13:20.587] [main] [INFO ] com.sunova.psinfo.PsInfoApplication - Starting PsInfoApplication on XN-DT-05-10 with PID 13772 (D:\IdeaProject\com-sunova-pssyn\target\classes started by 050217 in D:\IdeaProject\com-sunova-pssyn)
[2022-06-20 11:13:20.589] [main] [INFO ] com.sunova.psinfo.PsInfoApplication - No active profile set, falling back to default profiles: default
[2022-06-20 11:13:21.401] [main] [INFO ] o.s.d.r.config.RepositoryConfigurationDelegate - Bootstrapping Spring Data repositories in DEFAULT mode.
[2022-06-20 11:13:21.416] [main] [INFO ] o.s.d.r.config.RepositoryConfigurationDelegate - Finished Spring Data repository scanning in 11ms. Found 0 repository interfaces.
[2022-06-20 11:13:21.688] [main] [INFO ] o.s.c.s.PostProcessorRegistrationDelegate$BeanPostProcessorChecker - Bean 'org.springframework.transaction.annotation.ProxyTransactionManagementConfiguration' of type [org.springframework.transaction.annotation.ProxyTransactionManagementConfiguration$$EnhancerBySpringCGLIB$$6081a40e] is not eligible for getting processed by all BeanPostProcessors (for example: not eligible for auto-proxying)
[2022-06-20 11:13:21.872] [main] [INFO ] o.s.boot.web.embedded.tomcat.TomcatWebServer - Tomcat initialized with port(s): 8888 (http)
[2022-06-20 11:13:21.887] [main] [INFO ] org.apache.catalina.core.StandardService - Starting service [Tomcat]
[2022-06-20 11:13:21.887] [main] [INFO ] org.apache.catalina.core.StandardEngine - Starting Servlet engine: [Apache Tomcat/9.0.17]
[2022-06-20 11:13:21.957] [main] [INFO ] o.a.c.core.ContainerBase.[Tomcat].[localhost].[/] - Initializing Spring embedded WebApplicationContext
[2022-06-20 11:13:21.957] [main] [DEBUG] org.springframework.web.context.ContextLoader - Published root WebApplicationContext as ServletContext attribute with name [org.springframework.web.context.WebApplicationContext.ROOT]
[2022-06-20 11:13:21.957] [main] [INFO ] org.springframework.web.context.ContextLoader - Root WebApplicationContext: initialization completed in 1330 ms
[2022-06-20 11:13:22.194] [main] [DEBUG] o.s.b.web.servlet.ServletContextInitializerBeans - Mapping filters: filterRegistrationBean urls=[/*], filterRegistrationBean urls=[/*], characterEncodingFilter urls=[/*], hiddenHttpMethodFilter urls=[/*], formContentFilter urls=[/*], requestContextFilter urls=[/*], httpTraceFilter urls=[/*]
[2022-06-20 11:13:22.194] [main] [DEBUG] o.s.b.web.servlet.ServletContextInitializerBeans - Mapping servlets: statViewServlet urls=[/druid/*], dispatcherServlet urls=[/]
[2022-06-20 11:13:22.330] [main] [INFO ] com.sunova.psinfo.conponment.SpringTaskJob - ******更新微信通讯录密钥定时任务开始执行******
[2022-06-20 11:13:23.119] [main] [INFO ] com.alibaba.druid.pool.DruidDataSource - {dataSource-1} inited
[2022-06-20 11:13:23.197] [main] [DEBUG] c.s.psinfo.mapper.AuthorityMapper.updateAuthority - ==>  Preparing: update appAuthority set accesskey=? where application=?
[2022-06-20 11:13:23.207] [main] [DEBUG] c.s.psinfo.mapper.AuthorityMapper.updateAuthority - ==> Parameters: KxsGYLOmPvXZOJGuHuyKx4Y3A-n9B9xPuowbrU8bOVW34Bp9wf5pyBzL1a_ZaqLmXiAeGXmT5k3LmvJqKky7UzmDyor_uJbyEla9c1u4t-WWaTnRJFX9f10P6vaN30UR-0kKL_FOqDETdbMvfdjT1vUwJJavaC8G37_zTKg1ms9ohs00drOO59yGVbPmSH7xekSrbqCrbGrVCU75Y_PKiw(String), Contacts_wc(String)
[2022-06-20 11:13:23.208] [main] [DEBUG] c.s.psinfo.mapper.AuthorityMapper.updateAuthority - <==    Updates: 1
[2022-06-20 11:13:23.208] [main] [INFO ] com.sunova.psinfo.conponment.SpringTaskJob - ******更新微信通讯录密钥成功******
[2022-06-20 11:13:23.208] [main] [INFO ] com.sunova.psinfo.conponment.SpringTaskJob - ******更新钉钉通讯录密钥定时任务开始执行******
[2022-06-20 11:13:23.466] [main] [DEBUG] c.s.psinfo.mapper.AuthorityMapper.updateAuthority - ==>  Preparing: update appAuthority set accesskey=? where application=?
[2022-06-20 11:13:23.466] [main] [DEBUG] c.s.psinfo.mapper.AuthorityMapper.updateAuthority - ==> Parameters: c76d67e226f53bed8d2cb5e8ca1b7538(String), Contacts_dd(String)
[2022-06-20 11:13:23.467] [main] [DEBUG] c.s.psinfo.mapper.AuthorityMapper.updateAuthority - <==    Updates: 1
[2022-06-20 11:13:23.468] [main] [INFO ] com.sunova.psinfo.conponment.SpringTaskJob - ******更新钉钉通讯录密钥成功******
[2022-06-20 11:13:23.514] [main] [DEBUG] o.s.web.servlet.handler.SimpleUrlHandlerMapping - Patterns [/**/favicon.ico] in 'faviconHandlerMapping'
[2022-06-20 11:13:23.658] [main] [INFO ] o.s.scheduling.concurrent.ThreadPoolTaskExecutor - Initializing ExecutorService 'applicationTaskExecutor'
[2022-06-20 11:13:23.664] [main] [DEBUG] o.s.w.s.m.m.a.RequestMappingHandlerAdapter - ControllerAdvice beans: 0 @ModelAttribute, 0 @InitBinder, 1 RequestBodyAdvice, 1 ResponseBodyAdvice
[2022-06-20 11:13:23.707] [main] [DEBUG] o.s.w.s.m.m.a.RequestMappingHandlerMapping - 8 mappings in 'requestMappingHandlerMapping'
[2022-06-20 11:13:23.713] [main] [DEBUG] o.s.web.servlet.handler.SimpleUrlHandlerMapping - Patterns [/webjars/**, /**] in 'resourceHandlerMapping'
[2022-06-20 11:13:23.722] [main] [DEBUG] o.s.w.s.m.m.a.ExceptionHandlerExceptionResolver - ControllerAdvice beans: 0 @ExceptionHandler, 1 ResponseBodyAdvice
[2022-06-20 11:13:23.878] [main] [INFO ] o.s.scheduling.concurrent.ThreadPoolTaskScheduler - Initializing ExecutorService 'taskScheduler'
[2022-06-20 11:13:23.896] [main] [INFO ] o.s.b.actuate.endpoint.web.EndpointLinksResolver - Exposing 1 endpoint(s) beneath base path '/actuator'
[2022-06-20 11:13:23.945] [main] [INFO ] o.s.boot.web.embedded.tomcat.TomcatWebServer - Tomcat started on port(s): 8888 (http) with context path ''
[2022-06-20 11:13:23.947] [main] [INFO ] com.sunova.psinfo.PsInfoApplication - Started PsInfoApplication in 3.701 seconds (JVM running for 4.151)
[2022-06-20 11:13:24.090] [RMI TCP Connection(3)-172.21.3.34] [INFO ] o.a.c.core.ContainerBase.[Tomcat].[localhost].[/] - Initializing Spring DispatcherServlet 'dispatcherServlet'
[2022-06-20 11:13:24.091] [RMI TCP Connection(3)-172.21.3.34] [INFO ] org.springframework.web.servlet.DispatcherServlet - Initializing Servlet 'dispatcherServlet'
[2022-06-20 11:13:24.091] [RMI TCP Connection(3)-172.21.3.34] [DEBUG] org.springframework.web.servlet.DispatcherServlet - Detected StandardServletMultipartResolver
[2022-06-20 11:13:24.097] [RMI TCP Connection(3)-172.21.3.34] [DEBUG] org.springframework.web.servlet.DispatcherServlet - enableLoggingRequestDetails='false': request parameters and headers will be masked to prevent unsafe logging of potentially sensitive data
[2022-06-20 11:13:24.097] [RMI TCP Connection(3)-172.21.3.34] [INFO ] org.springframework.web.servlet.DispatcherServlet - Completed initialization in 6 ms
[2022-06-20 11:13:30.370] [main] [INFO ] com.sunova.psinfo.PsInfoApplication - Starting PsInfoApplication on XN-DT-05-10 with PID 16100 (D:\IdeaProject\com-sunova-pssyn\target\classes started by 050217 in D:\IdeaProject\com-sunova-pssyn)
[2022-06-20 11:13:30.376] [main] [INFO ] com.sunova.psinfo.PsInfoApplication - No active profile set, falling back to default profiles: default
[2022-06-20 11:13:30.891] [main] [INFO ] o.s.d.r.config.RepositoryConfigurationDelegate - Bootstrapping Spring Data repositories in DEFAULT mode.
[2022-06-20 11:13:30.900] [main] [INFO ] o.s.d.r.config.RepositoryConfigurationDelegate - Finished Spring Data repository scanning in 7ms. Found 0 repository interfaces.
[2022-06-20 11:13:31.146] [main] [INFO ] o.s.c.s.PostProcessorRegistrationDelegate$BeanPostProcessorChecker - Bean 'org.springframework.transaction.annotation.ProxyTransactionManagementConfiguration' of type [org.springframework.transaction.annotation.ProxyTransactionManagementConfiguration$$EnhancerBySpringCGLIB$$549f31c7] is not eligible for getting processed by all BeanPostProcessors (for example: not eligible for auto-proxying)
[2022-06-20 11:13:31.344] [main] [INFO ] o.s.boot.web.embedded.tomcat.TomcatWebServer - Tomcat initialized with port(s): 8888 (http)
[2022-06-20 11:13:31.358] [main] [INFO ] org.apache.catalina.core.StandardService - Starting service [Tomcat]
[2022-06-20 11:13:31.358] [main] [INFO ] org.apache.catalina.core.StandardEngine - Starting Servlet engine: [Apache Tomcat/9.0.17]
[2022-06-20 11:13:31.421] [main] [INFO ] o.a.c.core.ContainerBase.[Tomcat].[localhost].[/] - Initializing Spring embedded WebApplicationContext
[2022-06-20 11:13:31.421] [main] [DEBUG] org.springframework.web.context.ContextLoader - Published root WebApplicationContext as ServletContext attribute with name [org.springframework.web.context.WebApplicationContext.ROOT]
[2022-06-20 11:13:31.422] [main] [INFO ] org.springframework.web.context.ContextLoader - Root WebApplicationContext: initialization completed in 1010 ms
[2022-06-20 11:13:31.686] [main] [DEBUG] o.s.b.web.servlet.ServletContextInitializerBeans - Mapping filters: filterRegistrationBean urls=[/*], filterRegistrationBean urls=[/*], characterEncodingFilter urls=[/*], hiddenHttpMethodFilter urls=[/*], formContentFilter urls=[/*], requestContextFilter urls=[/*], httpTraceFilter urls=[/*]
[2022-06-20 11:13:31.686] [main] [DEBUG] o.s.b.web.servlet.ServletContextInitializerBeans - Mapping servlets: statViewServlet urls=[/druid/*], dispatcherServlet urls=[/]
[2022-06-20 11:13:31.827] [main] [INFO ] com.sunova.psinfo.conponment.SpringTaskJob - ******更新钉钉通讯录密钥定时任务开始执行******
[2022-06-20 11:13:32.241] [main] [INFO ] com.alibaba.druid.pool.DruidDataSource - {dataSource-1} inited
[2022-06-20 11:13:32.315] [main] [DEBUG] c.s.psinfo.mapper.AuthorityMapper.updateAuthority - ==>  Preparing: update appAuthority set accesskey=? where application=?
[2022-06-20 11:13:32.324] [main] [DEBUG] c.s.psinfo.mapper.AuthorityMapper.updateAuthority - ==> Parameters: c76d67e226f53bed8d2cb5e8ca1b7538(String), Contacts_dd(String)
[2022-06-20 11:13:32.325] [main] [DEBUG] c.s.psinfo.mapper.AuthorityMapper.updateAuthority - <==    Updates: 1
[2022-06-20 11:13:32.326] [main] [INFO ] com.sunova.psinfo.conponment.SpringTaskJob - ******更新钉钉通讯录密钥成功******
[2022-06-20 11:13:32.326] [main] [INFO ] com.sunova.psinfo.conponment.SpringTaskJob - ******更新微信通讯录密钥定时任务开始执行******
[2022-06-20 11:13:32.638] [main] [DEBUG] c.s.psinfo.mapper.AuthorityMapper.updateAuthority - ==>  Preparing: update appAuthority set accesskey=? where application=?
[2022-06-20 11:13:32.639] [main] [DEBUG] c.s.psinfo.mapper.AuthorityMapper.updateAuthority - ==> Parameters: KxsGYLOmPvXZOJGuHuyKx4Y3A-n9B9xPuowbrU8bOVW34Bp9wf5pyBzL1a_ZaqLmXiAeGXmT5k3LmvJqKky7UzmDyor_uJbyEla9c1u4t-WWaTnRJFX9f10P6vaN30UR-0kKL_FOqDETdbMvfdjT1vUwJJavaC8G37_zTKg1ms9ohs00drOO59yGVbPmSH7xekSrbqCrbGrVCU75Y_PKiw(String), Contacts_wc(String)
[2022-06-20 11:13:32.640] [main] [DEBUG] c.s.psinfo.mapper.AuthorityMapper.updateAuthority - <==    Updates: 1
[2022-06-20 11:13:32.640] [main] [INFO ] com.sunova.psinfo.conponment.SpringTaskJob - ******更新微信通讯录密钥成功******
[2022-06-20 11:13:32.680] [main] [DEBUG] o.s.web.servlet.handler.SimpleUrlHandlerMapping - Patterns [/**/favicon.ico] in 'faviconHandlerMapping'
[2022-06-20 11:13:32.771] [main] [INFO ] o.s.scheduling.concurrent.ThreadPoolTaskExecutor - Initializing ExecutorService 'applicationTaskExecutor'
[2022-06-20 11:13:32.778] [main] [DEBUG] o.s.w.s.m.m.a.RequestMappingHandlerAdapter - ControllerAdvice beans: 0 @ModelAttribute, 0 @InitBinder, 1 RequestBodyAdvice, 1 ResponseBodyAdvice
[2022-06-20 11:13:32.813] [main] [DEBUG] o.s.w.s.m.m.a.RequestMappingHandlerMapping - 8 mappings in 'requestMappingHandlerMapping'
[2022-06-20 11:13:32.821] [main] [DEBUG] o.s.web.servlet.handler.SimpleUrlHandlerMapping - Patterns [/webjars/**, /**] in 'resourceHandlerMapping'
[2022-06-20 11:13:32.830] [main] [DEBUG] o.s.w.s.m.m.a.ExceptionHandlerExceptionResolver - ControllerAdvice beans: 0 @ExceptionHandler, 1 ResponseBodyAdvice
[2022-06-20 11:13:32.983] [main] [INFO ] o.s.scheduling.concurrent.ThreadPoolTaskScheduler - Initializing ExecutorService 'taskScheduler'
[2022-06-20 11:13:33.001] [main] [INFO ] o.s.b.actuate.endpoint.web.EndpointLinksResolver - Exposing 1 endpoint(s) beneath base path '/actuator'
[2022-06-20 11:13:33.056] [main] [INFO ] o.s.boot.web.embedded.tomcat.TomcatWebServer - Tomcat started on port(s): 8888 (http) with context path ''
[2022-06-20 11:13:33.058] [main] [INFO ] com.sunova.psinfo.PsInfoApplication - Started PsInfoApplication in 3.059 seconds (JVM running for 4.133)
[2022-06-20 11:13:33.537] [RMI TCP Connection(5)-172.21.3.34] [INFO ] o.a.c.core.ContainerBase.[Tomcat].[localhost].[/] - Initializing Spring DispatcherServlet 'dispatcherServlet'
[2022-06-20 11:13:33.537] [RMI TCP Connection(5)-172.21.3.34] [INFO ] org.springframework.web.servlet.DispatcherServlet - Initializing Servlet 'dispatcherServlet'
[2022-06-20 11:13:33.537] [RMI TCP Connection(5)-172.21.3.34] [DEBUG] org.springframework.web.servlet.DispatcherServlet - Detected StandardServletMultipartResolver
[2022-06-20 11:13:33.543] [RMI TCP Connection(5)-172.21.3.34] [DEBUG] org.springframework.web.servlet.DispatcherServlet - enableLoggingRequestDetails='false': request parameters and headers will be masked to prevent unsafe logging of potentially sensitive data
[2022-06-20 11:13:33.543] [RMI TCP Connection(5)-172.21.3.34] [INFO ] org.springframework.web.servlet.DispatcherServlet - Completed initialization in 6 ms
[2022-06-20 11:13:50.074] [http-nio-8888-exec-3] [DEBUG] org.springframework.web.servlet.DispatcherServlet - GET "/wechat/empolyee/get/info", parameters={}
[2022-06-20 11:13:50.084] [http-nio-8888-exec-3] [DEBUG] o.s.w.s.m.m.a.RequestMappingHandlerMapping - Mapped to public void com.sunova.psinfo.controller.WeChatController.empolyee_get_info(javax.servlet.http.HttpServletRequest,javax.servlet.http.HttpServletResponse)
[2022-06-20 11:13:50.090] [http-nio-8888-exec-3] [INFO ] com.sunova.psinfo.controller.WeChatController - *****开始读取企业微信员工信息并生成Excel*****
[2022-06-20 11:13:50.092] [http-nio-8888-exec-3] [DEBUG] c.s.p.mapper.AuthorityMapper.getAuthorityByName - ==>  Preparing: select * from appAuthority where application=?
[2022-06-20 11:13:50.092] [http-nio-8888-exec-3] [DEBUG] c.s.p.mapper.AuthorityMapper.getAuthorityByName - ==> Parameters: Contacts_wc(String)
[2022-06-20 11:13:50.101] [http-nio-8888-exec-3] [DEBUG] c.s.p.mapper.AuthorityMapper.getAuthorityByName - <==      Total: 1
[2022-06-20 11:14:45.756] [http-nio-8888-exec-2] [DEBUG] org.springframework.web.servlet.DispatcherServlet - GET "/", parameters={}
[2022-06-20 11:14:45.759] [http-nio-8888-exec-2] [DEBUG] o.s.web.servlet.handler.SimpleUrlHandlerMapping - Mapped to ResourceHttpRequestHandler ["classpath:/META-INF/resources/", "classpath:/resources/", "classpath:/static/", "classpath:/public/", "/"]
[2022-06-20 11:14:45.759] [http-nio-8888-exec-2] [DEBUG] o.s.w.servlet.resource.ResourceHttpRequestHandler - Resource not found
[2022-06-20 11:14:45.759] [http-nio-8888-exec-2] [DEBUG] org.springframework.web.servlet.DispatcherServlet - Completed 404 NOT_FOUND
[2022-06-20 11:14:45.756] [http-nio-8888-exec-3] [ERROR] com.sunova.psinfo.service.Impl.WeChatServiceImpl - *****获取微信部门信息成功*****
[2022-06-20 11:14:45.770] [http-nio-8888-exec-2] [DEBUG] org.springframework.web.servlet.DispatcherServlet - "ERROR" dispatch for GET "/error", parameters={}
[2022-06-20 11:14:45.771] [http-nio-8888-exec-2] [DEBUG] o.s.w.s.m.m.a.RequestMappingHandlerMapping - Mapped to public org.springframework.http.ResponseEntity<java.util.Map<java.lang.String, java.lang.Object>> org.springframework.boot.autoconfigure.web.servlet.error.BasicErrorController.error(javax.servlet.http.HttpServletRequest)
[2022-06-20 11:14:56.483] [http-nio-8888-exec-2] [DEBUG] o.s.w.s.m.m.annotation.HttpEntityMethodProcessor - Using 'application/json', given [*/*] and supported [application/json, application/*+json, application/json, application/*+json]
[2022-06-20 11:14:56.487] [http-nio-8888-exec-2] [DEBUG] o.s.w.s.m.m.annotation.HttpEntityMethodProcessor - Writing [{timestamp=Mon Jun 20 11:14:45 CST 2022, status=404, error=Not Found, message=No message available,  (truncated)...]
[2022-06-20 11:15:19.332] [http-nio-8888-exec-2] [DEBUG] org.springframework.web.servlet.DispatcherServlet - Exiting from "ERROR" dispatch, status 404
[2022-06-20 11:16:06.477] [http-nio-8888-exec-3] [ERROR] com.sunova.psinfo.controller.WeChatController - *****员工信息获取失败:Index 0 out of bounds for length 0*****
java.lang.IndexOutOfBoundsException: Index 0 out of bounds for length 0
	at java.base/jdk.internal.util.Preconditions.outOfBounds(Preconditions.java:64)
	at java.base/jdk.internal.util.Preconditions.outOfBoundsCheckIndex(Preconditions.java:70)
	at java.base/jdk.internal.util.Preconditions.checkIndex(Preconditions.java:266)
	at java.base/java.util.Objects.checkIndex(Objects.java:359)
	at java.base/java.util.ArrayList.get(ArrayList.java:427)
	at com.sunova.psinfo.conponment.ExcelCon.GenExcel(ExcelCon.java:40)
	at com.sunova.psinfo.controller.WeChatController.empolyee_get_info(WeChatController.java:32)
	at java.base/jdk.internal.reflect.NativeMethodAccessorImpl.invoke0(Native Method)
	at java.base/jdk.internal.reflect.NativeMethodAccessorImpl.invoke(NativeMethodAccessorImpl.java:77)
	at java.base/jdk.internal.reflect.DelegatingMethodAccessorImpl.invoke(DelegatingMethodAccessorImpl.java:43)
	at java.base/java.lang.reflect.Method.invoke(Method.java:568)
	at org.springframework.web.method.support.InvocableHandlerMethod.doInvoke(InvocableHandlerMethod.java:189)
	at org.springframework.web.method.support.InvocableHandlerMethod.invokeForRequest(InvocableHandlerMethod.java:138)
	at org.springframework.web.servlet.mvc.method.annotation.ServletInvocableHandlerMethod.invokeAndHandle(ServletInvocableHandlerMethod.java:102)
	at org.springframework.web.servlet.mvc.method.annotation.RequestMappingHandlerAdapter.invokeHandlerMethod(RequestMappingHandlerAdapter.java:892)
	at org.springframework.web.servlet.mvc.method.annotation.RequestMappingHandlerAdapter.handleInternal(RequestMappingHandlerAdapter.java:797)
	at org.springframework.web.servlet.mvc.method.AbstractHandlerMethodAdapter.handle(AbstractHandlerMethodAdapter.java:87)
	at org.springframework.web.servlet.DispatcherServlet.doDispatch(DispatcherServlet.java:1038)
	at org.springframework.web.servlet.DispatcherServlet.doService(DispatcherServlet.java:942)
	at org.springframework.web.servlet.FrameworkServlet.processRequest(FrameworkServlet.java:1005)
	at org.springframework.web.servlet.FrameworkServlet.doGet(FrameworkServlet.java:897)
	at javax.servlet.http.HttpServlet.service(HttpServlet.java:634)
	at org.springframework.web.servlet.FrameworkServlet.service(FrameworkServlet.java:882)
	at javax.servlet.http.HttpServlet.service(HttpServlet.java:741)
	at org.apache.catalina.core.ApplicationFilterChain.internalDoFilter(ApplicationFilterChain.java:231)
	at org.apache.catalina.core.ApplicationFilterChain.doFilter(ApplicationFilterChain.java:166)
	at org.apache.tomcat.websocket.server.WsFilter.doFilter(WsFilter.java:53)
	at org.apache.catalina.core.ApplicationFilterChain.internalDoFilter(ApplicationFilterChain.java:193)
	at org.apache.catalina.core.ApplicationFilterChain.doFilter(ApplicationFilterChain.java:166)
	at com.alibaba.druid.support.http.WebStatFilter.doFilter(WebStatFilter.java:124)
	at org.apache.catalina.core.ApplicationFilterChain.internalDoFilter(ApplicationFilterChain.java:193)
	at org.apache.catalina.core.ApplicationFilterChain.doFilter(ApplicationFilterChain.java:166)
	at org.springframework.boot.actuate.web.trace.servlet.HttpTraceFilter.doFilterInternal(HttpTraceFilter.java:90)
	at org.springframework.web.filter.OncePerRequestFilter.doFilter(OncePerRequestFilter.java:107)
	at org.apache.catalina.core.ApplicationFilterChain.internalDoFilter(ApplicationFilterChain.java:193)
	at org.apache.catalina.core.ApplicationFilterChain.doFilter(ApplicationFilterChain.java:166)
	at org.springframework.web.filter.RequestContextFilter.doFilterInternal(RequestContextFilter.java:99)
	at org.springframework.web.filter.OncePerRequestFilter.doFilter(OncePerRequestFilter.java:107)
	at org.apache.catalina.core.ApplicationFilterChain.internalDoFilter(ApplicationFilterChain.java:193)
	at org.apache.catalina.core.ApplicationFilterChain.doFilter(ApplicationFilterChain.java:166)
	at org.springframework.web.filter.FormContentFilter.doFilterInternal(FormContentFilter.java:92)
	at org.springframework.web.filter.OncePerRequestFilter.doFilter(OncePerRequestFilter.java:107)
	at org.apache.catalina.core.ApplicationFilterChain.internalDoFilter(ApplicationFilterChain.java:193)
	at org.apache.catalina.core.ApplicationFilterChain.doFilter(ApplicationFilterChain.java:166)
	at org.springframework.web.filter.HiddenHttpMethodFilter.doFilterInternal(HiddenHttpMethodFilter.java:93)
	at org.springframework.web.filter.OncePerRequestFilter.doFilter(OncePerRequestFilter.java:107)
	at org.apache.catalina.core.ApplicationFilterChain.internalDoFilter(ApplicationFilterChain.java:193)
	at org.apache.catalina.core.ApplicationFilterChain.doFilter(ApplicationFilterChain.java:166)
	at org.springframework.boot.actuate.metrics.web.servlet.WebMvcMetricsFilter.filterAndRecordMetrics(WebMvcMetricsFilter.java:117)
	at org.springframework.boot.actuate.metrics.web.servlet.WebMvcMetricsFilter.doFilterInternal(WebMvcMetricsFilter.java:106)
	at org.springframework.web.filter.OncePerRequestFilter.doFilter(OncePerRequestFilter.java:107)
	at org.apache.catalina.core.ApplicationFilterChain.internalDoFilter(ApplicationFilterChain.java:193)
	at org.apache.catalina.core.ApplicationFilterChain.doFilter(ApplicationFilterChain.java:166)
	at org.springframework.web.filter.CharacterEncodingFilter.doFilterInternal(CharacterEncodingFilter.java:200)
	at org.springframework.web.filter.OncePerRequestFilter.doFilter(OncePerRequestFilter.java:107)
	at org.apache.catalina.core.ApplicationFilterChain.internalDoFilter(ApplicationFilterChain.java:193)
	at org.apache.catalina.core.ApplicationFilterChain.doFilter(ApplicationFilterChain.java:166)
	at org.apache.catalina.core.StandardWrapperValve.invoke(StandardWrapperValve.java:200)
	at org.apache.catalina.core.StandardContextValve.invoke(StandardContextValve.java:96)
	at org.apache.catalina.authenticator.AuthenticatorBase.invoke(AuthenticatorBase.java:490)
	at org.apache.catalina.core.StandardHostValve.invoke(StandardHostValve.java:139)
	at org.apache.catalina.valves.ErrorReportValve.invoke(ErrorReportValve.java:92)
	at org.apache.catalina.core.StandardEngineValve.invoke(StandardEngineValve.java:74)
	at org.apache.catalina.connector.CoyoteAdapter.service(CoyoteAdapter.java:343)
	at org.apache.coyote.http11.Http11Processor.service(Http11Processor.java:408)
	at org.apache.coyote.AbstractProcessorLight.process(AbstractProcessorLight.java:66)
	at org.apache.coyote.AbstractProtocol$ConnectionHandler.process(AbstractProtocol.java:834)
	at org.apache.tomcat.util.net.NioEndpoint$SocketProcessor.doRun(NioEndpoint.java:1415)
	at org.apache.tomcat.util.net.SocketProcessorBase.run(SocketProcessorBase.java:49)
	at java.base/java.util.concurrent.ThreadPoolExecutor.runWorker(ThreadPoolExecutor.java:1136)
	at java.base/java.util.concurrent.ThreadPoolExecutor$Worker.run(ThreadPoolExecutor.java:635)
	at org.apache.tomcat.util.threads.TaskThread$WrappingRunnable.run(TaskThread.java:61)
	at java.base/java.lang.Thread.run(Thread.java:833)
[2022-06-20 11:16:11.916] [http-nio-8888-exec-3] [DEBUG] org.springframework.web.servlet.DispatcherServlet - Completed 200 OK
[2022-06-20 11:17:02.399] [http-nio-8888-exec-4] [DEBUG] org.springframework.web.servlet.DispatcherServlet - GET "/wechat/empolyee/get/info", parameters={}
[2022-06-20 11:17:02.401] [http-nio-8888-exec-4] [DEBUG] o.s.w.s.m.m.a.RequestMappingHandlerMapping - Mapped to public void com.sunova.psinfo.controller.WeChatController.empolyee_get_info(javax.servlet.http.HttpServletRequest,javax.servlet.http.HttpServletResponse)
[2022-06-20 11:17:02.401] [http-nio-8888-exec-4] [INFO ] com.sunova.psinfo.controller.WeChatController - *****开始读取企业微信员工信息并生成Excel*****
[2022-06-20 11:17:02.408] [http-nio-8888-exec-4] [DEBUG] c.s.p.mapper.AuthorityMapper.getAuthorityByName - ==>  Preparing: select * from appAuthority where application=?
[2022-06-20 11:17:02.410] [http-nio-8888-exec-4] [DEBUG] c.s.p.mapper.AuthorityMapper.getAuthorityByName - ==> Parameters: Contacts_wc(String)
[2022-06-20 11:17:02.411] [http-nio-8888-exec-4] [DEBUG] c.s.p.mapper.AuthorityMapper.getAuthorityByName - <==      Total: 1
[2022-06-20 11:17:12.986] [http-nio-8888-exec-4] [ERROR] com.sunova.psinfo.service.Impl.WeChatServiceImpl - *****获取微信部门信息成功*****
[2022-06-20 11:19:17.375] [main] [INFO ] com.sunova.psinfo.PsInfoApplication - Starting PsInfoApplication on XN-DT-05-10 with PID 736 (D:\IdeaProject\com-sunova-pssyn\target\classes started by 050217 in D:\IdeaProject\com-sunova-pssyn)
[2022-06-20 11:19:17.378] [main] [INFO ] com.sunova.psinfo.PsInfoApplication - No active profile set, falling back to default profiles: default
[2022-06-20 11:19:18.173] [main] [INFO ] o.s.d.r.config.RepositoryConfigurationDelegate - Bootstrapping Spring Data repositories in DEFAULT mode.
[2022-06-20 11:19:18.184] [main] [INFO ] o.s.d.r.config.RepositoryConfigurationDelegate - Finished Spring Data repository scanning in 9ms. Found 0 repository interfaces.
[2022-06-20 11:19:18.415] [main] [INFO ] o.s.c.s.PostProcessorRegistrationDelegate$BeanPostProcessorChecker - Bean 'org.springframework.transaction.annotation.ProxyTransactionManagementConfiguration' of type [org.springframework.transaction.annotation.ProxyTransactionManagementConfiguration$$EnhancerBySpringCGLIB$$480ade27] is not eligible for getting processed by all BeanPostProcessors (for example: not eligible for auto-proxying)
[2022-06-20 11:19:18.587] [main] [INFO ] o.s.boot.web.embedded.tomcat.TomcatWebServer - Tomcat initialized with port(s): 8888 (http)
[2022-06-20 11:19:18.601] [main] [INFO ] org.apache.catalina.core.StandardService - Starting service [Tomcat]
[2022-06-20 11:19:18.602] [main] [INFO ] org.apache.catalina.core.StandardEngine - Starting Servlet engine: [Apache Tomcat/9.0.17]
[2022-06-20 11:19:18.673] [main] [INFO ] o.a.c.core.ContainerBase.[Tomcat].[localhost].[/] - Initializing Spring embedded WebApplicationContext
[2022-06-20 11:19:18.673] [main] [DEBUG] org.springframework.web.context.ContextLoader - Published root WebApplicationContext as ServletContext attribute with name [org.springframework.web.context.WebApplicationContext.ROOT]
[2022-06-20 11:19:18.673] [main] [INFO ] org.springframework.web.context.ContextLoader - Root WebApplicationContext: initialization completed in 1263 ms
[2022-06-20 11:19:18.922] [main] [DEBUG] o.s.b.web.servlet.ServletContextInitializerBeans - Mapping filters: filterRegistrationBean urls=[/*], filterRegistrationBean urls=[/*], characterEncodingFilter urls=[/*], hiddenHttpMethodFilter urls=[/*], formContentFilter urls=[/*], requestContextFilter urls=[/*], httpTraceFilter urls=[/*]
[2022-06-20 11:19:18.922] [main] [DEBUG] o.s.b.web.servlet.ServletContextInitializerBeans - Mapping servlets: statViewServlet urls=[/druid/*], dispatcherServlet urls=[/]
[2022-06-20 11:19:19.055] [main] [INFO ] com.sunova.psinfo.conponment.SpringTaskJob - ******更新钉钉通讯录密钥定时任务开始执行******
[2022-06-20 11:19:19.454] [main] [INFO ] com.alibaba.druid.pool.DruidDataSource - {dataSource-1} inited
[2022-06-20 11:19:19.524] [main] [DEBUG] c.s.psinfo.mapper.AuthorityMapper.updateAuthority - ==>  Preparing: update appAuthority set accesskey=? where application=?
[2022-06-20 11:19:19.534] [main] [DEBUG] c.s.psinfo.mapper.AuthorityMapper.updateAuthority - ==> Parameters: c76d67e226f53bed8d2cb5e8ca1b7538(String), Contacts_dd(String)
[2022-06-20 11:19:19.535] [main] [DEBUG] c.s.psinfo.mapper.AuthorityMapper.updateAuthority - <==    Updates: 1
[2022-06-20 11:19:19.536] [main] [INFO ] com.sunova.psinfo.conponment.SpringTaskJob - ******更新钉钉通讯录密钥成功******
[2022-06-20 11:19:19.536] [main] [INFO ] com.sunova.psinfo.conponment.SpringTaskJob - ******更新微信通讯录密钥定时任务开始执行******
[2022-06-20 11:19:19.865] [main] [DEBUG] c.s.psinfo.mapper.AuthorityMapper.updateAuthority - ==>  Preparing: update appAuthority set accesskey=? where application=?
[2022-06-20 11:19:19.865] [main] [DEBUG] c.s.psinfo.mapper.AuthorityMapper.updateAuthority - ==> Parameters: KxsGYLOmPvXZOJGuHuyKx4Y3A-n9B9xPuowbrU8bOVW34Bp9wf5pyBzL1a_ZaqLmXiAeGXmT5k3LmvJqKky7UzmDyor_uJbyEla9c1u4t-WWaTnRJFX9f10P6vaN30UR-0kKL_FOqDETdbMvfdjT1vUwJJavaC8G37_zTKg1ms9ohs00drOO59yGVbPmSH7xekSrbqCrbGrVCU75Y_PKiw(String), Contacts_wc(String)
[2022-06-20 11:19:19.866] [main] [DEBUG] c.s.psinfo.mapper.AuthorityMapper.updateAuthority - <==    Updates: 1
[2022-06-20 11:19:19.866] [main] [INFO ] com.sunova.psinfo.conponment.SpringTaskJob - ******更新微信通讯录密钥成功******
[2022-06-20 11:19:19.904] [main] [DEBUG] o.s.web.servlet.handler.SimpleUrlHandlerMapping - Patterns [/**/favicon.ico] in 'faviconHandlerMapping'
[2022-06-20 11:19:19.998] [main] [INFO ] o.s.scheduling.concurrent.ThreadPoolTaskExecutor - Initializing ExecutorService 'applicationTaskExecutor'
[2022-06-20 11:19:20.006] [main] [DEBUG] o.s.w.s.m.m.a.RequestMappingHandlerAdapter - ControllerAdvice beans: 0 @ModelAttribute, 0 @InitBinder, 1 RequestBodyAdvice, 1 ResponseBodyAdvice
[2022-06-20 11:19:20.042] [main] [DEBUG] o.s.w.s.m.m.a.RequestMappingHandlerMapping - 8 mappings in 'requestMappingHandlerMapping'
[2022-06-20 11:19:20.053] [main] [DEBUG] o.s.web.servlet.handler.SimpleUrlHandlerMapping - Patterns [/webjars/**, /**] in 'resourceHandlerMapping'
[2022-06-20 11:19:20.061] [main] [DEBUG] o.s.w.s.m.m.a.ExceptionHandlerExceptionResolver - ControllerAdvice beans: 0 @ExceptionHandler, 1 ResponseBodyAdvice
[2022-06-20 11:19:20.208] [main] [INFO ] o.s.scheduling.concurrent.ThreadPoolTaskScheduler - Initializing ExecutorService 'taskScheduler'
[2022-06-20 11:19:20.225] [main] [INFO ] o.s.b.actuate.endpoint.web.EndpointLinksResolver - Exposing 1 endpoint(s) beneath base path '/actuator'
[2022-06-20 11:19:20.277] [main] [INFO ] o.s.boot.web.embedded.tomcat.TomcatWebServer - Tomcat started on port(s): 8888 (http) with context path ''
[2022-06-20 11:19:20.285] [main] [INFO ] com.sunova.psinfo.PsInfoApplication - Started PsInfoApplication in 3.187 seconds (JVM running for 3.7)
[2022-06-20 11:19:20.544] [RMI TCP Connection(4)-172.21.3.34] [INFO ] o.a.c.core.ContainerBase.[Tomcat].[localhost].[/] - Initializing Spring DispatcherServlet 'dispatcherServlet'
[2022-06-20 11:19:20.544] [RMI TCP Connection(4)-172.21.3.34] [INFO ] org.springframework.web.servlet.DispatcherServlet - Initializing Servlet 'dispatcherServlet'
[2022-06-20 11:19:20.544] [RMI TCP Connection(4)-172.21.3.34] [DEBUG] org.springframework.web.servlet.DispatcherServlet - Detected StandardServletMultipartResolver
[2022-06-20 11:19:20.556] [RMI TCP Connection(4)-172.21.3.34] [DEBUG] org.springframework.web.servlet.DispatcherServlet - enableLoggingRequestDetails='false': request parameters and headers will be masked to prevent unsafe logging of potentially sensitive data
[2022-06-20 11:19:20.556] [RMI TCP Connection(4)-172.21.3.34] [INFO ] org.springframework.web.servlet.DispatcherServlet - Completed initialization in 12 ms
[2022-06-20 11:19:29.365] [http-nio-8888-exec-1] [DEBUG] org.springframework.web.servlet.DispatcherServlet - GET "/wechat/empolyee/get/info", parameters={}
[2022-06-20 11:19:29.369] [http-nio-8888-exec-1] [DEBUG] o.s.w.s.m.m.a.RequestMappingHandlerMapping - Mapped to public void com.sunova.psinfo.controller.WeChatController.empolyee_get_info(javax.servlet.http.HttpServletRequest,javax.servlet.http.HttpServletResponse)
[2022-06-20 11:19:29.379] [http-nio-8888-exec-1] [INFO ] com.sunova.psinfo.controller.WeChatController - *****开始读取企业微信员工信息并生成Excel*****
[2022-06-20 11:19:29.381] [http-nio-8888-exec-1] [DEBUG] c.s.p.mapper.AuthorityMapper.getAuthorityByName - ==>  Preparing: select * from appAuthority where application=?
[2022-06-20 11:19:29.382] [http-nio-8888-exec-1] [DEBUG] c.s.p.mapper.AuthorityMapper.getAuthorityByName - ==> Parameters: Contacts_wc(String)
[2022-06-20 11:19:29.388] [http-nio-8888-exec-1] [DEBUG] c.s.p.mapper.AuthorityMapper.getAuthorityByName - <==      Total: 1
[2022-06-20 11:19:29.643] [http-nio-8888-exec-1] [INFO ] com.sunova.psinfo.service.Impl.WeChatServiceImpl - *****获取微信部门信息成功*****
[2022-06-20 11:19:29.870] [http-nio-8888-exec-1] [ERROR] com.sunova.psinfo.controller.WeChatController - *****员工信息获取失败:Index 0 out of bounds for length 0*****
java.lang.IndexOutOfBoundsException: Index 0 out of bounds for length 0
	at java.base/jdk.internal.util.Preconditions.outOfBounds(Preconditions.java:64)
	at java.base/jdk.internal.util.Preconditions.outOfBoundsCheckIndex(Preconditions.java:70)
	at java.base/jdk.internal.util.Preconditions.checkIndex(Preconditions.java:266)
	at java.base/java.util.Objects.checkIndex(Objects.java:359)
	at java.base/java.util.ArrayList.get(ArrayList.java:427)
	at com.sunova.psinfo.conponment.ExcelCon.GenExcel(ExcelCon.java:40)
	at com.sunova.psinfo.controller.WeChatController.empolyee_get_info(WeChatController.java:32)
	at java.base/jdk.internal.reflect.NativeMethodAccessorImpl.invoke0(Native Method)
	at java.base/jdk.internal.reflect.NativeMethodAccessorImpl.invoke(NativeMethodAccessorImpl.java:77)
	at java.base/jdk.internal.reflect.DelegatingMethodAccessorImpl.invoke(DelegatingMethodAccessorImpl.java:43)
	at java.base/java.lang.reflect.Method.invoke(Method.java:568)
	at org.springframework.web.method.support.InvocableHandlerMethod.doInvoke(InvocableHandlerMethod.java:189)
	at org.springframework.web.method.support.InvocableHandlerMethod.invokeForRequest(InvocableHandlerMethod.java:138)
	at org.springframework.web.servlet.mvc.method.annotation.ServletInvocableHandlerMethod.invokeAndHandle(ServletInvocableHandlerMethod.java:102)
	at org.springframework.web.servlet.mvc.method.annotation.RequestMappingHandlerAdapter.invokeHandlerMethod(RequestMappingHandlerAdapter.java:892)
	at org.springframework.web.servlet.mvc.method.annotation.RequestMappingHandlerAdapter.handleInternal(RequestMappingHandlerAdapter.java:797)
	at org.springframework.web.servlet.mvc.method.AbstractHandlerMethodAdapter.handle(AbstractHandlerMethodAdapter.java:87)
	at org.springframework.web.servlet.DispatcherServlet.doDispatch(DispatcherServlet.java:1038)
	at org.springframework.web.servlet.DispatcherServlet.doService(DispatcherServlet.java:942)
	at org.springframework.web.servlet.FrameworkServlet.processRequest(FrameworkServlet.java:1005)
	at org.springframework.web.servlet.FrameworkServlet.doGet(FrameworkServlet.java:897)
	at javax.servlet.http.HttpServlet.service(HttpServlet.java:634)
	at org.springframework.web.servlet.FrameworkServlet.service(FrameworkServlet.java:882)
	at javax.servlet.http.HttpServlet.service(HttpServlet.java:741)
	at org.apache.catalina.core.ApplicationFilterChain.internalDoFilter(ApplicationFilterChain.java:231)
	at org.apache.catalina.core.ApplicationFilterChain.doFilter(ApplicationFilterChain.java:166)
	at org.apache.tomcat.websocket.server.WsFilter.doFilter(WsFilter.java:53)
	at org.apache.catalina.core.ApplicationFilterChain.internalDoFilter(ApplicationFilterChain.java:193)
	at org.apache.catalina.core.ApplicationFilterChain.doFilter(ApplicationFilterChain.java:166)
	at com.alibaba.druid.support.http.WebStatFilter.doFilter(WebStatFilter.java:124)
	at org.apache.catalina.core.ApplicationFilterChain.internalDoFilter(ApplicationFilterChain.java:193)
	at org.apache.catalina.core.ApplicationFilterChain.doFilter(ApplicationFilterChain.java:166)
	at org.springframework.boot.actuate.web.trace.servlet.HttpTraceFilter.doFilterInternal(HttpTraceFilter.java:90)
	at org.springframework.web.filter.OncePerRequestFilter.doFilter(OncePerRequestFilter.java:107)
	at org.apache.catalina.core.ApplicationFilterChain.internalDoFilter(ApplicationFilterChain.java:193)
	at org.apache.catalina.core.ApplicationFilterChain.doFilter(ApplicationFilterChain.java:166)
	at org.springframework.web.filter.RequestContextFilter.doFilterInternal(RequestContextFilter.java:99)
	at org.springframework.web.filter.OncePerRequestFilter.doFilter(OncePerRequestFilter.java:107)
	at org.apache.catalina.core.ApplicationFilterChain.internalDoFilter(ApplicationFilterChain.java:193)
	at org.apache.catalina.core.ApplicationFilterChain.doFilter(ApplicationFilterChain.java:166)
	at org.springframework.web.filter.FormContentFilter.doFilterInternal(FormContentFilter.java:92)
	at org.springframework.web.filter.OncePerRequestFilter.doFilter(OncePerRequestFilter.java:107)
	at org.apache.catalina.core.ApplicationFilterChain.internalDoFilter(ApplicationFilterChain.java:193)
	at org.apache.catalina.core.ApplicationFilterChain.doFilter(ApplicationFilterChain.java:166)
	at org.springframework.web.filter.HiddenHttpMethodFilter.doFilterInternal(HiddenHttpMethodFilter.java:93)
	at org.springframework.web.filter.OncePerRequestFilter.doFilter(OncePerRequestFilter.java:107)
	at org.apache.catalina.core.ApplicationFilterChain.internalDoFilter(ApplicationFilterChain.java:193)
	at org.apache.catalina.core.ApplicationFilterChain.doFilter(ApplicationFilterChain.java:166)
	at org.springframework.boot.actuate.metrics.web.servlet.WebMvcMetricsFilter.filterAndRecordMetrics(WebMvcMetricsFilter.java:117)
	at org.springframework.boot.actuate.metrics.web.servlet.WebMvcMetricsFilter.doFilterInternal(WebMvcMetricsFilter.java:106)
	at org.springframework.web.filter.OncePerRequestFilter.doFilter(OncePerRequestFilter.java:107)
	at org.apache.catalina.core.ApplicationFilterChain.internalDoFilter(ApplicationFilterChain.java:193)
	at org.apache.catalina.core.ApplicationFilterChain.doFilter(ApplicationFilterChain.java:166)
	at org.springframework.web.filter.CharacterEncodingFilter.doFilterInternal(CharacterEncodingFilter.java:200)
	at org.springframework.web.filter.OncePerRequestFilter.doFilter(OncePerRequestFilter.java:107)
	at org.apache.catalina.core.ApplicationFilterChain.internalDoFilter(ApplicationFilterChain.java:193)
	at org.apache.catalina.core.ApplicationFilterChain.doFilter(ApplicationFilterChain.java:166)
	at org.apache.catalina.core.StandardWrapperValve.invoke(StandardWrapperValve.java:200)
	at org.apache.catalina.core.StandardContextValve.invoke(StandardContextValve.java:96)
	at org.apache.catalina.authenticator.AuthenticatorBase.invoke(AuthenticatorBase.java:490)
	at org.apache.catalina.core.StandardHostValve.invoke(StandardHostValve.java:139)
	at org.apache.catalina.valves.ErrorReportValve.invoke(ErrorReportValve.java:92)
	at org.apache.catalina.core.StandardEngineValve.invoke(StandardEngineValve.java:74)
	at org.apache.catalina.connector.CoyoteAdapter.service(CoyoteAdapter.java:343)
	at org.apache.coyote.http11.Http11Processor.service(Http11Processor.java:408)
	at org.apache.coyote.AbstractProcessorLight.process(AbstractProcessorLight.java:66)
	at org.apache.coyote.AbstractProtocol$ConnectionHandler.process(AbstractProtocol.java:834)
	at org.apache.tomcat.util.net.NioEndpoint$SocketProcessor.doRun(NioEndpoint.java:1415)
	at org.apache.tomcat.util.net.SocketProcessorBase.run(SocketProcessorBase.java:49)
	at java.base/java.util.concurrent.ThreadPoolExecutor.runWorker(ThreadPoolExecutor.java:1136)
	at java.base/java.util.concurrent.ThreadPoolExecutor$Worker.run(ThreadPoolExecutor.java:635)
	at org.apache.tomcat.util.threads.TaskThread$WrappingRunnable.run(TaskThread.java:61)
	at java.base/java.lang.Thread.run(Thread.java:833)
[2022-06-20 11:19:29.885] [http-nio-8888-exec-1] [DEBUG] org.springframework.web.servlet.DispatcherServlet - Completed 200 OK
[2022-06-20 11:20:13.651] [main] [INFO ] com.sunova.psinfo.PsInfoApplication - Starting PsInfoApplication on XN-DT-05-10 with PID 11444 (D:\IdeaProject\com-sunova-pssyn\target\classes started by 050217 in D:\IdeaProject\com-sunova-pssyn)
[2022-06-20 11:20:13.654] [main] [INFO ] com.sunova.psinfo.PsInfoApplication - No active profile set, falling back to default profiles: default
[2022-06-20 11:20:14.334] [main] [INFO ] o.s.d.r.config.RepositoryConfigurationDelegate - Bootstrapping Spring Data repositories in DEFAULT mode.
[2022-06-20 11:20:14.343] [main] [INFO ] o.s.d.r.config.RepositoryConfigurationDelegate - Finished Spring Data repository scanning in 7ms. Found 0 repository interfaces.
[2022-06-20 11:20:14.575] [main] [INFO ] o.s.c.s.PostProcessorRegistrationDelegate$BeanPostProcessorChecker - Bean 'org.springframework.transaction.annotation.ProxyTransactionManagementConfiguration' of type [org.springframework.transaction.annotation.ProxyTransactionManagementConfiguration$$EnhancerBySpringCGLIB$$aba2f277] is not eligible for getting processed by all BeanPostProcessors (for example: not eligible for auto-proxying)
[2022-06-20 11:20:14.742] [main] [INFO ] o.s.boot.web.embedded.tomcat.TomcatWebServer - Tomcat initialized with port(s): 8888 (http)
[2022-06-20 11:20:14.756] [main] [INFO ] org.apache.catalina.core.StandardService - Starting service [Tomcat]
[2022-06-20 11:20:14.756] [main] [INFO ] org.apache.catalina.core.StandardEngine - Starting Servlet engine: [Apache Tomcat/9.0.17]
[2022-06-20 11:20:14.818] [main] [INFO ] o.a.c.core.ContainerBase.[Tomcat].[localhost].[/] - Initializing Spring embedded WebApplicationContext
[2022-06-20 11:20:14.818] [main] [DEBUG] org.springframework.web.context.ContextLoader - Published root WebApplicationContext as ServletContext attribute with name [org.springframework.web.context.WebApplicationContext.ROOT]
[2022-06-20 11:20:14.818] [main] [INFO ] org.springframework.web.context.ContextLoader - Root WebApplicationContext: initialization completed in 1134 ms
[2022-06-20 11:20:15.055] [main] [DEBUG] o.s.b.web.servlet.ServletContextInitializerBeans - Mapping filters: filterRegistrationBean urls=[/*], filterRegistrationBean urls=[/*], characterEncodingFilter urls=[/*], hiddenHttpMethodFilter urls=[/*], formContentFilter urls=[/*], requestContextFilter urls=[/*], httpTraceFilter urls=[/*]
[2022-06-20 11:20:15.055] [main] [DEBUG] o.s.b.web.servlet.ServletContextInitializerBeans - Mapping servlets: statViewServlet urls=[/druid/*], dispatcherServlet urls=[/]
[2022-06-20 11:20:15.182] [main] [INFO ] com.sunova.psinfo.conponment.SpringTaskJob - ******更新微信通讯录密钥定时任务开始执行******
[2022-06-20 11:20:15.684] [main] [INFO ] com.alibaba.druid.pool.DruidDataSource - {dataSource-1} inited
[2022-06-20 11:20:15.756] [main] [DEBUG] c.s.psinfo.mapper.AuthorityMapper.updateAuthority - ==>  Preparing: update appAuthority set accesskey=? where application=?
[2022-06-20 11:20:15.765] [main] [DEBUG] c.s.psinfo.mapper.AuthorityMapper.updateAuthority - ==> Parameters: KxsGYLOmPvXZOJGuHuyKx4Y3A-n9B9xPuowbrU8bOVW34Bp9wf5pyBzL1a_ZaqLmXiAeGXmT5k3LmvJqKky7UzmDyor_uJbyEla9c1u4t-WWaTnRJFX9f10P6vaN30UR-0kKL_FOqDETdbMvfdjT1vUwJJavaC8G37_zTKg1ms9ohs00drOO59yGVbPmSH7xekSrbqCrbGrVCU75Y_PKiw(String), Contacts_wc(String)
[2022-06-20 11:20:15.766] [main] [DEBUG] c.s.psinfo.mapper.AuthorityMapper.updateAuthority - <==    Updates: 1
[2022-06-20 11:20:15.766] [main] [INFO ] com.sunova.psinfo.conponment.SpringTaskJob - ******更新微信通讯录密钥成功******
[2022-06-20 11:20:15.767] [main] [INFO ] com.sunova.psinfo.conponment.SpringTaskJob - ******更新钉钉通讯录密钥定时任务开始执行******
[2022-06-20 11:20:15.984] [main] [DEBUG] c.s.psinfo.mapper.AuthorityMapper.updateAuthority - ==>  Preparing: update appAuthority set accesskey=? where application=?
[2022-06-20 11:20:15.984] [main] [DEBUG] c.s.psinfo.mapper.AuthorityMapper.updateAuthority - ==> Parameters: c76d67e226f53bed8d2cb5e8ca1b7538(String), Contacts_dd(String)
[2022-06-20 11:20:15.985] [main] [DEBUG] c.s.psinfo.mapper.AuthorityMapper.updateAuthority - <==    Updates: 1
[2022-06-20 11:20:15.985] [main] [INFO ] com.sunova.psinfo.conponment.SpringTaskJob - ******更新钉钉通讯录密钥成功******
[2022-06-20 11:20:16.026] [main] [DEBUG] o.s.web.servlet.handler.SimpleUrlHandlerMapping - Patterns [/**/favicon.ico] in 'faviconHandlerMapping'
[2022-06-20 11:20:16.111] [main] [INFO ] o.s.scheduling.concurrent.ThreadPoolTaskExecutor - Initializing ExecutorService 'applicationTaskExecutor'
[2022-06-20 11:20:16.118] [main] [DEBUG] o.s.w.s.m.m.a.RequestMappingHandlerAdapter - ControllerAdvice beans: 0 @ModelAttribute, 0 @InitBinder, 1 RequestBodyAdvice, 1 ResponseBodyAdvice
[2022-06-20 11:20:16.147] [main] [DEBUG] o.s.w.s.m.m.a.RequestMappingHandlerMapping - 8 mappings in 'requestMappingHandlerMapping'
[2022-06-20 11:20:16.154] [main] [DEBUG] o.s.web.servlet.handler.SimpleUrlHandlerMapping - Patterns [/webjars/**, /**] in 'resourceHandlerMapping'
[2022-06-20 11:20:16.159] [main] [DEBUG] o.s.w.s.m.m.a.ExceptionHandlerExceptionResolver - ControllerAdvice beans: 0 @ExceptionHandler, 1 ResponseBodyAdvice
[2022-06-20 11:20:16.316] [main] [INFO ] o.s.scheduling.concurrent.ThreadPoolTaskScheduler - Initializing ExecutorService 'taskScheduler'
[2022-06-20 11:20:16.333] [main] [INFO ] o.s.b.actuate.endpoint.web.EndpointLinksResolver - Exposing 1 endpoint(s) beneath base path '/actuator'
[2022-06-20 11:20:16.381] [main] [INFO ] o.s.boot.web.embedded.tomcat.TomcatWebServer - Tomcat started on port(s): 8888 (http) with context path ''
[2022-06-20 11:20:16.383] [main] [INFO ] com.sunova.psinfo.PsInfoApplication - Started PsInfoApplication in 3.005 seconds (JVM running for 3.399)
[2022-06-20 11:20:16.666] [RMI TCP Connection(1)-172.21.3.34] [INFO ] o.a.c.core.ContainerBase.[Tomcat].[localhost].[/] - Initializing Spring DispatcherServlet 'dispatcherServlet'
[2022-06-20 11:20:16.666] [RMI TCP Connection(1)-172.21.3.34] [INFO ] org.springframework.web.servlet.DispatcherServlet - Initializing Servlet 'dispatcherServlet'
[2022-06-20 11:20:16.667] [RMI TCP Connection(1)-172.21.3.34] [DEBUG] org.springframework.web.servlet.DispatcherServlet - Detected StandardServletMultipartResolver
[2022-06-20 11:20:16.672] [RMI TCP Connection(1)-172.21.3.34] [DEBUG] org.springframework.web.servlet.DispatcherServlet - enableLoggingRequestDetails='false': request parameters and headers will be masked to prevent unsafe logging of potentially sensitive data
[2022-06-20 11:20:16.672] [RMI TCP Connection(1)-172.21.3.34] [INFO ] org.springframework.web.servlet.DispatcherServlet - Completed initialization in 5 ms
[2022-06-20 11:20:50.197] [main] [INFO ] com.sunova.psinfo.PsInfoApplication - Starting PsInfoApplication on XN-DT-05-10 with PID 12204 (D:\IdeaProject\com-sunova-pssyn\target\classes started by 050217 in D:\IdeaProject\com-sunova-pssyn)
[2022-06-20 11:20:50.199] [main] [INFO ] com.sunova.psinfo.PsInfoApplication - No active profile set, falling back to default profiles: default
[2022-06-20 11:20:50.884] [main] [INFO ] o.s.d.r.config.RepositoryConfigurationDelegate - Bootstrapping Spring Data repositories in DEFAULT mode.
[2022-06-20 11:20:50.893] [main] [INFO ] o.s.d.r.config.RepositoryConfigurationDelegate - Finished Spring Data repository scanning in 7ms. Found 0 repository interfaces.
[2022-06-20 11:20:51.130] [main] [INFO ] o.s.c.s.PostProcessorRegistrationDelegate$BeanPostProcessorChecker - Bean 'org.springframework.transaction.annotation.ProxyTransactionManagementConfiguration' of type [org.springframework.transaction.annotation.ProxyTransactionManagementConfiguration$$EnhancerBySpringCGLIB$$1db90c8a] is not eligible for getting processed by all BeanPostProcessors (for example: not eligible for auto-proxying)
[2022-06-20 11:20:51.367] [main] [INFO ] o.s.boot.web.embedded.tomcat.TomcatWebServer - Tomcat initialized with port(s): 8888 (http)
[2022-06-20 11:20:51.385] [main] [INFO ] org.apache.catalina.core.StandardService - Starting service [Tomcat]
[2022-06-20 11:20:51.385] [main] [INFO ] org.apache.catalina.core.StandardEngine - Starting Servlet engine: [Apache Tomcat/9.0.17]
[2022-06-20 11:20:51.460] [main] [INFO ] o.a.c.core.ContainerBase.[Tomcat].[localhost].[/] - Initializing Spring embedded WebApplicationContext
[2022-06-20 11:20:51.461] [main] [DEBUG] org.springframework.web.context.ContextLoader - Published root WebApplicationContext as ServletContext attribute with name [org.springframework.web.context.WebApplicationContext.ROOT]
[2022-06-20 11:20:51.461] [main] [INFO ] org.springframework.web.context.ContextLoader - Root WebApplicationContext: initialization completed in 1231 ms
[2022-06-20 11:20:51.732] [main] [DEBUG] o.s.b.web.servlet.ServletContextInitializerBeans - Mapping filters: filterRegistrationBean urls=[/*], filterRegistrationBean urls=[/*], characterEncodingFilter urls=[/*], hiddenHttpMethodFilter urls=[/*], formContentFilter urls=[/*], requestContextFilter urls=[/*], httpTraceFilter urls=[/*]
[2022-06-20 11:20:51.733] [main] [DEBUG] o.s.b.web.servlet.ServletContextInitializerBeans - Mapping servlets: statViewServlet urls=[/druid/*], dispatcherServlet urls=[/]
[2022-06-20 11:20:51.864] [main] [INFO ] com.sunova.psinfo.conponment.SpringTaskJob - ******更新微信通讯录密钥定时任务开始执行******
[2022-06-20 11:20:52.361] [main] [INFO ] com.alibaba.druid.pool.DruidDataSource - {dataSource-1} inited
[2022-06-20 11:20:52.432] [main] [DEBUG] c.s.psinfo.mapper.AuthorityMapper.updateAuthority - ==>  Preparing: update appAuthority set accesskey=? where application=?
[2022-06-20 11:20:52.443] [main] [DEBUG] c.s.psinfo.mapper.AuthorityMapper.updateAuthority - ==> Parameters: KxsGYLOmPvXZOJGuHuyKx4Y3A-n9B9xPuowbrU8bOVW34Bp9wf5pyBzL1a_ZaqLmXiAeGXmT5k3LmvJqKky7UzmDyor_uJbyEla9c1u4t-WWaTnRJFX9f10P6vaN30UR-0kKL_FOqDETdbMvfdjT1vUwJJavaC8G37_zTKg1ms9ohs00drOO59yGVbPmSH7xekSrbqCrbGrVCU75Y_PKiw(String), Contacts_wc(String)
[2022-06-20 11:20:52.445] [main] [DEBUG] c.s.psinfo.mapper.AuthorityMapper.updateAuthority - <==    Updates: 1
[2022-06-20 11:20:52.445] [main] [INFO ] com.sunova.psinfo.conponment.SpringTaskJob - ******更新微信通讯录密钥成功******
[2022-06-20 11:20:52.446] [main] [INFO ] com.sunova.psinfo.conponment.SpringTaskJob - ******更新钉钉通讯录密钥定时任务开始执行******
[2022-06-20 11:20:52.656] [main] [DEBUG] c.s.psinfo.mapper.AuthorityMapper.updateAuthority - ==>  Preparing: update appAuthority set accesskey=? where application=?
[2022-06-20 11:20:52.656] [main] [DEBUG] c.s.psinfo.mapper.AuthorityMapper.updateAuthority - ==> Parameters: c76d67e226f53bed8d2cb5e8ca1b7538(String), Contacts_dd(String)
[2022-06-20 11:20:52.657] [main] [DEBUG] c.s.psinfo.mapper.AuthorityMapper.updateAuthority - <==    Updates: 1
[2022-06-20 11:20:52.657] [main] [INFO ] com.sunova.psinfo.conponment.SpringTaskJob - ******更新钉钉通讯录密钥成功******
[2022-06-20 11:20:52.698] [main] [DEBUG] o.s.web.servlet.handler.SimpleUrlHandlerMapping - Patterns [/**/favicon.ico] in 'faviconHandlerMapping'
[2022-06-20 11:20:52.785] [main] [INFO ] o.s.scheduling.concurrent.ThreadPoolTaskExecutor - Initializing ExecutorService 'applicationTaskExecutor'
[2022-06-20 11:20:52.791] [main] [DEBUG] o.s.w.s.m.m.a.RequestMappingHandlerAdapter - ControllerAdvice beans: 0 @ModelAttribute, 0 @InitBinder, 1 RequestBodyAdvice, 1 ResponseBodyAdvice
[2022-06-20 11:20:52.817] [main] [DEBUG] o.s.w.s.m.m.a.RequestMappingHandlerMapping - 8 mappings in 'requestMappingHandlerMapping'
[2022-06-20 11:20:52.824] [main] [DEBUG] o.s.web.servlet.handler.SimpleUrlHandlerMapping - Patterns [/webjars/**, /**] in 'resourceHandlerMapping'
[2022-06-20 11:20:52.830] [main] [DEBUG] o.s.w.s.m.m.a.ExceptionHandlerExceptionResolver - ControllerAdvice beans: 0 @ExceptionHandler, 1 ResponseBodyAdvice
[2022-06-20 11:20:53.000] [main] [INFO ] o.s.scheduling.concurrent.ThreadPoolTaskScheduler - Initializing ExecutorService 'taskScheduler'
[2022-06-20 11:20:53.018] [main] [INFO ] o.s.b.actuate.endpoint.web.EndpointLinksResolver - Exposing 1 endpoint(s) beneath base path '/actuator'
[2022-06-20 11:20:53.064] [main] [INFO ] o.s.boot.web.embedded.tomcat.TomcatWebServer - Tomcat started on port(s): 8888 (http) with context path ''
[2022-06-20 11:20:53.065] [main] [INFO ] com.sunova.psinfo.PsInfoApplication - Started PsInfoApplication in 3.149 seconds (JVM running for 3.979)
[2022-06-20 11:20:53.294] [RMI TCP Connection(2)-172.21.3.34] [INFO ] o.a.c.core.ContainerBase.[Tomcat].[localhost].[/] - Initializing Spring DispatcherServlet 'dispatcherServlet'
[2022-06-20 11:20:53.294] [RMI TCP Connection(2)-172.21.3.34] [INFO ] org.springframework.web.servlet.DispatcherServlet - Initializing Servlet 'dispatcherServlet'
[2022-06-20 11:20:53.294] [RMI TCP Connection(2)-172.21.3.34] [DEBUG] org.springframework.web.servlet.DispatcherServlet - Detected StandardServletMultipartResolver
[2022-06-20 11:20:53.301] [RMI TCP Connection(2)-172.21.3.34] [DEBUG] org.springframework.web.servlet.DispatcherServlet - enableLoggingRequestDetails='false': request parameters and headers will be masked to prevent unsafe logging of potentially sensitive data
[2022-06-20 11:20:53.302] [RMI TCP Connection(2)-172.21.3.34] [INFO ] org.springframework.web.servlet.DispatcherServlet - Completed initialization in 8 ms
[2022-06-20 11:21:20.234] [http-nio-8888-exec-1] [DEBUG] org.springframework.web.servlet.DispatcherServlet - GET "/wechat/empolyee/get/info", parameters={}
[2022-06-20 11:21:20.241] [http-nio-8888-exec-1] [DEBUG] o.s.w.s.m.m.a.RequestMappingHandlerMapping - Mapped to public void com.sunova.psinfo.controller.WeChatController.empolyee_get_info(javax.servlet.http.HttpServletRequest,javax.servlet.http.HttpServletResponse)
[2022-06-20 11:21:20.246] [http-nio-8888-exec-1] [INFO ] com.sunova.psinfo.controller.WeChatController - *****开始读取企业微信员工信息并生成Excel*****
[2022-06-20 11:21:20.247] [http-nio-8888-exec-1] [DEBUG] c.s.p.mapper.AuthorityMapper.getAuthorityByName - ==>  Preparing: select * from appAuthority where application=?
[2022-06-20 11:21:20.247] [http-nio-8888-exec-1] [DEBUG] c.s.p.mapper.AuthorityMapper.getAuthorityByName - ==> Parameters: Contacts_wc(String)
[2022-06-20 11:21:20.255] [http-nio-8888-exec-1] [DEBUG] c.s.p.mapper.AuthorityMapper.getAuthorityByName - <==      Total: 1
[2022-06-20 11:21:20.509] [http-nio-8888-exec-1] [INFO ] com.sunova.psinfo.service.Impl.WeChatServiceImpl - *****获取微信部门信息成功*****
[2022-06-20 11:21:26.454] [http-nio-8888-exec-1] [INFO ] com.sunova.psinfo.conponment.ExcelCon - *****src/main/excelFile/person_wc_2022_06_20_11_06_422.xls生成完成*****
[2022-06-20 11:21:26.455] [http-nio-8888-exec-1] [DEBUG] org.springframework.web.servlet.DispatcherServlet - Completed 200 OK
[2022-06-20 11:27:17.163] [http-nio-8888-exec-5] [DEBUG] org.springframework.web.servlet.DispatcherServlet - GET "/wechat/empolyee/get/info", parameters={}
[2022-06-20 11:27:17.164] [http-nio-8888-exec-5] [DEBUG] o.s.w.s.m.m.a.RequestMappingHandlerMapping - Mapped to public void com.sunova.psinfo.controller.WeChatController.empolyee_get_info(javax.servlet.http.HttpServletRequest,javax.servlet.http.HttpServletResponse)
[2022-06-20 11:27:17.165] [http-nio-8888-exec-5] [INFO ] com.sunova.psinfo.controller.WeChatController - *****开始读取企业微信员工信息并生成Excel*****
[2022-06-20 11:27:17.170] [http-nio-8888-exec-5] [DEBUG] c.s.p.mapper.AuthorityMapper.getAuthorityByName - ==>  Preparing: select * from appAuthority where application=?
[2022-06-20 11:27:17.171] [http-nio-8888-exec-5] [DEBUG] c.s.p.mapper.AuthorityMapper.getAuthorityByName - ==> Parameters: Contacts_wc(String)
[2022-06-20 11:27:17.173] [http-nio-8888-exec-5] [DEBUG] c.s.p.mapper.AuthorityMapper.getAuthorityByName - <==      Total: 1
[2022-06-20 11:27:19.427] [http-nio-8888-exec-5] [INFO ] com.sunova.psinfo.service.Impl.WeChatServiceImpl - *****获取微信部门信息成功*****
[2022-06-20 11:27:24.992] [http-nio-8888-exec-5] [INFO ] com.sunova.psinfo.conponment.ExcelCon - *****src/main/excelFile/person_wc_2022_06_20_11_06_978.xls生成完成*****
[2022-06-20 11:27:24.993] [http-nio-8888-exec-5] [DEBUG] org.springframework.web.servlet.DispatcherServlet - Completed 200 OK
[2022-06-20 11:59:59.996] [timetask1] [INFO ] com.sunova.psinfo.conponment.SpringTaskJob - ******更新微信通讯录密钥定时任务开始执行******
[2022-06-20 12:00:00.002] [timetask2] [INFO ] com.sunova.psinfo.conponment.SpringTaskJob - ******更新钉钉通讯录密钥定时任务开始执行******
[2022-06-20 12:00:00.222] [timetask2] [DEBUG] c.s.psinfo.mapper.AuthorityMapper.updateAuthority - ==>  Preparing: update appAuthority set accesskey=? where application=?
[2022-06-20 12:00:00.222] [timetask2] [DEBUG] c.s.psinfo.mapper.AuthorityMapper.updateAuthority - ==> Parameters: c76d67e226f53bed8d2cb5e8ca1b7538(String), Contacts_dd(String)
[2022-06-20 12:00:00.223] [timetask2] [DEBUG] c.s.psinfo.mapper.AuthorityMapper.updateAuthority - <==    Updates: 1
[2022-06-20 12:00:00.223] [timetask2] [INFO ] com.sunova.psinfo.conponment.SpringTaskJob - ******更新钉钉通讯录密钥成功******
[2022-06-20 12:00:00.257] [timetask1] [DEBUG] c.s.psinfo.mapper.AuthorityMapper.updateAuthority - ==>  Preparing: update appAuthority set accesskey=? where application=?
[2022-06-20 12:00:00.258] [timetask1] [DEBUG] c.s.psinfo.mapper.AuthorityMapper.updateAuthority - ==> Parameters: KxsGYLOmPvXZOJGuHuyKx4Y3A-n9B9xPuowbrU8bOVW34Bp9wf5pyBzL1a_ZaqLmXiAeGXmT5k3LmvJqKky7UzmDyor_uJbyEla9c1u4t-WWaTnRJFX9f10P6vaN30UR-0kKL_FOqDETdbMvfdjT1vUwJJavaC8G37_zTKg1ms9ohs00drOO59yGVbPmSH7xekSrbqCrbGrVCU75Y_PKiw(String), Contacts_wc(String)
[2022-06-20 12:00:00.259] [timetask1] [DEBUG] c.s.psinfo.mapper.AuthorityMapper.updateAuthority - <==    Updates: 1
[2022-06-20 12:00:00.259] [timetask1] [INFO ] com.sunova.psinfo.conponment.SpringTaskJob - ******更新微信通讯录密钥成功******
[2022-06-20 12:57:13.364] [http-nio-8888-exec-8] [DEBUG] org.springframework.web.servlet.DispatcherServlet - GET "/", parameters={}
[2022-06-20 12:57:13.376] [http-nio-8888-exec-8] [DEBUG] o.s.web.servlet.handler.SimpleUrlHandlerMapping - Mapped to ResourceHttpRequestHandler ["classpath:/META-INF/resources/", "classpath:/resources/", "classpath:/static/", "classpath:/public/", "/"]
[2022-06-20 12:57:13.378] [http-nio-8888-exec-8] [DEBUG] o.s.w.servlet.resource.ResourceHttpRequestHandler - Resource not found
[2022-06-20 12:57:13.379] [http-nio-8888-exec-8] [DEBUG] org.springframework.web.servlet.DispatcherServlet - Completed 404 NOT_FOUND
[2022-06-20 12:57:13.397] [http-nio-8888-exec-8] [DEBUG] org.springframework.web.servlet.DispatcherServlet - "ERROR" dispatch for GET "/error", parameters={}
[2022-06-20 12:57:13.399] [http-nio-8888-exec-8] [DEBUG] o.s.w.s.m.m.a.RequestMappingHandlerMapping - Mapped to public org.springframework.http.ResponseEntity<java.util.Map<java.lang.String, java.lang.Object>> org.springframework.boot.autoconfigure.web.servlet.error.BasicErrorController.error(javax.servlet.http.HttpServletRequest)
[2022-06-20 12:57:13.445] [http-nio-8888-exec-8] [DEBUG] o.s.w.s.m.m.annotation.HttpEntityMethodProcessor - Using 'application/json', given [*/*] and supported [application/json, application/*+json, application/json, application/*+json]
[2022-06-20 12:57:13.447] [http-nio-8888-exec-8] [DEBUG] o.s.w.s.m.m.annotation.HttpEntityMethodProcessor - Writing [{timestamp=Mon Jun 20 12:57:13 CST 2022, status=404, error=Not Found, message=No message available,  (truncated)...]
[2022-06-20 12:57:13.468] [http-nio-8888-exec-8] [DEBUG] org.springframework.web.servlet.DispatcherServlet - Exiting from "ERROR" dispatch, status 404
[2022-06-20 13:11:08.778] [timetask2] [INFO ] com.sunova.psinfo.conponment.SpringTaskJob - ******更新微信通讯录密钥定时任务开始执行******
[2022-06-20 13:11:08.778] [timetask3] [INFO ] com.sunova.psinfo.conponment.SpringTaskJob - ******更新钉钉通讯录密钥定时任务开始执行******
[2022-06-20 13:11:08.990] [timetask3] [DEBUG] c.s.psinfo.mapper.AuthorityMapper.updateAuthority - ==>  Preparing: update appAuthority set accesskey=? where application=?
[2022-06-20 13:11:08.990] [timetask3] [DEBUG] c.s.psinfo.mapper.AuthorityMapper.updateAuthority - ==> Parameters: c76d67e226f53bed8d2cb5e8ca1b7538(String), Contacts_dd(String)
[2022-06-20 13:11:08.991] [timetask3] [DEBUG] c.s.psinfo.mapper.AuthorityMapper.updateAuthority - <==    Updates: 1
[2022-06-20 13:11:08.992] [timetask3] [INFO ] com.sunova.psinfo.conponment.SpringTaskJob - ******更新钉钉通讯录密钥成功******
[2022-06-20 13:11:09.058] [timetask2] [DEBUG] c.s.psinfo.mapper.AuthorityMapper.updateAuthority - ==>  Preparing: update appAuthority set accesskey=? where application=?
[2022-06-20 13:11:09.060] [timetask2] [DEBUG] c.s.psinfo.mapper.AuthorityMapper.updateAuthority - ==> Parameters: Q3ePowtM2X0p9fkIt8DwY1QCPMb5HRE2qTDIGuXv_9ndKjSjQSFboqnreqZNrHtfepwEy4YBvEu3zHFW-kMeI4bAojAkthy7BYIih_EvBEzjRQsKbSs10IfmzTuYniM8B5zLJsREGlegkKmviATF5m__oxJwJ36a_sy7_g68czkhRv_gfMua1lsnO3-DxIOQ4mdL7eLHQ1IlwRxXzCGs7g(String), Contacts_wc(String)
[2022-06-20 13:11:09.066] [timetask2] [DEBUG] c.s.psinfo.mapper.AuthorityMapper.updateAuthority - <==    Updates: 1
[2022-06-20 13:11:09.066] [timetask2] [INFO ] com.sunova.psinfo.conponment.SpringTaskJob - ******更新微信通讯录密钥成功******
[2022-06-20 13:43:21.835] [http-nio-8888-exec-7] [DEBUG] org.springframework.web.servlet.DispatcherServlet - POST "/dingTalkCallBack?signature=13014010f06ec1a9339d17dc326c92f1db44a8c4&msg_signature=13014010f06ec1a9339d17dc326c92f1db44a8c4&timestamp=1655703802287&nonce=h1EUeMCz", parameters={masked}
[2022-06-20 13:43:21.838] [http-nio-8888-exec-7] [DEBUG] o.s.w.s.m.m.a.RequestMappingHandlerMapping - Mapped to public java.util.Map<java.lang.String, java.lang.String> com.sunova.psinfo.controller.MessageNotifController.dingTalkCallBack(java.lang.String,java.lang.String,java.lang.String,com.alibaba.fastjson.JSONObject)
[2022-06-20 13:43:21.940] [http-nio-8888-exec-7] [DEBUG] o.s.w.s.m.m.a.RequestResponseBodyMethodProcessor - Read "application/json;charset=UTF-8" to [{"encrypt":"/YzQWHilExTUxzkYX0V5JaSvedx4+yHYpAHTVQarWavmNclS6cwm24ik/xbDEA6k/39b7EJl50KDhBC4kO3Wx9NA (truncated)...]
[2022-06-20 13:43:21.987] [http-nio-8888-exec-7] [INFO ] c.sunova.psinfo.controller.MessageNotifController - 会议预约推送：bookSuccess
{"eventSubType":"bookSuccess","corpId":"dinga48ca462f414da8ef2c783f7214b6d69","EventType":"meetingroom_book","bookTime":"2022-06-20 13:14:17","preStatus":"INIT","title":"偏差，CAPA培训","userName":"马曼","userId":"16382552611132821","roomId":"1659","roomName":"行政1F培训室","bookId":"dingd4337287ed2d0a2735c2f4657eb6378f","isApproval":true,"startTime":"2022-06-21 13:15:00","endTime":"2022-06-21 14:45:00"}
[2022-06-20 13:43:21.992] [http-nio-8888-exec-7] [DEBUG] o.s.w.s.m.m.a.RequestResponseBodyMethodProcessor - Using 'application/json', given [*/*] and supported [application/json, application/*+json, application/json, application/*+json]
[2022-06-20 13:43:21.992] [http-nio-8888-exec-7] [DEBUG] o.s.w.s.m.m.a.RequestResponseBodyMethodProcessor - Writing [{timeStamp=1655703801988, msg_signature=cd41eaa8e8ea0f4c955e76021815d9b3d05fa308, encrypt=/uh+0NP5SH (truncated)...]
[2022-06-20 13:43:21.993] [http-nio-8888-exec-7] [DEBUG] org.springframework.web.servlet.DispatcherServlet - Completed 200 OK
[2022-06-20 14:05:58.352] [timetask4] [INFO ] com.sunova.psinfo.conponment.SpringTaskJob - ******更新微信通讯录密钥定时任务开始执行******
[2022-06-20 14:05:58.360] [timetask1] [INFO ] com.sunova.psinfo.conponment.SpringTaskJob - ******更新钉钉通讯录密钥定时任务开始执行******
[2022-06-20 14:05:58.579] [timetask1] [DEBUG] c.s.psinfo.mapper.AuthorityMapper.updateAuthority - ==>  Preparing: update appAuthority set accesskey=? where application=?
[2022-06-20 14:05:58.580] [timetask1] [DEBUG] c.s.psinfo.mapper.AuthorityMapper.updateAuthority - ==> Parameters: c76d67e226f53bed8d2cb5e8ca1b7538(String), Contacts_dd(String)
[2022-06-20 14:05:58.583] [timetask1] [DEBUG] c.s.psinfo.mapper.AuthorityMapper.updateAuthority - <==    Updates: 1
[2022-06-20 14:05:58.583] [timetask1] [INFO ] com.sunova.psinfo.conponment.SpringTaskJob - ******更新钉钉通讯录密钥成功******
[2022-06-20 14:05:58.609] [timetask4] [DEBUG] c.s.psinfo.mapper.AuthorityMapper.updateAuthority - ==>  Preparing: update appAuthority set accesskey=? where application=?
[2022-06-20 14:05:58.610] [timetask4] [DEBUG] c.s.psinfo.mapper.AuthorityMapper.updateAuthority - ==> Parameters: Q3ePowtM2X0p9fkIt8DwY1QCPMb5HRE2qTDIGuXv_9ndKjSjQSFboqnreqZNrHtfepwEy4YBvEu3zHFW-kMeI4bAojAkthy7BYIih_EvBEzjRQsKbSs10IfmzTuYniM8B5zLJsREGlegkKmviATF5m__oxJwJ36a_sy7_g68czkhRv_gfMua1lsnO3-DxIOQ4mdL7eLHQ1IlwRxXzCGs7g(String), Contacts_wc(String)
[2022-06-20 14:05:58.611] [timetask4] [DEBUG] c.s.psinfo.mapper.AuthorityMapper.updateAuthority - <==    Updates: 1
[2022-06-20 14:05:58.611] [timetask4] [INFO ] com.sunova.psinfo.conponment.SpringTaskJob - ******更新微信通讯录密钥成功******
