[2022-07-05 08:41:57.702] [main] [INFO ] com.sunova.psinfo.PsInfoApplication - Starting PsInfoApplication on XN-DT-05-10 with PID 19924 (D:\IdeaProject\com-sunova-pssyn\target\classes started by 050217 in D:\IdeaProject\com-sunova-pssyn)
[2022-07-05 08:41:57.706] [main] [INFO ] com.sunova.psinfo.PsInfoApplication - No active profile set, falling back to default profiles: default
[2022-07-05 08:41:58.599] [main] [INFO ] o.s.d.r.config.RepositoryConfigurationDelegate - Bootstrapping Spring Data repositories in DEFAULT mode.
[2022-07-05 08:41:58.611] [main] [INFO ] o.s.d.r.config.RepositoryConfigurationDelegate - Finished Spring Data repository scanning in 9ms. Found 0 repository interfaces.
[2022-07-05 08:41:58.991] [main] [INFO ] o.s.c.s.PostProcessorRegistrationDelegate$BeanPostProcessorChecker - Bean 'org.springframework.transaction.annotation.ProxyTransactionManagementConfiguration' of type [org.springframework.transaction.annotation.ProxyTransactionManagementConfiguration$$EnhancerBySpringCGLIB$$ff35091] is not eligible for getting processed by all BeanPostProcessors (for example: not eligible for auto-proxying)
[2022-07-05 08:41:59.182] [main] [INFO ] o.s.boot.web.embedded.tomcat.TomcatWebServer - Tomcat initialized with port(s): 8888 (http)
[2022-07-05 08:41:59.197] [main] [INFO ] org.apache.catalina.core.StandardService - Starting service [Tomcat]
[2022-07-05 08:41:59.197] [main] [INFO ] org.apache.catalina.core.StandardEngine - Starting Servlet engine: [Apache Tomcat/9.0.17]
[2022-07-05 08:41:59.267] [main] [INFO ] o.a.c.core.ContainerBase.[Tomcat].[localhost].[/] - Initializing Spring embedded WebApplicationContext
[2022-07-05 08:41:59.267] [main] [DEBUG] org.springframework.web.context.ContextLoader - Published root WebApplicationContext as ServletContext attribute with name [org.springframework.web.context.WebApplicationContext.ROOT]
[2022-07-05 08:41:59.267] [main] [INFO ] org.springframework.web.context.ContextLoader - Root WebApplicationContext: initialization completed in 1490 ms
[2022-07-05 08:41:59.679] [main] [DEBUG] o.s.b.web.servlet.ServletContextInitializerBeans - Mapping filters: filterRegistrationBean urls=[/*], filterRegistrationBean urls=[/*], characterEncodingFilter urls=[/*], hiddenHttpMethodFilter urls=[/*], formContentFilter urls=[/*], requestContextFilter urls=[/*], httpTraceFilter urls=[/*]
[2022-07-05 08:41:59.679] [main] [DEBUG] o.s.b.web.servlet.ServletContextInitializerBeans - Mapping servlets: statViewServlet urls=[/druid/*], dispatcherServlet urls=[/]
[2022-07-05 08:41:59.925] [main] [INFO ] com.sunova.psinfo.conponment.SpringTaskJob - ******更新钉钉通讯录密钥定时任务开始执行******
[2022-07-05 08:41:59.963] [main] [INFO ] com.alibaba.druid.pool.DruidDataSource - {dataSource-1} inited
[2022-07-05 08:42:00.815] [main] [DEBUG] c.s.psinfo.mapper.AuthorityMapper.updateAuthority - ==>  Preparing: REPLACE INTO appAuthority (application,accesskey) VALUES (?,?);
[2022-07-05 08:42:00.872] [main] [DEBUG] c.s.psinfo.mapper.AuthorityMapper.updateAuthority - ==> Parameters: Contacts_dd(String), 9989bf910839304d8f7b8d53716da8c6(String)
[2022-07-05 08:42:00.888] [main] [DEBUG] c.s.psinfo.mapper.AuthorityMapper.updateAuthority - <==    Updates: 2
[2022-07-05 08:42:00.894] [main] [INFO ] com.sunova.psinfo.conponment.SpringTaskJob - ******更新钉钉通讯录密钥成功******
[2022-07-05 08:42:01.082] [main] [DEBUG] c.s.psinfo.mapper.AuthorityMapper.updateAuthority - ==>  Preparing: REPLACE INTO appAuthority (application,accesskey) VALUES (?,?);
[2022-07-05 08:42:01.082] [main] [DEBUG] c.s.psinfo.mapper.AuthorityMapper.updateAuthority - ==> Parameters: Ad_dd(String), db3eb6f5bd183fb681a9d080bffcff1e(String)
[2022-07-05 08:42:01.084] [main] [DEBUG] c.s.psinfo.mapper.AuthorityMapper.updateAuthority - <==    Updates: 2
[2022-07-05 08:42:01.088] [main] [INFO ] com.sunova.psinfo.conponment.SpringTaskJob - ******更新钉钉域控密钥成功******
[2022-07-05 08:42:01.089] [main] [INFO ] com.sunova.psinfo.conponment.SpringTaskJob - ******更新微信通讯录密钥定时任务开始执行******
[2022-07-05 08:42:01.448] [main] [DEBUG] c.s.psinfo.mapper.AuthorityMapper.updateAuthority - ==>  Preparing: REPLACE INTO appAuthority (application,accesskey) VALUES (?,?);
[2022-07-05 08:42:01.449] [main] [DEBUG] c.s.psinfo.mapper.AuthorityMapper.updateAuthority - ==> Parameters: Contacts_wc(String), O5BgNUvhOiYY30pvgpbeuUDbk7c_X8Aj4c0pVLy-J6jMNjuTxqgKYp-DKIEtheelRCAD24-V_V3ZoqseF15srLwZotewxn0uEhYZhDVSuWsKtAlt5abizAsrrEHwMutzGsvS2THvw_nHggwDzy5Ii4vEgQiBNMxNiEgWt-BbcvVnFmGHKro9Mzc_L2ni3sWSEaDAGgIjp7xetroEVy5tww(String)
[2022-07-05 08:42:01.451] [main] [DEBUG] c.s.psinfo.mapper.AuthorityMapper.updateAuthority - <==    Updates: 2
[2022-07-05 08:42:01.454] [main] [INFO ] com.sunova.psinfo.conponment.SpringTaskJob - ******更新微信通讯录密钥成功******
[2022-07-05 08:42:01.510] [main] [DEBUG] o.s.web.servlet.handler.SimpleUrlHandlerMapping - Patterns [/**/favicon.ico] in 'faviconHandlerMapping'
[2022-07-05 08:42:01.605] [main] [INFO ] o.s.scheduling.concurrent.ThreadPoolTaskExecutor - Initializing ExecutorService 'applicationTaskExecutor'
[2022-07-05 08:42:01.617] [main] [DEBUG] o.s.w.s.m.m.a.RequestMappingHandlerAdapter - ControllerAdvice beans: 0 @ModelAttribute, 0 @InitBinder, 1 RequestBodyAdvice, 1 ResponseBodyAdvice
[2022-07-05 08:42:01.648] [main] [DEBUG] o.s.w.s.m.m.a.RequestMappingHandlerMapping - 19 mappings in 'requestMappingHandlerMapping'
[2022-07-05 08:42:01.658] [main] [DEBUG] o.s.web.servlet.handler.SimpleUrlHandlerMapping - Patterns [/webjars/**, /**] in 'resourceHandlerMapping'
[2022-07-05 08:42:01.666] [main] [DEBUG] o.s.w.s.m.m.a.ExceptionHandlerExceptionResolver - ControllerAdvice beans: 0 @ExceptionHandler, 1 ResponseBodyAdvice
[2022-07-05 08:42:01.835] [main] [INFO ] o.s.scheduling.concurrent.ThreadPoolTaskScheduler - Initializing ExecutorService 'taskScheduler'
[2022-07-05 08:42:01.846] [main] [INFO ] o.s.b.actuate.endpoint.web.EndpointLinksResolver - Exposing 1 endpoint(s) beneath base path '/actuator'
[2022-07-05 08:42:01.900] [main] [INFO ] o.s.boot.web.embedded.tomcat.TomcatWebServer - Tomcat started on port(s): 8888 (http) with context path ''
[2022-07-05 08:42:01.902] [main] [INFO ] com.sunova.psinfo.PsInfoApplication - Started PsInfoApplication in 4.727 seconds (JVM running for 5.423)
[2022-07-05 08:42:02.424] [RMI TCP Connection(3)-172.21.3.34] [INFO ] o.a.c.core.ContainerBase.[Tomcat].[localhost].[/] - Initializing Spring DispatcherServlet 'dispatcherServlet'
[2022-07-05 08:42:02.424] [RMI TCP Connection(3)-172.21.3.34] [INFO ] org.springframework.web.servlet.DispatcherServlet - Initializing Servlet 'dispatcherServlet'
[2022-07-05 08:42:02.425] [RMI TCP Connection(3)-172.21.3.34] [DEBUG] org.springframework.web.servlet.DispatcherServlet - Detected StandardServletMultipartResolver
[2022-07-05 08:42:02.431] [RMI TCP Connection(3)-172.21.3.34] [DEBUG] org.springframework.web.servlet.DispatcherServlet - enableLoggingRequestDetails='false': request parameters and headers will be masked to prevent unsafe logging of potentially sensitive data
[2022-07-05 08:42:02.431] [RMI TCP Connection(3)-172.21.3.34] [INFO ] org.springframework.web.servlet.DispatcherServlet - Completed initialization in 6 ms
[2022-07-05 08:42:12.294] [http-nio-8888-exec-1] [DEBUG] org.springframework.web.servlet.DispatcherServlet - POST "/dingtalk/oa/get/userid", parameters={}
[2022-07-05 08:42:12.296] [http-nio-8888-exec-1] [DEBUG] o.s.w.s.m.m.a.RequestMappingHandlerMapping - Mapped to public java.util.Map<java.lang.String, java.lang.Object> com.sunova.psinfo.controller.AdController.getUseridByCode(java.util.Map)
[2022-07-05 08:42:12.312] [http-nio-8888-exec-1] [DEBUG] o.s.w.s.m.m.a.RequestResponseBodyMethodProcessor - Read "application/json;charset=UTF-8" to [{authCode=244e84918c813e98a83fbbfcd6ca0534}]
[2022-07-05 08:42:12.317] [http-nio-8888-exec-1] [INFO ] com.sunova.psinfo.controller.AdController - 获取到的authCode：244e84918c813e98a83fbbfcd6ca0534
[2022-07-05 08:42:12.319] [http-nio-8888-exec-1] [DEBUG] c.s.p.mapper.AuthorityMapper.getAuthorityByName - ==>  Preparing: select * from appAuthority where application=?
[2022-07-05 08:42:12.333] [http-nio-8888-exec-1] [DEBUG] c.s.p.mapper.AuthorityMapper.getAuthorityByName - ==> Parameters: Ad_dd(String)
[2022-07-05 08:42:12.349] [http-nio-8888-exec-1] [DEBUG] c.s.p.mapper.AuthorityMapper.getAuthorityByName - <==      Total: 1
[2022-07-05 08:42:13.832] [http-nio-8888-exec-1] [DEBUG] o.s.w.s.m.m.a.RequestResponseBodyMethodProcessor - Using 'application/json;charset=UTF-8', given [application/json;charset=UTF-8] and supported [application/json, application/*+json, application/json, application/*+json]
[2022-07-05 08:42:13.833] [http-nio-8888-exec-1] [DEBUG] o.s.w.s.m.m.a.RequestResponseBodyMethodProcessor - Writing [{code=200, job_number=050217, message=账号信息获取成功！}]
[2022-07-05 08:42:13.848] [http-nio-8888-exec-1] [DEBUG] org.springframework.web.servlet.DispatcherServlet - Completed 200 OK
[2022-07-05 08:47:16.972] [http-nio-8888-exec-2] [DEBUG] org.springframework.web.servlet.DispatcherServlet - GET "/test", parameters={}
[2022-07-05 08:47:16.975] [http-nio-8888-exec-2] [DEBUG] o.s.web.servlet.handler.SimpleUrlHandlerMapping - Mapped to ResourceHttpRequestHandler ["classpath:/META-INF/resources/", "classpath:/resources/", "classpath:/static/", "classpath:/public/", "/"]
[2022-07-05 08:47:16.977] [http-nio-8888-exec-2] [DEBUG] o.s.w.servlet.resource.ResourceHttpRequestHandler - Resource not found
[2022-07-05 08:47:16.977] [http-nio-8888-exec-2] [DEBUG] org.springframework.web.servlet.DispatcherServlet - Completed 404 NOT_FOUND
[2022-07-05 08:47:16.980] [http-nio-8888-exec-2] [DEBUG] org.springframework.web.servlet.DispatcherServlet - "ERROR" dispatch for GET "/error", parameters={}
[2022-07-05 08:47:16.983] [http-nio-8888-exec-2] [DEBUG] o.s.w.s.m.m.a.RequestMappingHandlerMapping - Mapped to public org.springframework.web.servlet.ModelAndView org.springframework.boot.autoconfigure.web.servlet.error.BasicErrorController.errorHtml(javax.servlet.http.HttpServletRequest,javax.servlet.http.HttpServletResponse)
[2022-07-05 08:47:16.997] [http-nio-8888-exec-2] [DEBUG] o.s.w.servlet.view.ContentNegotiatingViewResolver - Selected 'text/html' given [text/html, text/html;q=0.8]
[2022-07-05 08:47:17.000] [http-nio-8888-exec-2] [DEBUG] org.springframework.web.servlet.DispatcherServlet - Exiting from "ERROR" dispatch, status 404
[2022-07-05 08:47:17.040] [http-nio-8888-exec-3] [DEBUG] org.springframework.web.servlet.DispatcherServlet - GET "/favicon.ico", parameters={}
[2022-07-05 08:47:17.040] [http-nio-8888-exec-3] [DEBUG] o.s.web.servlet.handler.SimpleUrlHandlerMapping - Mapped to ResourceHttpRequestHandler [class path resource [META-INF/resources/], class path resource [resources/], class path resource [static/], class path resource [public/], ServletContext resource [/], class path resource []]
[2022-07-05 08:47:17.058] [http-nio-8888-exec-3] [DEBUG] org.springframework.web.servlet.DispatcherServlet - Completed 200 OK
[2022-07-05 09:00:00.010] [timetask2] [INFO ] com.sunova.psinfo.conponment.SpringTaskJob - ******更新微信通讯录密钥定时任务开始执行******
[2022-07-05 09:00:00.011] [timetask1] [INFO ] com.sunova.psinfo.conponment.SpringTaskJob - ******更新钉钉通讯录密钥定时任务开始执行******
[2022-07-05 09:00:00.336] [timetask2] [DEBUG] c.s.psinfo.mapper.AuthorityMapper.updateAuthority - ==>  Preparing: REPLACE INTO appAuthority (application,accesskey) VALUES (?,?);
[2022-07-05 09:00:00.337] [timetask2] [DEBUG] c.s.psinfo.mapper.AuthorityMapper.updateAuthority - ==> Parameters: Contacts_wc(String), O5BgNUvhOiYY30pvgpbeuUDbk7c_X8Aj4c0pVLy-J6jMNjuTxqgKYp-DKIEtheelRCAD24-V_V3ZoqseF15srLwZotewxn0uEhYZhDVSuWsKtAlt5abizAsrrEHwMutzGsvS2THvw_nHggwDzy5Ii4vEgQiBNMxNiEgWt-BbcvVnFmGHKro9Mzc_L2ni3sWSEaDAGgIjp7xetroEVy5tww(String)
[2022-07-05 09:00:00.339] [timetask2] [DEBUG] c.s.psinfo.mapper.AuthorityMapper.updateAuthority - <==    Updates: 1
[2022-07-05 09:00:00.340] [timetask1] [DEBUG] c.s.psinfo.mapper.AuthorityMapper.updateAuthority - ==>  Preparing: REPLACE INTO appAuthority (application,accesskey) VALUES (?,?);
[2022-07-05 09:00:00.341] [timetask1] [DEBUG] c.s.psinfo.mapper.AuthorityMapper.updateAuthority - ==> Parameters: Contacts_dd(String), 9989bf910839304d8f7b8d53716da8c6(String)
[2022-07-05 09:00:00.343] [timetask2] [INFO ] com.sunova.psinfo.conponment.SpringTaskJob - ******更新微信通讯录密钥成功******
[2022-07-05 09:00:00.343] [timetask1] [DEBUG] c.s.psinfo.mapper.AuthorityMapper.updateAuthority - <==    Updates: 1
[2022-07-05 09:00:00.346] [timetask1] [INFO ] com.sunova.psinfo.conponment.SpringTaskJob - ******更新钉钉通讯录密钥成功******
[2022-07-05 09:00:00.536] [timetask1] [DEBUG] c.s.psinfo.mapper.AuthorityMapper.updateAuthority - ==>  Preparing: REPLACE INTO appAuthority (application,accesskey) VALUES (?,?);
[2022-07-05 09:00:00.537] [timetask1] [DEBUG] c.s.psinfo.mapper.AuthorityMapper.updateAuthority - ==> Parameters: Ad_dd(String), db3eb6f5bd183fb681a9d080bffcff1e(String)
[2022-07-05 09:00:00.538] [timetask1] [DEBUG] c.s.psinfo.mapper.AuthorityMapper.updateAuthority - <==    Updates: 1
[2022-07-05 09:00:00.541] [timetask1] [INFO ] com.sunova.psinfo.conponment.SpringTaskJob - ******更新钉钉域控密钥成功******
[2022-07-05 09:09:58.133] [http-nio-8888-exec-1] [DEBUG] org.springframework.web.servlet.DispatcherServlet - POST "/dingtalk/oa/get/userid", parameters={}
[2022-07-05 09:09:58.134] [http-nio-8888-exec-1] [DEBUG] o.s.w.s.m.m.a.RequestMappingHandlerMapping - Mapped to public java.util.Map<java.lang.String, java.lang.Object> com.sunova.psinfo.controller.AdController.getUseridByCode(java.util.Map)
[2022-07-05 09:09:58.135] [http-nio-8888-exec-1] [DEBUG] o.s.w.s.m.m.a.RequestResponseBodyMethodProcessor - Read "application/json;charset=UTF-8" to [{authCode=55a0236714e336378d2d396284050ad1}]
[2022-07-05 09:09:58.135] [http-nio-8888-exec-1] [INFO ] com.sunova.psinfo.controller.AdController - 获取到的authCode：55a0236714e336378d2d396284050ad1
[2022-07-05 09:09:58.136] [http-nio-8888-exec-1] [DEBUG] c.s.p.mapper.AuthorityMapper.getAuthorityByName - ==>  Preparing: select * from appAuthority where application=?
[2022-07-05 09:09:58.137] [http-nio-8888-exec-1] [DEBUG] c.s.p.mapper.AuthorityMapper.getAuthorityByName - ==> Parameters: Ad_dd(String)
[2022-07-05 09:09:58.140] [http-nio-8888-exec-1] [DEBUG] c.s.p.mapper.AuthorityMapper.getAuthorityByName - <==      Total: 1
[2022-07-05 09:09:58.667] [http-nio-8888-exec-1] [DEBUG] o.s.w.s.m.m.a.RequestResponseBodyMethodProcessor - Using 'application/json;charset=UTF-8', given [application/json;charset=UTF-8] and supported [application/json, application/*+json, application/json, application/*+json]
[2022-07-05 09:09:58.667] [http-nio-8888-exec-1] [DEBUG] o.s.w.s.m.m.a.RequestResponseBodyMethodProcessor - Writing [{code=200, job_number=050217, message=账号信息获取成功！}]
[2022-07-05 09:09:58.669] [http-nio-8888-exec-1] [DEBUG] org.springframework.web.servlet.DispatcherServlet - Completed 200 OK
[2022-07-05 09:15:04.810] [main] [INFO ] com.sunova.psinfo.PsInfoApplication - Starting PsInfoApplication on XN-DT-05-10 with PID 27716 (D:\IdeaProject\com-sunova-pssyn\target\classes started by 050217 in D:\IdeaProject\com-sunova-pssyn)
[2022-07-05 09:15:04.813] [main] [INFO ] com.sunova.psinfo.PsInfoApplication - No active profile set, falling back to default profiles: default
[2022-07-05 09:15:05.535] [main] [INFO ] o.s.d.r.config.RepositoryConfigurationDelegate - Bootstrapping Spring Data repositories in DEFAULT mode.
[2022-07-05 09:15:05.547] [main] [INFO ] o.s.d.r.config.RepositoryConfigurationDelegate - Finished Spring Data repository scanning in 9ms. Found 0 repository interfaces.
[2022-07-05 09:15:05.786] [main] [INFO ] o.s.c.s.PostProcessorRegistrationDelegate$BeanPostProcessorChecker - Bean 'org.springframework.transaction.annotation.ProxyTransactionManagementConfiguration' of type [org.springframework.transaction.annotation.ProxyTransactionManagementConfiguration$$EnhancerBySpringCGLIB$$c94f58e1] is not eligible for getting processed by all BeanPostProcessors (for example: not eligible for auto-proxying)
[2022-07-05 09:15:05.970] [main] [INFO ] o.s.boot.web.embedded.tomcat.TomcatWebServer - Tomcat initialized with port(s): 8888 (http)
[2022-07-05 09:15:05.984] [main] [INFO ] org.apache.catalina.core.StandardService - Starting service [Tomcat]
[2022-07-05 09:15:05.985] [main] [INFO ] org.apache.catalina.core.StandardEngine - Starting Servlet engine: [Apache Tomcat/9.0.17]
[2022-07-05 09:15:06.057] [main] [INFO ] o.a.c.core.ContainerBase.[Tomcat].[localhost].[/] - Initializing Spring embedded WebApplicationContext
[2022-07-05 09:15:06.057] [main] [DEBUG] org.springframework.web.context.ContextLoader - Published root WebApplicationContext as ServletContext attribute with name [org.springframework.web.context.WebApplicationContext.ROOT]
[2022-07-05 09:15:06.057] [main] [INFO ] org.springframework.web.context.ContextLoader - Root WebApplicationContext: initialization completed in 1197 ms
[2022-07-05 09:15:06.332] [main] [DEBUG] o.s.b.web.servlet.ServletContextInitializerBeans - Mapping filters: filterRegistrationBean urls=[/*], filterRegistrationBean urls=[/*], characterEncodingFilter urls=[/*], hiddenHttpMethodFilter urls=[/*], formContentFilter urls=[/*], requestContextFilter urls=[/*], httpTraceFilter urls=[/*]
[2022-07-05 09:15:06.332] [main] [DEBUG] o.s.b.web.servlet.ServletContextInitializerBeans - Mapping servlets: statViewServlet urls=[/druid/*], dispatcherServlet urls=[/]
[2022-07-05 09:15:06.537] [main] [INFO ] com.sunova.psinfo.conponment.SpringTaskJob - ******更新微信通讯录密钥定时任务开始执行******
[2022-07-05 09:15:06.575] [main] [INFO ] com.alibaba.druid.pool.DruidDataSource - {dataSource-1} inited
[2022-07-05 09:15:07.226] [main] [DEBUG] c.s.psinfo.mapper.AuthorityMapper.updateAuthority - ==>  Preparing: REPLACE INTO appAuthority (application,accesskey) VALUES (?,?);
[2022-07-05 09:15:07.286] [main] [DEBUG] c.s.psinfo.mapper.AuthorityMapper.updateAuthority - ==> Parameters: Contacts_wc(String), O5BgNUvhOiYY30pvgpbeuUDbk7c_X8Aj4c0pVLy-J6jMNjuTxqgKYp-DKIEtheelRCAD24-V_V3ZoqseF15srLwZotewxn0uEhYZhDVSuWsKtAlt5abizAsrrEHwMutzGsvS2THvw_nHggwDzy5Ii4vEgQiBNMxNiEgWt-BbcvVnFmGHKro9Mzc_L2ni3sWSEaDAGgIjp7xetroEVy5tww(String)
[2022-07-05 09:15:07.290] [main] [DEBUG] c.s.psinfo.mapper.AuthorityMapper.updateAuthority - <==    Updates: 1
[2022-07-05 09:15:07.294] [main] [INFO ] com.sunova.psinfo.conponment.SpringTaskJob - ******更新微信通讯录密钥成功******
[2022-07-05 09:15:07.294] [main] [INFO ] com.sunova.psinfo.conponment.SpringTaskJob - ******更新钉钉通讯录密钥定时任务开始执行******
[2022-07-05 09:15:07.632] [main] [DEBUG] c.s.psinfo.mapper.AuthorityMapper.updateAuthority - ==>  Preparing: REPLACE INTO appAuthority (application,accesskey) VALUES (?,?);
[2022-07-05 09:15:07.632] [main] [DEBUG] c.s.psinfo.mapper.AuthorityMapper.updateAuthority - ==> Parameters: Contacts_dd(String), 9989bf910839304d8f7b8d53716da8c6(String)
[2022-07-05 09:15:07.634] [main] [DEBUG] c.s.psinfo.mapper.AuthorityMapper.updateAuthority - <==    Updates: 1
[2022-07-05 09:15:07.637] [main] [INFO ] com.sunova.psinfo.conponment.SpringTaskJob - ******更新钉钉通讯录密钥成功******
[2022-07-05 09:15:07.840] [main] [DEBUG] c.s.psinfo.mapper.AuthorityMapper.updateAuthority - ==>  Preparing: REPLACE INTO appAuthority (application,accesskey) VALUES (?,?);
[2022-07-05 09:15:07.841] [main] [DEBUG] c.s.psinfo.mapper.AuthorityMapper.updateAuthority - ==> Parameters: Ad_dd(String), db3eb6f5bd183fb681a9d080bffcff1e(String)
[2022-07-05 09:15:07.845] [main] [DEBUG] c.s.psinfo.mapper.AuthorityMapper.updateAuthority - <==    Updates: 1
[2022-07-05 09:15:07.849] [main] [INFO ] com.sunova.psinfo.conponment.SpringTaskJob - ******更新钉钉域控密钥成功******
[2022-07-05 09:15:07.915] [main] [DEBUG] o.s.web.servlet.handler.SimpleUrlHandlerMapping - Patterns [/**/favicon.ico] in 'faviconHandlerMapping'
[2022-07-05 09:15:08.013] [main] [INFO ] o.s.scheduling.concurrent.ThreadPoolTaskExecutor - Initializing ExecutorService 'applicationTaskExecutor'
[2022-07-05 09:15:08.020] [main] [DEBUG] o.s.w.s.m.m.a.RequestMappingHandlerAdapter - ControllerAdvice beans: 0 @ModelAttribute, 0 @InitBinder, 1 RequestBodyAdvice, 1 ResponseBodyAdvice
[2022-07-05 09:15:08.048] [main] [DEBUG] o.s.w.s.m.m.a.RequestMappingHandlerMapping - 19 mappings in 'requestMappingHandlerMapping'
[2022-07-05 09:15:08.061] [main] [DEBUG] o.s.web.servlet.handler.SimpleUrlHandlerMapping - Patterns [/webjars/**, /**] in 'resourceHandlerMapping'
[2022-07-05 09:15:08.067] [main] [DEBUG] o.s.w.s.m.m.a.ExceptionHandlerExceptionResolver - ControllerAdvice beans: 0 @ExceptionHandler, 1 ResponseBodyAdvice
[2022-07-05 09:15:08.221] [main] [INFO ] o.s.scheduling.concurrent.ThreadPoolTaskScheduler - Initializing ExecutorService 'taskScheduler'
[2022-07-05 09:15:08.231] [main] [INFO ] o.s.b.actuate.endpoint.web.EndpointLinksResolver - Exposing 1 endpoint(s) beneath base path '/actuator'
[2022-07-05 09:15:08.278] [main] [INFO ] o.s.boot.web.embedded.tomcat.TomcatWebServer - Tomcat started on port(s): 8888 (http) with context path ''
[2022-07-05 09:15:08.280] [main] [INFO ] com.sunova.psinfo.PsInfoApplication - Started PsInfoApplication in 3.851 seconds (JVM running for 4.448)
[2022-07-05 09:15:08.547] [RMI TCP Connection(2)-172.21.3.34] [INFO ] o.a.c.core.ContainerBase.[Tomcat].[localhost].[/] - Initializing Spring DispatcherServlet 'dispatcherServlet'
[2022-07-05 09:15:08.548] [RMI TCP Connection(2)-172.21.3.34] [INFO ] org.springframework.web.servlet.DispatcherServlet - Initializing Servlet 'dispatcherServlet'
[2022-07-05 09:15:08.548] [RMI TCP Connection(2)-172.21.3.34] [DEBUG] org.springframework.web.servlet.DispatcherServlet - Detected StandardServletMultipartResolver
[2022-07-05 09:15:08.553] [RMI TCP Connection(2)-172.21.3.34] [DEBUG] org.springframework.web.servlet.DispatcherServlet - enableLoggingRequestDetails='false': request parameters and headers will be masked to prevent unsafe logging of potentially sensitive data
[2022-07-05 09:15:08.553] [RMI TCP Connection(2)-172.21.3.34] [INFO ] org.springframework.web.servlet.DispatcherServlet - Completed initialization in 5 ms
[2022-07-05 09:15:24.373] [http-nio-8888-exec-1] [DEBUG] org.springframework.web.servlet.DispatcherServlet - POST "/dingtalk/oa/get/userid", parameters={}
[2022-07-05 09:15:24.377] [http-nio-8888-exec-1] [DEBUG] o.s.w.s.m.m.a.RequestMappingHandlerMapping - Mapped to public java.util.Map<java.lang.String, java.lang.Object> com.sunova.psinfo.controller.AdController.getUseridByCode(java.util.Map)
[2022-07-05 09:15:24.397] [http-nio-8888-exec-1] [DEBUG] o.s.w.s.m.m.a.RequestResponseBodyMethodProcessor - Read "application/json;charset=UTF-8" to [{authCode=38e6f11d445538d78e05b918e1affe3a}]
[2022-07-05 09:15:24.402] [http-nio-8888-exec-1] [INFO ] com.sunova.psinfo.controller.AdController - 获取到的authCode：38e6f11d445538d78e05b918e1affe3a
[2022-07-05 09:15:24.405] [http-nio-8888-exec-1] [DEBUG] c.s.p.mapper.AuthorityMapper.getAuthorityByName - ==>  Preparing: select * from appAuthority where application=?
[2022-07-05 09:15:24.419] [http-nio-8888-exec-1] [DEBUG] c.s.p.mapper.AuthorityMapper.getAuthorityByName - ==> Parameters: Ad_dd(String)
[2022-07-05 09:15:24.426] [http-nio-8888-exec-1] [DEBUG] c.s.p.mapper.AuthorityMapper.getAuthorityByName - <==      Total: 1
[2022-07-05 09:15:24.847] [http-nio-8888-exec-1] [DEBUG] o.s.w.s.m.m.a.RequestResponseBodyMethodProcessor - Using 'application/json;charset=UTF-8', given [application/json;charset=UTF-8] and supported [application/json, application/*+json, application/json, application/*+json]
[2022-07-05 09:15:24.848] [http-nio-8888-exec-1] [DEBUG] o.s.w.s.m.m.a.RequestResponseBodyMethodProcessor - Writing [{code=200, job_number=050217, message=账号信息获取成功！}]
[2022-07-05 09:15:24.859] [http-nio-8888-exec-1] [DEBUG] org.springframework.web.servlet.DispatcherServlet - Completed 200 OK
[2022-07-05 09:16:12.358] [http-nio-8888-exec-4] [DEBUG] org.springframework.web.servlet.DispatcherServlet - POST "/dingtalk/oa/modify/password", parameters={}
[2022-07-05 09:16:12.358] [http-nio-8888-exec-4] [DEBUG] o.s.w.s.m.m.a.RequestMappingHandlerMapping - Mapped to public java.util.Map<java.lang.String, java.lang.Object> com.sunova.psinfo.controller.AdController.setPassword(java.util.Map)
[2022-07-05 09:16:12.359] [http-nio-8888-exec-4] [DEBUG] o.s.w.s.m.m.a.RequestResponseBodyMethodProcessor - Read "application/json;charset=UTF-8" to [{jobnumber=050217, password=123}]
[2022-07-05 09:16:12.360] [http-nio-8888-exec-4] [INFO ] com.sunova.psinfo.controller.AdController - *****域控密码修改入参，账号:050217|密码:123******
[2022-07-05 09:16:12.360] [http-nio-8888-exec-4] [DEBUG] o.s.w.s.m.m.a.RequestResponseBodyMethodProcessor - Using 'application/json;charset=UTF-8', given [application/json;charset=UTF-8] and supported [application/json, application/*+json, application/json, application/*+json]
[2022-07-05 09:16:12.360] [http-nio-8888-exec-4] [DEBUG] o.s.w.s.m.m.a.RequestResponseBodyMethodProcessor - Writing [{code=200, message=密码修改成功!}]
[2022-07-05 09:16:12.362] [http-nio-8888-exec-4] [DEBUG] org.springframework.web.servlet.DispatcherServlet - Completed 200 OK
[2022-07-05 09:16:47.358] [http-nio-8888-exec-3] [DEBUG] org.springframework.web.servlet.DispatcherServlet - POST "/dingtalk/oa/modify/password", parameters={}
[2022-07-05 09:16:47.359] [http-nio-8888-exec-3] [DEBUG] o.s.w.s.m.m.a.RequestMappingHandlerMapping - Mapped to public java.util.Map<java.lang.String, java.lang.Object> com.sunova.psinfo.controller.AdController.setPassword(java.util.Map)
[2022-07-05 09:16:47.360] [http-nio-8888-exec-3] [DEBUG] o.s.w.s.m.m.a.RequestResponseBodyMethodProcessor - Read "application/json;charset=UTF-8" to [{jobnumber=050217, password=123}]
[2022-07-05 09:16:47.361] [http-nio-8888-exec-3] [INFO ] com.sunova.psinfo.controller.AdController - *****域控密码修改入参，账号:050217|密码:123******
[2022-07-05 09:16:47.361] [http-nio-8888-exec-3] [DEBUG] o.s.w.s.m.m.a.RequestResponseBodyMethodProcessor - Using 'application/json;charset=UTF-8', given [application/json;charset=UTF-8] and supported [application/json, application/*+json, application/json, application/*+json]
[2022-07-05 09:16:47.361] [http-nio-8888-exec-3] [DEBUG] o.s.w.s.m.m.a.RequestResponseBodyMethodProcessor - Writing [{code=200, message=密码修改成功!}]
[2022-07-05 09:16:47.362] [http-nio-8888-exec-3] [DEBUG] org.springframework.web.servlet.DispatcherServlet - Completed 200 OK
[2022-07-05 09:18:19.287] [http-nio-8888-exec-8] [DEBUG] org.springframework.web.servlet.DispatcherServlet - POST "/dingtalk/oa/get/userid", parameters={}
[2022-07-05 09:18:19.288] [http-nio-8888-exec-8] [DEBUG] o.s.w.s.m.m.a.RequestMappingHandlerMapping - Mapped to public java.util.Map<java.lang.String, java.lang.Object> com.sunova.psinfo.controller.AdController.getUseridByCode(java.util.Map)
[2022-07-05 09:18:19.289] [http-nio-8888-exec-8] [DEBUG] o.s.w.s.m.m.a.RequestResponseBodyMethodProcessor - Read "application/json;charset=UTF-8" to [{authCode=0ec1ad0e45393a629f7a16d8089c6063}]
[2022-07-05 09:18:19.289] [http-nio-8888-exec-8] [INFO ] com.sunova.psinfo.controller.AdController - 获取到的authCode：0ec1ad0e45393a629f7a16d8089c6063
[2022-07-05 09:18:19.291] [http-nio-8888-exec-8] [DEBUG] c.s.p.mapper.AuthorityMapper.getAuthorityByName - ==>  Preparing: select * from appAuthority where application=?
[2022-07-05 09:18:19.292] [http-nio-8888-exec-8] [DEBUG] c.s.p.mapper.AuthorityMapper.getAuthorityByName - ==> Parameters: Ad_dd(String)
[2022-07-05 09:18:19.292] [http-nio-8888-exec-8] [DEBUG] c.s.p.mapper.AuthorityMapper.getAuthorityByName - <==      Total: 1
[2022-07-05 09:18:19.714] [http-nio-8888-exec-8] [DEBUG] o.s.w.s.m.m.a.RequestResponseBodyMethodProcessor - Using 'application/json;charset=UTF-8', given [application/json;charset=UTF-8] and supported [application/json, application/*+json, application/json, application/*+json]
[2022-07-05 09:18:19.715] [http-nio-8888-exec-8] [DEBUG] o.s.w.s.m.m.a.RequestResponseBodyMethodProcessor - Writing [{code=200, job_number=050217, message=账号信息获取成功！}]
[2022-07-05 09:18:19.717] [http-nio-8888-exec-8] [DEBUG] org.springframework.web.servlet.DispatcherServlet - Completed 200 OK
[2022-07-05 09:18:22.143] [http-nio-8888-exec-10] [DEBUG] org.springframework.web.servlet.DispatcherServlet - POST "/dingtalk/oa/modify/password", parameters={}
[2022-07-05 09:18:22.143] [http-nio-8888-exec-10] [DEBUG] o.s.w.s.m.m.a.RequestMappingHandlerMapping - Mapped to public java.util.Map<java.lang.String, java.lang.Object> com.sunova.psinfo.controller.AdController.setPassword(java.util.Map)
[2022-07-05 09:18:22.144] [http-nio-8888-exec-10] [DEBUG] o.s.w.s.m.m.a.RequestResponseBodyMethodProcessor - Read "application/json;charset=UTF-8" to [{jobnumber=050217, password=123}]
[2022-07-05 09:18:22.144] [http-nio-8888-exec-10] [INFO ] com.sunova.psinfo.controller.AdController - *****域控密码修改入参，账号:050217|密码:123******
[2022-07-05 09:18:22.144] [http-nio-8888-exec-10] [DEBUG] o.s.w.s.m.m.a.RequestResponseBodyMethodProcessor - Using 'application/json;charset=UTF-8', given [application/json;charset=UTF-8] and supported [application/json, application/*+json, application/json, application/*+json]
[2022-07-05 09:18:22.144] [http-nio-8888-exec-10] [DEBUG] o.s.w.s.m.m.a.RequestResponseBodyMethodProcessor - Writing [{code=200, message=密码修改成功!}]
[2022-07-05 09:18:22.145] [http-nio-8888-exec-10] [DEBUG] org.springframework.web.servlet.DispatcherServlet - Completed 200 OK
[2022-07-05 09:19:06.933] [http-nio-8888-exec-7] [DEBUG] org.springframework.web.servlet.DispatcherServlet - POST "/dingtalk/oa/get/userid", parameters={}
[2022-07-05 09:19:06.934] [http-nio-8888-exec-7] [DEBUG] o.s.w.s.m.m.a.RequestMappingHandlerMapping - Mapped to public java.util.Map<java.lang.String, java.lang.Object> com.sunova.psinfo.controller.AdController.getUseridByCode(java.util.Map)
[2022-07-05 09:19:06.934] [http-nio-8888-exec-7] [DEBUG] o.s.w.s.m.m.a.RequestResponseBodyMethodProcessor - Read "application/json;charset=UTF-8" to [{authCode=1bd27bad3e293e01956372a08f47f666}]
[2022-07-05 09:19:06.934] [http-nio-8888-exec-7] [INFO ] com.sunova.psinfo.controller.AdController - 获取到的authCode：1bd27bad3e293e01956372a08f47f666
[2022-07-05 09:19:06.935] [http-nio-8888-exec-7] [DEBUG] c.s.p.mapper.AuthorityMapper.getAuthorityByName - ==>  Preparing: select * from appAuthority where application=?
[2022-07-05 09:19:06.935] [http-nio-8888-exec-7] [DEBUG] c.s.p.mapper.AuthorityMapper.getAuthorityByName - ==> Parameters: Ad_dd(String)
[2022-07-05 09:19:06.937] [http-nio-8888-exec-7] [DEBUG] c.s.p.mapper.AuthorityMapper.getAuthorityByName - <==      Total: 1
[2022-07-05 09:19:07.354] [http-nio-8888-exec-7] [DEBUG] o.s.w.s.m.m.a.RequestResponseBodyMethodProcessor - Using 'application/json;charset=UTF-8', given [application/json;charset=UTF-8] and supported [application/json, application/*+json, application/json, application/*+json]
[2022-07-05 09:19:07.355] [http-nio-8888-exec-7] [DEBUG] o.s.w.s.m.m.a.RequestResponseBodyMethodProcessor - Writing [{code=200, job_number=050217, message=账号信息获取成功！}]
[2022-07-05 09:19:07.356] [http-nio-8888-exec-7] [DEBUG] org.springframework.web.servlet.DispatcherServlet - Completed 200 OK
[2022-07-05 09:19:14.303] [http-nio-8888-exec-9] [DEBUG] org.springframework.web.servlet.DispatcherServlet - POST "/dingtalk/oa/modify/password", parameters={}
[2022-07-05 09:19:14.304] [http-nio-8888-exec-9] [DEBUG] o.s.w.s.m.m.a.RequestMappingHandlerMapping - Mapped to public java.util.Map<java.lang.String, java.lang.Object> com.sunova.psinfo.controller.AdController.setPassword(java.util.Map)
[2022-07-05 09:19:14.305] [http-nio-8888-exec-9] [DEBUG] o.s.w.s.m.m.a.RequestResponseBodyMethodProcessor - Read "application/json;charset=UTF-8" to [{jobnumber=050217, password=qwe}]
[2022-07-05 09:19:14.305] [http-nio-8888-exec-9] [INFO ] com.sunova.psinfo.controller.AdController - *****域控密码修改入参，账号:050217|密码:qwe******
[2022-07-05 09:19:14.306] [http-nio-8888-exec-9] [DEBUG] o.s.w.s.m.m.a.RequestResponseBodyMethodProcessor - Using 'application/json;charset=UTF-8', given [application/json;charset=UTF-8] and supported [application/json, application/*+json, application/json, application/*+json]
[2022-07-05 09:19:14.306] [http-nio-8888-exec-9] [DEBUG] o.s.w.s.m.m.a.RequestResponseBodyMethodProcessor - Writing [{code=200, message=密码修改成功!}]
[2022-07-05 09:19:14.307] [http-nio-8888-exec-9] [DEBUG] org.springframework.web.servlet.DispatcherServlet - Completed 200 OK
[2022-07-05 09:24:36.326] [http-nio-8888-exec-5] [INFO ] org.apache.coyote.http11.Http11Processor - Error parsing HTTP request header
 Note: further occurrences of HTTP request parsing errors will be logged at DEBUG level.
java.lang.IllegalArgumentException: Invalid character found in method name. HTTP method names must be tokens
	at org.apache.coyote.http11.Http11InputBuffer.parseRequestLine(Http11InputBuffer.java:414)
	at org.apache.coyote.http11.Http11Processor.service(Http11Processor.java:294)
	at org.apache.coyote.AbstractProcessorLight.process(AbstractProcessorLight.java:66)
	at org.apache.coyote.AbstractProtocol$ConnectionHandler.process(AbstractProtocol.java:834)
	at org.apache.tomcat.util.net.NioEndpoint$SocketProcessor.doRun(NioEndpoint.java:1415)
	at org.apache.tomcat.util.net.SocketProcessorBase.run(SocketProcessorBase.java:49)
	at java.base/java.util.concurrent.ThreadPoolExecutor.runWorker(ThreadPoolExecutor.java:1136)
	at java.base/java.util.concurrent.ThreadPoolExecutor$Worker.run(ThreadPoolExecutor.java:635)
	at org.apache.tomcat.util.threads.TaskThread$WrappingRunnable.run(TaskThread.java:61)
	at java.base/java.lang.Thread.run(Thread.java:833)
[2022-07-05 09:24:41.592] [http-nio-8888-exec-1] [DEBUG] org.springframework.web.servlet.DispatcherServlet - GET "/", parameters={}
[2022-07-05 09:24:41.594] [http-nio-8888-exec-1] [DEBUG] o.s.web.servlet.handler.SimpleUrlHandlerMapping - Mapped to ResourceHttpRequestHandler ["classpath:/META-INF/resources/", "classpath:/resources/", "classpath:/static/", "classpath:/public/", "/"]
[2022-07-05 09:24:41.594] [http-nio-8888-exec-1] [DEBUG] o.s.w.servlet.resource.ResourceHttpRequestHandler - Resource not found
[2022-07-05 09:24:41.594] [http-nio-8888-exec-1] [DEBUG] org.springframework.web.servlet.DispatcherServlet - Completed 404 NOT_FOUND
[2022-07-05 09:24:41.596] [http-nio-8888-exec-1] [DEBUG] org.springframework.web.servlet.DispatcherServlet - "ERROR" dispatch for GET "/error", parameters={}
[2022-07-05 09:24:41.598] [http-nio-8888-exec-1] [DEBUG] o.s.w.s.m.m.a.RequestMappingHandlerMapping - Mapped to public org.springframework.web.servlet.ModelAndView org.springframework.boot.autoconfigure.web.servlet.error.BasicErrorController.errorHtml(javax.servlet.http.HttpServletRequest,javax.servlet.http.HttpServletResponse)
[2022-07-05 09:24:41.605] [http-nio-8888-exec-1] [DEBUG] o.s.w.servlet.view.ContentNegotiatingViewResolver - Selected 'text/html' given [text/html, text/html;q=0.8]
[2022-07-05 09:24:41.607] [http-nio-8888-exec-1] [DEBUG] org.springframework.web.servlet.DispatcherServlet - Exiting from "ERROR" dispatch, status 404
[2022-07-05 09:24:46.979] [http-nio-8888-exec-3] [DEBUG] org.springframework.web.servlet.DispatcherServlet - GET "/", parameters={}
[2022-07-05 09:24:46.982] [http-nio-8888-exec-3] [DEBUG] o.s.web.servlet.handler.SimpleUrlHandlerMapping - Mapped to ResourceHttpRequestHandler ["classpath:/META-INF/resources/", "classpath:/resources/", "classpath:/static/", "classpath:/public/", "/"]
[2022-07-05 09:24:46.983] [http-nio-8888-exec-3] [DEBUG] o.s.w.servlet.resource.ResourceHttpRequestHandler - Resource not found
[2022-07-05 09:24:46.983] [http-nio-8888-exec-3] [DEBUG] org.springframework.web.servlet.DispatcherServlet - Completed 404 NOT_FOUND
[2022-07-05 09:24:46.983] [http-nio-8888-exec-3] [DEBUG] org.springframework.web.servlet.DispatcherServlet - "ERROR" dispatch for GET "/error", parameters={}
[2022-07-05 09:24:46.984] [http-nio-8888-exec-3] [DEBUG] o.s.w.s.m.m.a.RequestMappingHandlerMapping - Mapped to public org.springframework.web.servlet.ModelAndView org.springframework.boot.autoconfigure.web.servlet.error.BasicErrorController.errorHtml(javax.servlet.http.HttpServletRequest,javax.servlet.http.HttpServletResponse)
[2022-07-05 09:24:46.985] [http-nio-8888-exec-3] [DEBUG] o.s.w.servlet.view.ContentNegotiatingViewResolver - Selected 'text/html' given [text/html, text/html;q=0.8]
[2022-07-05 09:24:46.985] [http-nio-8888-exec-3] [DEBUG] org.springframework.web.servlet.DispatcherServlet - Exiting from "ERROR" dispatch, status 404
[2022-07-05 09:24:52.785] [http-nio-8888-exec-7] [DEBUG] org.springframework.web.servlet.DispatcherServlet - GET "/", parameters={}
[2022-07-05 09:24:52.786] [http-nio-8888-exec-7] [DEBUG] o.s.web.servlet.handler.SimpleUrlHandlerMapping - Mapped to ResourceHttpRequestHandler ["classpath:/META-INF/resources/", "classpath:/resources/", "classpath:/static/", "classpath:/public/", "/"]
[2022-07-05 09:24:52.786] [http-nio-8888-exec-7] [DEBUG] o.s.w.servlet.resource.ResourceHttpRequestHandler - Resource not found
[2022-07-05 09:24:52.786] [http-nio-8888-exec-7] [DEBUG] org.springframework.web.servlet.DispatcherServlet - Completed 404 NOT_FOUND
[2022-07-05 09:24:52.787] [http-nio-8888-exec-7] [DEBUG] org.springframework.web.servlet.DispatcherServlet - "ERROR" dispatch for GET "/error", parameters={}
[2022-07-05 09:24:52.787] [http-nio-8888-exec-7] [DEBUG] o.s.w.s.m.m.a.RequestMappingHandlerMapping - Mapped to public org.springframework.web.servlet.ModelAndView org.springframework.boot.autoconfigure.web.servlet.error.BasicErrorController.errorHtml(javax.servlet.http.HttpServletRequest,javax.servlet.http.HttpServletResponse)
[2022-07-05 09:24:52.788] [http-nio-8888-exec-7] [DEBUG] o.s.w.servlet.view.ContentNegotiatingViewResolver - Selected 'text/html' given [text/html, text/html;q=0.8]
[2022-07-05 09:24:52.788] [http-nio-8888-exec-7] [DEBUG] org.springframework.web.servlet.DispatcherServlet - Exiting from "ERROR" dispatch, status 404
[2022-07-05 09:25:16.512] [http-nio-8888-exec-9] [DEBUG] org.springframework.web.servlet.DispatcherServlet - GET "/favicon.ico", parameters={}
[2022-07-05 09:25:16.513] [http-nio-8888-exec-9] [DEBUG] o.s.web.servlet.handler.SimpleUrlHandlerMapping - Mapped to ResourceHttpRequestHandler [class path resource [META-INF/resources/], class path resource [resources/], class path resource [static/], class path resource [public/], ServletContext resource [/], class path resource []]
[2022-07-05 09:25:16.527] [http-nio-8888-exec-9] [DEBUG] org.springframework.web.servlet.DispatcherServlet - Completed 200 OK
[2022-07-05 09:26:34.878] [http-nio-8888-exec-4] [DEBUG] org.springframework.web.servlet.DispatcherServlet - GET "/static/image/star.png", parameters={}
[2022-07-05 09:26:34.879] [http-nio-8888-exec-4] [DEBUG] o.s.web.servlet.handler.SimpleUrlHandlerMapping - Mapped to ResourceHttpRequestHandler ["classpath:/META-INF/resources/", "classpath:/resources/", "classpath:/static/", "classpath:/public/", "/"]
[2022-07-05 09:26:34.881] [http-nio-8888-exec-4] [DEBUG] o.s.w.servlet.resource.ResourceHttpRequestHandler - Resource not found
[2022-07-05 09:26:34.881] [http-nio-8888-exec-4] [DEBUG] org.springframework.web.servlet.DispatcherServlet - Completed 404 NOT_FOUND
[2022-07-05 09:26:34.881] [http-nio-8888-exec-4] [DEBUG] org.springframework.web.servlet.DispatcherServlet - "ERROR" dispatch for GET "/error", parameters={}
[2022-07-05 09:26:34.881] [http-nio-8888-exec-3] [DEBUG] org.springframework.web.servlet.DispatcherServlet - GET "/static/image/star.png", parameters={}
[2022-07-05 09:26:34.882] [http-nio-8888-exec-4] [DEBUG] o.s.w.s.m.m.a.RequestMappingHandlerMapping - Mapped to public org.springframework.web.servlet.ModelAndView org.springframework.boot.autoconfigure.web.servlet.error.BasicErrorController.errorHtml(javax.servlet.http.HttpServletRequest,javax.servlet.http.HttpServletResponse)
[2022-07-05 09:26:34.882] [http-nio-8888-exec-3] [DEBUG] o.s.web.servlet.handler.SimpleUrlHandlerMapping - Mapped to ResourceHttpRequestHandler ["classpath:/META-INF/resources/", "classpath:/resources/", "classpath:/static/", "classpath:/public/", "/"]
[2022-07-05 09:26:34.882] [http-nio-8888-exec-3] [DEBUG] o.s.w.servlet.resource.ResourceHttpRequestHandler - Resource not found
[2022-07-05 09:26:34.882] [http-nio-8888-exec-3] [DEBUG] org.springframework.web.servlet.DispatcherServlet - Completed 404 NOT_FOUND
[2022-07-05 09:26:34.883] [http-nio-8888-exec-3] [DEBUG] org.springframework.web.servlet.DispatcherServlet - "ERROR" dispatch for GET "/error", parameters={}
[2022-07-05 09:26:34.883] [http-nio-8888-exec-4] [DEBUG] o.s.w.servlet.view.ContentNegotiatingViewResolver - Selected 'text/html' given [text/html, text/html;q=0.8]
[2022-07-05 09:26:34.883] [http-nio-8888-exec-4] [DEBUG] org.springframework.web.servlet.DispatcherServlet - Exiting from "ERROR" dispatch, status 404
[2022-07-05 09:26:34.883] [http-nio-8888-exec-3] [DEBUG] o.s.w.s.m.m.a.RequestMappingHandlerMapping - Mapped to public org.springframework.web.servlet.ModelAndView org.springframework.boot.autoconfigure.web.servlet.error.BasicErrorController.errorHtml(javax.servlet.http.HttpServletRequest,javax.servlet.http.HttpServletResponse)
[2022-07-05 09:26:34.884] [http-nio-8888-exec-3] [DEBUG] o.s.w.servlet.view.ContentNegotiatingViewResolver - Selected 'text/html' given [text/html, text/html;q=0.8]
[2022-07-05 09:26:34.884] [http-nio-8888-exec-3] [DEBUG] org.springframework.web.servlet.DispatcherServlet - Exiting from "ERROR" dispatch, status 404
[2022-07-05 09:26:34.886] [http-nio-8888-exec-8] [DEBUG] org.springframework.web.servlet.DispatcherServlet - GET "/static/image/star.png", parameters={}
[2022-07-05 09:26:34.887] [http-nio-8888-exec-8] [DEBUG] o.s.web.servlet.handler.SimpleUrlHandlerMapping - Mapped to ResourceHttpRequestHandler ["classpath:/META-INF/resources/", "classpath:/resources/", "classpath:/static/", "classpath:/public/", "/"]
[2022-07-05 09:26:34.887] [http-nio-8888-exec-8] [DEBUG] o.s.w.servlet.resource.ResourceHttpRequestHandler - Resource not found
[2022-07-05 09:26:34.887] [http-nio-8888-exec-8] [DEBUG] org.springframework.web.servlet.DispatcherServlet - Completed 404 NOT_FOUND
[2022-07-05 09:26:34.888] [http-nio-8888-exec-8] [DEBUG] org.springframework.web.servlet.DispatcherServlet - "ERROR" dispatch for GET "/error", parameters={}
[2022-07-05 09:26:34.889] [http-nio-8888-exec-10] [DEBUG] org.springframework.web.servlet.DispatcherServlet - GET "/static/image/star.png", parameters={}
[2022-07-05 09:26:34.889] [http-nio-8888-exec-8] [DEBUG] o.s.w.s.m.m.a.RequestMappingHandlerMapping - Mapped to public org.springframework.web.servlet.ModelAndView org.springframework.boot.autoconfigure.web.servlet.error.BasicErrorController.errorHtml(javax.servlet.http.HttpServletRequest,javax.servlet.http.HttpServletResponse)
[2022-07-05 09:26:34.890] [http-nio-8888-exec-10] [DEBUG] o.s.web.servlet.handler.SimpleUrlHandlerMapping - Mapped to ResourceHttpRequestHandler ["classpath:/META-INF/resources/", "classpath:/resources/", "classpath:/static/", "classpath:/public/", "/"]
[2022-07-05 09:26:34.890] [http-nio-8888-exec-10] [DEBUG] o.s.w.servlet.resource.ResourceHttpRequestHandler - Resource not found
[2022-07-05 09:26:34.890] [http-nio-8888-exec-10] [DEBUG] org.springframework.web.servlet.DispatcherServlet - Completed 404 NOT_FOUND
[2022-07-05 09:26:34.891] [http-nio-8888-exec-8] [DEBUG] o.s.w.servlet.view.ContentNegotiatingViewResolver - Selected 'text/html' given [text/html, text/html;q=0.8]
[2022-07-05 09:26:34.891] [http-nio-8888-exec-8] [DEBUG] org.springframework.web.servlet.DispatcherServlet - Exiting from "ERROR" dispatch, status 404
[2022-07-05 09:26:34.891] [http-nio-8888-exec-10] [DEBUG] org.springframework.web.servlet.DispatcherServlet - "ERROR" dispatch for GET "/error", parameters={}
[2022-07-05 09:26:34.891] [http-nio-8888-exec-10] [DEBUG] o.s.w.s.m.m.a.RequestMappingHandlerMapping - Mapped to public org.springframework.web.servlet.ModelAndView org.springframework.boot.autoconfigure.web.servlet.error.BasicErrorController.errorHtml(javax.servlet.http.HttpServletRequest,javax.servlet.http.HttpServletResponse)
[2022-07-05 09:26:34.893] [http-nio-8888-exec-10] [DEBUG] o.s.w.servlet.view.ContentNegotiatingViewResolver - Selected 'text/html' given [text/html, text/html;q=0.8]
[2022-07-05 09:26:34.893] [http-nio-8888-exec-10] [DEBUG] org.springframework.web.servlet.DispatcherServlet - Exiting from "ERROR" dispatch, status 404
[2022-07-05 09:59:21.737] [http-nio-8888-exec-5] [DEBUG] org.springframework.web.servlet.DispatcherServlet - GET "/", parameters={}
[2022-07-05 09:59:21.738] [http-nio-8888-exec-5] [DEBUG] o.s.web.servlet.handler.SimpleUrlHandlerMapping - Mapped to ResourceHttpRequestHandler ["classpath:/META-INF/resources/", "classpath:/resources/", "classpath:/static/", "classpath:/public/", "/"]
[2022-07-05 09:59:21.738] [http-nio-8888-exec-5] [DEBUG] o.s.w.servlet.resource.ResourceHttpRequestHandler - Resource not found
[2022-07-05 09:59:21.738] [http-nio-8888-exec-5] [DEBUG] org.springframework.web.servlet.DispatcherServlet - Completed 404 NOT_FOUND
[2022-07-05 09:59:21.738] [http-nio-8888-exec-5] [DEBUG] org.springframework.web.servlet.DispatcherServlet - "ERROR" dispatch for GET "/error", parameters={}
[2022-07-05 09:59:21.739] [http-nio-8888-exec-5] [DEBUG] o.s.w.s.m.m.a.RequestMappingHandlerMapping - Mapped to public org.springframework.http.ResponseEntity<java.util.Map<java.lang.String, java.lang.Object>> org.springframework.boot.autoconfigure.web.servlet.error.BasicErrorController.error(javax.servlet.http.HttpServletRequest)
[2022-07-05 09:59:21.740] [http-nio-8888-exec-5] [DEBUG] o.s.w.s.m.m.annotation.HttpEntityMethodProcessor - Using 'application/json', given [*/*] and supported [application/json, application/*+json, application/json, application/*+json]
[2022-07-05 09:59:21.740] [http-nio-8888-exec-5] [DEBUG] o.s.w.s.m.m.annotation.HttpEntityMethodProcessor - Writing [{timestamp=Tue Jul 05 09:59:21 CST 2022, status=404, error=Not Found, message=No message available,  (truncated)...]
[2022-07-05 09:59:21.742] [http-nio-8888-exec-5] [DEBUG] org.springframework.web.servlet.DispatcherServlet - Exiting from "ERROR" dispatch, status 404
[2022-07-05 10:00:00.002] [timetask2] [INFO ] com.sunova.psinfo.conponment.SpringTaskJob - ******更新钉钉通讯录密钥定时任务开始执行******
[2022-07-05 10:00:00.004] [timetask1] [INFO ] com.sunova.psinfo.conponment.SpringTaskJob - ******更新微信通讯录密钥定时任务开始执行******
[2022-07-05 10:00:00.214] [timetask2] [DEBUG] c.s.psinfo.mapper.AuthorityMapper.updateAuthority - ==>  Preparing: REPLACE INTO appAuthority (application,accesskey) VALUES (?,?);
[2022-07-05 10:00:00.215] [timetask2] [DEBUG] c.s.psinfo.mapper.AuthorityMapper.updateAuthority - ==> Parameters: Contacts_dd(String), 9989bf910839304d8f7b8d53716da8c6(String)
[2022-07-05 10:00:00.218] [timetask2] [DEBUG] c.s.psinfo.mapper.AuthorityMapper.updateAuthority - <==    Updates: 1
[2022-07-05 10:00:00.224] [timetask2] [INFO ] com.sunova.psinfo.conponment.SpringTaskJob - ******更新钉钉通讯录密钥成功******
[2022-07-05 10:00:00.254] [timetask1] [DEBUG] c.s.psinfo.mapper.AuthorityMapper.updateAuthority - ==>  Preparing: REPLACE INTO appAuthority (application,accesskey) VALUES (?,?);
[2022-07-05 10:00:00.254] [timetask1] [DEBUG] c.s.psinfo.mapper.AuthorityMapper.updateAuthority - ==> Parameters: Contacts_wc(String), O5BgNUvhOiYY30pvgpbeuUDbk7c_X8Aj4c0pVLy-J6jMNjuTxqgKYp-DKIEtheelRCAD24-V_V3ZoqseF15srLwZotewxn0uEhYZhDVSuWsKtAlt5abizAsrrEHwMutzGsvS2THvw_nHggwDzy5Ii4vEgQiBNMxNiEgWt-BbcvVnFmGHKro9Mzc_L2ni3sWSEaDAGgIjp7xetroEVy5tww(String)
[2022-07-05 10:00:00.255] [timetask1] [DEBUG] c.s.psinfo.mapper.AuthorityMapper.updateAuthority - <==    Updates: 1
[2022-07-05 10:00:00.257] [timetask1] [INFO ] com.sunova.psinfo.conponment.SpringTaskJob - ******更新微信通讯录密钥成功******
[2022-07-05 10:00:00.424] [timetask2] [DEBUG] c.s.psinfo.mapper.AuthorityMapper.updateAuthority - ==>  Preparing: REPLACE INTO appAuthority (application,accesskey) VALUES (?,?);
[2022-07-05 10:00:00.425] [timetask2] [DEBUG] c.s.psinfo.mapper.AuthorityMapper.updateAuthority - ==> Parameters: Ad_dd(String), db3eb6f5bd183fb681a9d080bffcff1e(String)
[2022-07-05 10:00:00.428] [timetask2] [DEBUG] c.s.psinfo.mapper.AuthorityMapper.updateAuthority - <==    Updates: 1
[2022-07-05 10:00:00.433] [timetask2] [INFO ] com.sunova.psinfo.conponment.SpringTaskJob - ******更新钉钉域控密钥成功******
